<?xml version="1.0" encoding="UTF-8"?>
<testsuite name="PluginTest" tests="7" skipped="0" failures="5" errors="0" timestamp="2020-10-09T14:42:16" hostname="LAPTOP-ER8HPF1P" time="0.716">
  <properties/>
  <testcase name="run the greet task" classname="PluginTest" time="0.017"/>
  <testcase name="print an hello message" classname="PluginTest" time="0.033">
    <failure message="java.lang.AssertionError: &quot;&#13;&#10;&gt; Task :greet&#13;&#10;property(java.lang.String, fixed(class java.lang.String, Hello from)) Gradle&#13;&#10;&#10;Deprecated Gradle features were used in this build, making it incompatible with Gradle 7.0.&#10;Use '--warning-mode all' to show the individual deprecation warnings.&#10;See https://docs.gradle.org/6.5/userguide/command_line_interface.html#sec:command_line_warnings&#13;&#10;&#13;&#10;BUILD SUCCESSFUL in 3s&#13;&#10;1 actionable task: 1 executed&#13;&#10;&quot; should include substring &quot;Hello from Gradle&quot;" type="java.lang.AssertionError">java.lang.AssertionError: &quot;
&gt; Task :greet
property(java.lang.String, fixed(class java.lang.String, Hello from)) Gradle

Deprecated Gradle features were used in this build, making it incompatible with Gradle 7.0.
Use '--warning-mode all' to show the individual deprecation warnings.
See https://docs.gradle.org/6.5/userguide/command_line_interface.html#sec:command_line_warnings

BUILD SUCCESSFUL in 3s
1 actionable task: 1 executed
&quot; should include substring &quot;Hello from Gradle&quot;
	at PluginTest$1$4$1$2.invokeSuspend(TestPlugin.kt:54)
	at PluginTest$1$4$1$2.invoke(TestPlugin.kt)
	at io.kotest.core.internal.ExecutionsKt$executeWithBehaviours$2$1.invokeSuspend(executions.kt:13)
	at io.kotest.core.internal.ExecutionsKt$executeWithBehaviours$2$1.invoke(executions.kt)
	at io.kotest.core.internal.ExecutionsKt.wrapTestWithGlobalAssert(executions.kt:39)
	at io.kotest.core.internal.ExecutionsKt$executeWithBehaviours$2.invokeSuspend(executions.kt:12)
	at io.kotest.core.internal.ExecutionsKt$executeWithBehaviours$2.invoke(executions.kt)
	at io.kotest.core.internal.ExecutionsKt$wrapTestWithAssertionModeCheck$2.invokeSuspend(executions.kt:25)
	at io.kotest.core.internal.ExecutionsKt$wrapTestWithAssertionModeCheck$2.invoke(executions.kt)
	at io.kotest.core.internal.AssertionsCheckKt.executeWithAssertionsCheck(assertionsCheck.kt:25)
	at io.kotest.core.internal.ExecutionsKt.wrapTestWithAssertionModeCheck(executions.kt:24)
	at io.kotest.core.internal.ExecutionsKt.executeWithBehaviours(executions.kt:11)
	at io.kotest.core.internal.TestCaseExecutor$executeAndWait$2$1$1$3$1.invokeSuspend(TestCaseExecutor.kt:207)
	at io.kotest.core.internal.TestCaseExecutor$executeAndWait$2$1$1$3$1.invoke(TestCaseExecutor.kt)
	at kotlinx.coroutines.intrinsics.UndispatchedKt.startUndispatchedOrReturn(Undispatched.kt:91)
	at kotlinx.coroutines.CoroutineScopeKt.coroutineScope(CoroutineScope.kt:194)
	at io.kotest.core.internal.TestCaseExecutor$executeAndWait$2$1$1$3.invokeSuspend(TestCaseExecutor.kt:201)
	at io.kotest.core.internal.TestCaseExecutor$executeAndWait$2$1$1$3.invoke(TestCaseExecutor.kt)
	at io.kotest.mpp.ReplayKt.replay(replay.kt:18)
	at io.kotest.core.internal.TestCaseExecutor$executeAndWait$2$1$1.invokeSuspend(TestCaseExecutor.kt:196)
	at io.kotest.core.internal.TestCaseExecutor$executeAndWait$2$1$1.invoke(TestCaseExecutor.kt)
	at kotlinx.coroutines.intrinsics.UndispatchedKt.startUndispatchedOrReturnIgnoreTimeout(Undispatched.kt:102)
	at kotlinx.coroutines.TimeoutKt.setupTimeout(Timeout.kt:120)
	at kotlinx.coroutines.TimeoutKt.withTimeout(Timeout.kt:37)
	at io.kotest.core.internal.TestCaseExecutor$executeAndWait$2$1.invokeSuspend(TestCaseExecutor.kt:195)
	at io.kotest.core.internal.TestCaseExecutor$executeAndWait$2$1.invoke(TestCaseExecutor.kt)
	at io.kotest.engine.ExecutorExecutionContext$executeWithTimeoutInterruption$$inlined$suspendCoroutine$lambda$2.invokeSuspend(ExecutorExecutionContext.kt:46)
	at ???(Coroutine boundary.?(?)
	at io.kotest.core.internal.TestCaseExecutor$executeAndWait$2$1$1$3.invokeSuspend(TestCaseExecutor.kt:201)
	at io.kotest.mpp.ReplayKt.replay(replay.kt:18)
	at io.kotest.core.internal.TestCaseExecutor$executeAndWait$2$1$1.invokeSuspend(TestCaseExecutor.kt:200)
	at io.kotest.core.internal.TestCaseExecutor$executeAndWait$2$1.invokeSuspend(TestCaseExecutor.kt:195)
	at io.kotest.core.internal.TestCaseExecutor.executeAndWait(TestCaseExecutor.kt:192)
	at io.kotest.core.internal.TestCaseExecutor.invokeTestCase(TestCaseExecutor.kt:161)
	at io.kotest.core.internal.TestCaseExecutor.executeActiveTest(TestCaseExecutor.kt:130)
	at io.kotest.core.internal.TestCaseExecutor$intercept$2.invokeSuspend(TestCaseExecutor.kt:80)
	at io.kotest.core.internal.TestCaseExecutor.executeIfActive(TestCaseExecutor.kt:94)
	at io.kotest.core.internal.TestCaseExecutor.intercept(TestCaseExecutor.kt:80)
	at io.kotest.core.internal.TestCaseExecutor.execute(TestCaseExecutor.kt:61)
	at io.kotest.engine.runners.SingleInstanceSpecRunner.runTest(SingleInstanceSpecRunner.kt:73)
	at PluginTest$1$4$1.invokeSuspend(TestPlugin.kt:53)
	at io.kotest.core.spec.style.scopes.FreeScope$minus$2.invokeSuspend(FreeScope.kt:26)
	at io.kotest.core.internal.ExecutionsKt$executeWithBehaviours$2$1.invokeSuspend(executions.kt:13)
	at io.kotest.core.internal.ExecutionsKt.wrapTestWithGlobalAssert(executions.kt:39)
	at io.kotest.core.internal.ExecutionsKt$executeWithBehaviours$2.invokeSuspend(executions.kt:12)
	at io.kotest.core.internal.ExecutionsKt.wrapTestWithAssertionModeCheck(executions.kt:23)
	at io.kotest.core.internal.TestCaseExecutor$executeAndWait$2$1$1$3$1.invokeSuspend(TestCaseExecutor.kt:207)
Caused by: java.lang.AssertionError: &quot;
&gt; Task :greet
property(java.lang.String, fixed(class java.lang.String, Hello from)) Gradle

Deprecated Gradle features were used in this build, making it incompatible with Gradle 7.0.
Use '--warning-mode all' to show the individual deprecation warnings.
See https://docs.gradle.org/6.5/userguide/command_line_interface.html#sec:command_line_warnings

BUILD SUCCESSFUL in 3s
1 actionable task: 1 executed
&quot; should include substring &quot;Hello from Gradle&quot;
	at PluginTest$1$4$1$2.invokeSuspend(TestPlugin.kt:54)
	at PluginTest$1$4$1$2.invoke(TestPlugin.kt)
	at io.kotest.core.internal.ExecutionsKt$executeWithBehaviours$2$1.invokeSuspend(executions.kt:13)
	at io.kotest.core.internal.ExecutionsKt$executeWithBehaviours$2$1.invoke(executions.kt)
	at io.kotest.core.internal.ExecutionsKt.wrapTestWithGlobalAssert(executions.kt:39)
	at io.kotest.core.internal.ExecutionsKt$executeWithBehaviours$2.invokeSuspend(executions.kt:12)
	at io.kotest.core.internal.ExecutionsKt$executeWithBehaviours$2.invoke(executions.kt)
	at io.kotest.core.internal.ExecutionsKt$wrapTestWithAssertionModeCheck$2.invokeSuspend(executions.kt:25)
	at io.kotest.core.internal.ExecutionsKt$wrapTestWithAssertionModeCheck$2.invoke(executions.kt)
	at io.kotest.core.internal.AssertionsCheckKt.executeWithAssertionsCheck(assertionsCheck.kt:25)
	at io.kotest.core.internal.ExecutionsKt.wrapTestWithAssertionModeCheck(executions.kt:24)
	at io.kotest.core.internal.ExecutionsKt.executeWithBehaviours(executions.kt:11)
	at io.kotest.core.internal.TestCaseExecutor$executeAndWait$2$1$1$3$1.invokeSuspend(TestCaseExecutor.kt:207)
	at io.kotest.core.internal.TestCaseExecutor$executeAndWait$2$1$1$3$1.invoke(TestCaseExecutor.kt)
	at kotlinx.coroutines.intrinsics.UndispatchedKt.startUndispatchedOrReturn(Undispatched.kt:91)
	at kotlinx.coroutines.CoroutineScopeKt.coroutineScope(CoroutineScope.kt:194)
	at io.kotest.core.internal.TestCaseExecutor$executeAndWait$2$1$1$3.invokeSuspend(TestCaseExecutor.kt:201)
	at io.kotest.core.internal.TestCaseExecutor$executeAndWait$2$1$1$3.invoke(TestCaseExecutor.kt)
	at io.kotest.mpp.ReplayKt.replay(replay.kt:18)
	at io.kotest.core.internal.TestCaseExecutor$executeAndWait$2$1$1.invokeSuspend(TestCaseExecutor.kt:196)
	at io.kotest.core.internal.TestCaseExecutor$executeAndWait$2$1$1.invoke(TestCaseExecutor.kt)
	at kotlinx.coroutines.intrinsics.UndispatchedKt.startUndispatchedOrReturnIgnoreTimeout(Undispatched.kt:102)
	at kotlinx.coroutines.TimeoutKt.setupTimeout(Timeout.kt:120)
	at kotlinx.coroutines.TimeoutKt.withTimeout(Timeout.kt:37)
	at io.kotest.core.internal.TestCaseExecutor$executeAndWait$2$1.invokeSuspend(TestCaseExecutor.kt:195)
	at io.kotest.core.internal.TestCaseExecutor$executeAndWait$2$1.invoke(TestCaseExecutor.kt)
	at io.kotest.engine.ExecutorExecutionContext$executeWithTimeoutInterruption$$inlined$suspendCoroutine$lambda$2.invokeSuspend(ExecutorExecutionContext.kt:46)
	at kotlin.coroutines.jvm.internal.BaseContinuationImpl.resumeWith(ContinuationImpl.kt:33)
	at kotlinx.coroutines.DispatchedTask.run(DispatchedTask.kt:56)
	at kotlinx.coroutines.EventLoopImplBase.processNextEvent(EventLoop.common.kt:274)
	at kotlinx.coroutines.BlockingCoroutine.joinBlocking(Builders.kt:84)
	at kotlinx.coroutines.BuildersKt__BuildersKt.runBlocking(Builders.kt:59)
	at kotlinx.coroutines.BuildersKt.runBlocking(Unknown Source)
	at kotlinx.coroutines.BuildersKt__BuildersKt.runBlocking$default(Builders.kt:38)
	at kotlinx.coroutines.BuildersKt.runBlocking$default(Unknown Source)
	at io.kotest.engine.ExecutorExecutionContext.executeWithTimeoutInterruption(ExecutorExecutionContext.kt:45)
	at io.kotest.core.internal.TestCaseExecutor$executeAndWait$2.invokeSuspend(TestCaseExecutor.kt:194)
	at io.kotest.core.internal.TestCaseExecutor$executeAndWait$2.invoke(TestCaseExecutor.kt)
	at kotlinx.coroutines.intrinsics.UndispatchedKt.startUndispatchedOrReturnIgnoreTimeout(Undispatched.kt:102)
	at kotlinx.coroutines.TimeoutKt.setupTimeout(Timeout.kt:120)
	at kotlinx.coroutines.TimeoutKt.withTimeout(Timeout.kt:37)
	at io.kotest.core.internal.TestCaseExecutor.executeAndWait(TestCaseExecutor.kt:192)
	at io.kotest.core.internal.TestCaseExecutor.invokeTestCase(TestCaseExecutor.kt:161)
	at io.kotest.core.internal.TestCaseExecutor.executeActiveTest(TestCaseExecutor.kt:130)
	at io.kotest.core.internal.TestCaseExecutor$intercept$2.invokeSuspend(TestCaseExecutor.kt:80)
	at io.kotest.core.internal.TestCaseExecutor$intercept$2.invoke(TestCaseExecutor.kt)
	at io.kotest.core.internal.TestCaseExecutor.executeIfActive(TestCaseExecutor.kt:94)
	at io.kotest.core.internal.TestCaseExecutor.intercept(TestCaseExecutor.kt:80)
	at io.kotest.core.internal.TestCaseExecutor.execute(TestCaseExecutor.kt:61)
	at io.kotest.engine.runners.SingleInstanceSpecRunner.runTest(SingleInstanceSpecRunner.kt:73)
	at io.kotest.engine.runners.SingleInstanceSpecRunner$Context.registerTestCase(SingleInstanceSpecRunner.kt:51)
	at io.kotest.core.internal.TestCaseExecutor$executeAndWait$2$1$1$3$1$contextp$1.registerTestCase(TestCaseExecutor.kt:204)
	at io.kotest.core.test.TestContext$DefaultImpls.registerTestCase(TestContext.kt:39)
	at io.kotest.core.internal.TestCaseExecutor$executeAndWait$2$1$1$3$1$contextp$1.registerTestCase(TestCaseExecutor.kt:202)
	at io.kotest.core.spec.style.scopes.ContainerScope$DefaultImpls.addTest(ContainerScope.kt:64)
	at io.kotest.core.spec.style.scopes.FreeScope.addTest(FreeScope.kt:15)
	at io.kotest.core.spec.style.scopes.ContainerScope$DefaultImpls.addTest(ContainerScope.kt:50)
	at io.kotest.core.spec.style.scopes.FreeScope.addTest(FreeScope.kt:15)
	at io.kotest.core.spec.style.scopes.FreeScope.invoke(FreeScope.kt:37)
	at PluginTest$1$4$1.invokeSuspend(TestPlugin.kt:53)
	at PluginTest$1$4$1.invoke(TestPlugin.kt)
	at io.kotest.core.spec.style.scopes.FreeScope$minus$2.invokeSuspend(FreeScope.kt:26)
	at io.kotest.core.spec.style.scopes.FreeScope$minus$2.invoke(FreeScope.kt)
	at io.kotest.core.internal.ExecutionsKt$executeWithBehaviours$2$1.invokeSuspend(executions.kt:13)
	at io.kotest.core.internal.ExecutionsKt$executeWithBehaviours$2$1.invoke(executions.kt)
	at io.kotest.core.internal.ExecutionsKt.wrapTestWithGlobalAssert(executions.kt:39)
	at io.kotest.core.internal.ExecutionsKt$executeWithBehaviours$2.invokeSuspend(executions.kt:12)
	at io.kotest.core.internal.ExecutionsKt$executeWithBehaviours$2.invoke(executions.kt)
	at io.kotest.core.internal.ExecutionsKt.wrapTestWithAssertionModeCheck(executions.kt:23)
	at io.kotest.core.internal.ExecutionsKt.executeWithBehaviours(executions.kt:11)
	at io.kotest.core.internal.TestCaseExecutor$executeAndWait$2$1$1$3$1.invokeSuspend(TestCaseExecutor.kt:207)
	at io.kotest.core.internal.TestCaseExecutor$executeAndWait$2$1$1$3$1.invoke(TestCaseExecutor.kt)
	at kotlinx.coroutines.intrinsics.UndispatchedKt.startUndispatchedOrReturn(Undispatched.kt:91)
	at kotlinx.coroutines.CoroutineScopeKt.coroutineScope(CoroutineScope.kt:194)
	at io.kotest.core.internal.TestCaseExecutor$executeAndWait$2$1$1$3.invokeSuspend(TestCaseExecutor.kt:201)
	at io.kotest.core.internal.TestCaseExecutor$executeAndWait$2$1$1$3.invoke(TestCaseExecutor.kt)
	at io.kotest.mpp.ReplayKt.replay(replay.kt:18)
	at io.kotest.core.internal.TestCaseExecutor$executeAndWait$2$1$1.invokeSuspend(TestCaseExecutor.kt:196)
	at io.kotest.core.internal.TestCaseExecutor$executeAndWait$2$1$1.invoke(TestCaseExecutor.kt)
	at kotlinx.coroutines.intrinsics.UndispatchedKt.startUndispatchedOrReturnIgnoreTimeout(Undispatched.kt:102)
	at kotlinx.coroutines.TimeoutKt.setupTimeout(Timeout.kt:120)
	at kotlinx.coroutines.TimeoutKt.withTimeout(Timeout.kt:37)
	at io.kotest.core.internal.TestCaseExecutor$executeAndWait$2$1.invokeSuspend(TestCaseExecutor.kt:195)
	at io.kotest.core.internal.TestCaseExecutor$executeAndWait$2$1.invoke(TestCaseExecutor.kt)
	at io.kotest.engine.ExecutorExecutionContext$executeWithTimeoutInterruption$$inlined$suspendCoroutine$lambda$2.invokeSuspend(ExecutorExecutionContext.kt:46)
	at kotlin.coroutines.jvm.internal.BaseContinuationImpl.resumeWith(ContinuationImpl.kt:33)
	at kotlinx.coroutines.DispatchedTask.run(DispatchedTask.kt:56)
	at kotlinx.coroutines.EventLoopImplBase.processNextEvent(EventLoop.common.kt:274)
	at kotlinx.coroutines.BlockingCoroutine.joinBlocking(Builders.kt:84)
	at kotlinx.coroutines.BuildersKt__BuildersKt.runBlocking(Builders.kt:59)
	at kotlinx.coroutines.BuildersKt.runBlocking(Unknown Source)
	at kotlinx.coroutines.BuildersKt__BuildersKt.runBlocking$default(Builders.kt:38)
	at kotlinx.coroutines.BuildersKt.runBlocking$default(Unknown Source)
	at io.kotest.engine.ExecutorExecutionContext.executeWithTimeoutInterruption(ExecutorExecutionContext.kt:45)
	at io.kotest.core.internal.TestCaseExecutor$executeAndWait$2.invokeSuspend(TestCaseExecutor.kt:194)
	at io.kotest.core.internal.TestCaseExecutor$executeAndWait$2.invoke(TestCaseExecutor.kt)
	at kotlinx.coroutines.intrinsics.UndispatchedKt.startUndispatchedOrReturnIgnoreTimeout(Undispatched.kt:102)
	at kotlinx.coroutines.TimeoutKt.setupTimeout(Timeout.kt:120)
	at kotlinx.coroutines.TimeoutKt.withTimeout(Timeout.kt:37)
	at io.kotest.core.internal.TestCaseExecutor.executeAndWait(TestCaseExecutor.kt:192)
	at io.kotest.core.internal.TestCaseExecutor.invokeTestCase(TestCaseExecutor.kt:161)
	at io.kotest.core.internal.TestCaseExecutor.executeActiveTest(TestCaseExecutor.kt:130)
	at io.kotest.core.internal.TestCaseExecutor$intercept$2.invokeSuspend(TestCaseExecutor.kt:80)
	at io.kotest.core.internal.TestCaseExecutor$intercept$2.invoke(TestCaseExecutor.kt)
	at io.kotest.core.internal.TestCaseExecutor.executeIfActive(TestCaseExecutor.kt:94)
	at io.kotest.core.internal.TestCaseExecutor.intercept(TestCaseExecutor.kt:80)
	at io.kotest.core.internal.TestCaseExecutor.execute(TestCaseExecutor.kt:61)
	at io.kotest.engine.runners.SingleInstanceSpecRunner.runTest(SingleInstanceSpecRunner.kt:73)
	at io.kotest.engine.runners.SingleInstanceSpecRunner$Context.registerTestCase(SingleInstanceSpecRunner.kt:51)
	at io.kotest.core.internal.TestCaseExecutor$executeAndWait$2$1$1$3$1$contextp$1.registerTestCase(TestCaseExecutor.kt:204)
	at io.kotest.core.test.TestContext$DefaultImpls.registerTestCase(TestContext.kt:39)
	at io.kotest.core.internal.TestCaseExecutor$executeAndWait$2$1$1$3$1$contextp$1.registerTestCase(TestCaseExecutor.kt:202)
	at io.kotest.core.spec.style.scopes.ContainerScope$DefaultImpls.addTest(ContainerScope.kt:64)
	at io.kotest.core.spec.style.scopes.FreeScope.addTest(FreeScope.kt:15)
	at io.kotest.core.spec.style.scopes.ContainerScope$DefaultImpls.addContainerTest(ContainerScope.kt:43)
	at io.kotest.core.spec.style.scopes.FreeScope.addContainerTest(FreeScope.kt:15)
	at io.kotest.core.spec.style.scopes.FreeScope.minus(FreeScope.kt:25)
	at PluginTest$1$4.invokeSuspend(TestPlugin.kt:42)
	at PluginTest$1$4.invoke(TestPlugin.kt)
	at io.kotest.core.spec.style.scopes.FreeSpecRootScope$minus$1.invokeSuspend(FreeSpecRootScope.kt:19)
	at io.kotest.core.spec.style.scopes.FreeSpecRootScope$minus$1.invoke(FreeSpecRootScope.kt)
	at io.kotest.core.internal.ExecutionsKt$executeWithBehaviours$2$1.invokeSuspend(executions.kt:13)
	at io.kotest.core.internal.ExecutionsKt$executeWithBehaviours$2$1.invoke(executions.kt)
	at io.kotest.core.internal.ExecutionsKt.wrapTestWithGlobalAssert(executions.kt:39)
	at io.kotest.core.internal.ExecutionsKt$executeWithBehaviours$2.invokeSuspend(executions.kt:12)
	at io.kotest.core.internal.ExecutionsKt$executeWithBehaviours$2.invoke(executions.kt)
	at io.kotest.core.internal.ExecutionsKt.wrapTestWithAssertionModeCheck(executions.kt:23)
	at io.kotest.core.internal.ExecutionsKt.executeWithBehaviours(executions.kt:11)
	at io.kotest.core.internal.TestCaseExecutor$executeAndWait$2$1$1$3$1.invokeSuspend(TestCaseExecutor.kt:207)
	at io.kotest.core.internal.TestCaseExecutor$executeAndWait$2$1$1$3$1.invoke(TestCaseExecutor.kt)
	at kotlinx.coroutines.intrinsics.UndispatchedKt.startUndispatchedOrReturn(Undispatched.kt:91)
	at kotlinx.coroutines.CoroutineScopeKt.coroutineScope(CoroutineScope.kt:194)
	at io.kotest.core.internal.TestCaseExecutor$executeAndWait$2$1$1$3.invokeSuspend(TestCaseExecutor.kt:201)
	at io.kotest.core.internal.TestCaseExecutor$executeAndWait$2$1$1$3.invoke(TestCaseExecutor.kt)
	at io.kotest.mpp.ReplayKt.replay(replay.kt:18)
	at io.kotest.core.internal.TestCaseExecutor$executeAndWait$2$1$1.invokeSuspend(TestCaseExecutor.kt:196)
	at io.kotest.core.internal.TestCaseExecutor$executeAndWait$2$1$1.invoke(TestCaseExecutor.kt)
	at kotlinx.coroutines.intrinsics.UndispatchedKt.startUndispatchedOrReturnIgnoreTimeout(Undispatched.kt:102)
	at kotlinx.coroutines.TimeoutKt.setupTimeout(Timeout.kt:120)
	at kotlinx.coroutines.TimeoutKt.withTimeout(Timeout.kt:37)
	at io.kotest.core.internal.TestCaseExecutor$executeAndWait$2$1.invokeSuspend(TestCaseExecutor.kt:195)
	at io.kotest.core.internal.TestCaseExecutor$executeAndWait$2$1.invoke(TestCaseExecutor.kt)
	at io.kotest.engine.ExecutorExecutionContext$executeWithTimeoutInterruption$$inlined$suspendCoroutine$lambda$2.invokeSuspend(ExecutorExecutionContext.kt:46)
	at kotlin.coroutines.jvm.internal.BaseContinuationImpl.resumeWith(ContinuationImpl.kt:33)
	at kotlinx.coroutines.DispatchedTask.run(DispatchedTask.kt:56)
	at kotlinx.coroutines.EventLoopImplBase.processNextEvent(EventLoop.common.kt:274)
	at kotlinx.coroutines.BlockingCoroutine.joinBlocking(Builders.kt:84)
	at kotlinx.coroutines.BuildersKt__BuildersKt.runBlocking(Builders.kt:59)
	at kotlinx.coroutines.BuildersKt.runBlocking(Unknown Source)
	at kotlinx.coroutines.BuildersKt__BuildersKt.runBlocking$default(Builders.kt:38)
	at kotlinx.coroutines.BuildersKt.runBlocking$default(Unknown Source)
	at io.kotest.engine.ExecutorExecutionContext.executeWithTimeoutInterruption(ExecutorExecutionContext.kt:45)
	at io.kotest.core.internal.TestCaseExecutor$executeAndWait$2.invokeSuspend(TestCaseExecutor.kt:194)
	at io.kotest.core.internal.TestCaseExecutor$executeAndWait$2.invoke(TestCaseExecutor.kt)
	at kotlinx.coroutines.intrinsics.UndispatchedKt.startUndispatchedOrReturnIgnoreTimeout(Undispatched.kt:102)
	at kotlinx.coroutines.TimeoutKt.setupTimeout(Timeout.kt:120)
	at kotlinx.coroutines.TimeoutKt.withTimeout(Timeout.kt:37)
	at io.kotest.core.internal.TestCaseExecutor.executeAndWait(TestCaseExecutor.kt:192)
	at io.kotest.core.internal.TestCaseExecutor.invokeTestCase(TestCaseExecutor.kt:161)
	at io.kotest.core.internal.TestCaseExecutor.executeActiveTest(TestCaseExecutor.kt:130)
	at io.kotest.core.internal.TestCaseExecutor$intercept$2.invokeSuspend(TestCaseExecutor.kt:80)
	at io.kotest.core.internal.TestCaseExecutor$intercept$2.invoke(TestCaseExecutor.kt)
	at io.kotest.core.internal.TestCaseExecutor.executeIfActive(TestCaseExecutor.kt:94)
	at io.kotest.core.internal.TestCaseExecutor.intercept(TestCaseExecutor.kt:80)
	at io.kotest.core.internal.TestCaseExecutor.execute(TestCaseExecutor.kt:61)
	at io.kotest.engine.runners.SingleInstanceSpecRunner.runTest(SingleInstanceSpecRunner.kt:73)
	at io.kotest.engine.runners.SingleInstanceSpecRunner$execute$2$invokeSuspend$$inlined$invoke$lambda$1.invokeSuspend(SingleInstanceSpecRunner.kt:83)
	at io.kotest.engine.runners.SingleInstanceSpecRunner$execute$2$invokeSuspend$$inlined$invoke$lambda$1.invoke(SingleInstanceSpecRunner.kt)
	at io.kotest.engine.spec.SpecRunner$runParallel$$inlined$map$lambda$2$1.invokeSuspend(SpecRunner.kt:80)
	at kotlin.coroutines.jvm.internal.BaseContinuationImpl.resumeWith(ContinuationImpl.kt:33)
	at kotlinx.coroutines.DispatchedTask.run(DispatchedTask.kt:56)
	at kotlinx.coroutines.EventLoopImplBase.processNextEvent(EventLoop.common.kt:274)
	at kotlinx.coroutines.BlockingCoroutine.joinBlocking(Builders.kt:84)
	at kotlinx.coroutines.BuildersKt__BuildersKt.runBlocking(Builders.kt:59)
	at kotlinx.coroutines.BuildersKt.runBlocking(Unknown Source)
	at kotlinx.coroutines.BuildersKt__BuildersKt.runBlocking$default(Builders.kt:38)
	at kotlinx.coroutines.BuildersKt.runBlocking$default(Unknown Source)
	at io.kotest.engine.spec.SpecRunner$runParallel$$inlined$map$lambda$2.run(SpecRunner.kt:79)
	at java.base/java.util.concurrent.Executors$RunnableAdapter.call(Executors.java:515)
	at java.base/java.util.concurrent.FutureTask.run(FutureTask.java:264)
	at java.base/java.util.concurrent.ThreadPoolExecutor.runWorker(ThreadPoolExecutor.java:1128)
	at java.base/java.util.concurrent.ThreadPoolExecutor$Worker.run(ThreadPoolExecutor.java:628)
	at java.base/java.lang.Thread.run(Thread.java:830)
</failure>
  </testcase>
  <testcase name="default configuration should" classname="PluginTest" time="4.733"/>
  <testcase name="run the greet task" classname="PluginTest" time="0.002"/>
  <testcase name="print an hello message" classname="PluginTest" time="0.002">
    <failure message="java.lang.AssertionError: &quot;&#13;&#10;&gt; Task :greet&#13;&#10;property(java.lang.String, fixed(class java.lang.String, Ciao da)) Gradle&#13;&#10;&#10;Deprecated Gradle features were used in this build, making it incompatible with Gradle 7.0.&#10;Use '--warning-mode all' to show the individual deprecation warnings.&#10;See https://docs.gradle.org/6.5/userguide/command_line_interface.html#sec:command_line_warnings&#13;&#10;&#13;&#10;BUILD SUCCESSFUL in 592ms&#13;&#10;1 actionable task: 1 executed&#13;&#10;&quot; should include substring &quot;Ciao da Gradle&quot;" type="java.lang.AssertionError">java.lang.AssertionError: &quot;
&gt; Task :greet
property(java.lang.String, fixed(class java.lang.String, Ciao da)) Gradle

Deprecated Gradle features were used in this build, making it incompatible with Gradle 7.0.
Use '--warning-mode all' to show the individual deprecation warnings.
See https://docs.gradle.org/6.5/userguide/command_line_interface.html#sec:command_line_warnings

BUILD SUCCESSFUL in 592ms
1 actionable task: 1 executed
&quot; should include substring &quot;Ciao da Gradle&quot;
	at PluginTest$1$4$2$2.invokeSuspend(TestPlugin.kt:72)
	at PluginTest$1$4$2$2.invoke(TestPlugin.kt)
	at io.kotest.core.internal.ExecutionsKt$executeWithBehaviours$2$1.invokeSuspend(executions.kt:13)
	at io.kotest.core.internal.ExecutionsKt$executeWithBehaviours$2$1.invoke(executions.kt)
	at io.kotest.core.internal.ExecutionsKt.wrapTestWithGlobalAssert(executions.kt:39)
	at io.kotest.core.internal.ExecutionsKt$executeWithBehaviours$2.invokeSuspend(executions.kt:12)
	at io.kotest.core.internal.ExecutionsKt$executeWithBehaviours$2.invoke(executions.kt)
	at io.kotest.core.internal.ExecutionsKt$wrapTestWithAssertionModeCheck$2.invokeSuspend(executions.kt:25)
	at io.kotest.core.internal.ExecutionsKt$wrapTestWithAssertionModeCheck$2.invoke(executions.kt)
	at io.kotest.core.internal.AssertionsCheckKt.executeWithAssertionsCheck(assertionsCheck.kt:25)
	at io.kotest.core.internal.ExecutionsKt.wrapTestWithAssertionModeCheck(executions.kt:24)
	at io.kotest.core.internal.ExecutionsKt.executeWithBehaviours(executions.kt:11)
	at io.kotest.core.internal.TestCaseExecutor$executeAndWait$2$1$1$3$1.invokeSuspend(TestCaseExecutor.kt:207)
	at io.kotest.core.internal.TestCaseExecutor$executeAndWait$2$1$1$3$1.invoke(TestCaseExecutor.kt)
	at kotlinx.coroutines.intrinsics.UndispatchedKt.startUndispatchedOrReturn(Undispatched.kt:91)
	at kotlinx.coroutines.CoroutineScopeKt.coroutineScope(CoroutineScope.kt:194)
	at io.kotest.core.internal.TestCaseExecutor$executeAndWait$2$1$1$3.invokeSuspend(TestCaseExecutor.kt:201)
	at io.kotest.core.internal.TestCaseExecutor$executeAndWait$2$1$1$3.invoke(TestCaseExecutor.kt)
	at io.kotest.mpp.ReplayKt.replay(replay.kt:18)
	at io.kotest.core.internal.TestCaseExecutor$executeAndWait$2$1$1.invokeSuspend(TestCaseExecutor.kt:196)
	at io.kotest.core.internal.TestCaseExecutor$executeAndWait$2$1$1.invoke(TestCaseExecutor.kt)
	at kotlinx.coroutines.intrinsics.UndispatchedKt.startUndispatchedOrReturnIgnoreTimeout(Undispatched.kt:102)
	at kotlinx.coroutines.TimeoutKt.setupTimeout(Timeout.kt:120)
	at kotlinx.coroutines.TimeoutKt.withTimeout(Timeout.kt:37)
	at io.kotest.core.internal.TestCaseExecutor$executeAndWait$2$1.invokeSuspend(TestCaseExecutor.kt:195)
	at io.kotest.core.internal.TestCaseExecutor$executeAndWait$2$1.invoke(TestCaseExecutor.kt)
	at io.kotest.engine.ExecutorExecutionContext$executeWithTimeoutInterruption$$inlined$suspendCoroutine$lambda$2.invokeSuspend(ExecutorExecutionContext.kt:46)
	at ???(Coroutine boundary.?(?)
	at io.kotest.core.internal.TestCaseExecutor$executeAndWait$2$1$1$3.invokeSuspend(TestCaseExecutor.kt:201)
	at io.kotest.mpp.ReplayKt.replay(replay.kt:18)
	at io.kotest.core.internal.TestCaseExecutor$executeAndWait$2$1$1.invokeSuspend(TestCaseExecutor.kt:200)
	at io.kotest.core.internal.TestCaseExecutor$executeAndWait$2$1.invokeSuspend(TestCaseExecutor.kt:195)
	at io.kotest.core.internal.TestCaseExecutor.executeAndWait(TestCaseExecutor.kt:192)
	at io.kotest.core.internal.TestCaseExecutor.invokeTestCase(TestCaseExecutor.kt:161)
	at io.kotest.core.internal.TestCaseExecutor.executeActiveTest(TestCaseExecutor.kt:130)
	at io.kotest.core.internal.TestCaseExecutor$intercept$2.invokeSuspend(TestCaseExecutor.kt:80)
	at io.kotest.core.internal.TestCaseExecutor.executeIfActive(TestCaseExecutor.kt:94)
	at io.kotest.core.internal.TestCaseExecutor.intercept(TestCaseExecutor.kt:80)
	at io.kotest.core.internal.TestCaseExecutor.execute(TestCaseExecutor.kt:61)
	at io.kotest.engine.runners.SingleInstanceSpecRunner.runTest(SingleInstanceSpecRunner.kt:73)
	at PluginTest$1$4$2.invokeSuspend(TestPlugin.kt:71)
	at io.kotest.core.spec.style.scopes.FreeScope$minus$2.invokeSuspend(FreeScope.kt:26)
	at io.kotest.core.internal.ExecutionsKt$executeWithBehaviours$2$1.invokeSuspend(executions.kt:13)
	at io.kotest.core.internal.ExecutionsKt.wrapTestWithGlobalAssert(executions.kt:39)
	at io.kotest.core.internal.ExecutionsKt$executeWithBehaviours$2.invokeSuspend(executions.kt:12)
	at io.kotest.core.internal.ExecutionsKt.wrapTestWithAssertionModeCheck(executions.kt:23)
	at io.kotest.core.internal.TestCaseExecutor$executeAndWait$2$1$1$3$1.invokeSuspend(TestCaseExecutor.kt:207)
Caused by: java.lang.AssertionError: &quot;
&gt; Task :greet
property(java.lang.String, fixed(class java.lang.String, Ciao da)) Gradle

Deprecated Gradle features were used in this build, making it incompatible with Gradle 7.0.
Use '--warning-mode all' to show the individual deprecation warnings.
See https://docs.gradle.org/6.5/userguide/command_line_interface.html#sec:command_line_warnings

BUILD SUCCESSFUL in 592ms
1 actionable task: 1 executed
&quot; should include substring &quot;Ciao da Gradle&quot;
	at PluginTest$1$4$2$2.invokeSuspend(TestPlugin.kt:72)
	at PluginTest$1$4$2$2.invoke(TestPlugin.kt)
	at io.kotest.core.internal.ExecutionsKt$executeWithBehaviours$2$1.invokeSuspend(executions.kt:13)
	at io.kotest.core.internal.ExecutionsKt$executeWithBehaviours$2$1.invoke(executions.kt)
	at io.kotest.core.internal.ExecutionsKt.wrapTestWithGlobalAssert(executions.kt:39)
	at io.kotest.core.internal.ExecutionsKt$executeWithBehaviours$2.invokeSuspend(executions.kt:12)
	at io.kotest.core.internal.ExecutionsKt$executeWithBehaviours$2.invoke(executions.kt)
	at io.kotest.core.internal.ExecutionsKt$wrapTestWithAssertionModeCheck$2.invokeSuspend(executions.kt:25)
	at io.kotest.core.internal.ExecutionsKt$wrapTestWithAssertionModeCheck$2.invoke(executions.kt)
	at io.kotest.core.internal.AssertionsCheckKt.executeWithAssertionsCheck(assertionsCheck.kt:25)
	at io.kotest.core.internal.ExecutionsKt.wrapTestWithAssertionModeCheck(executions.kt:24)
	at io.kotest.core.internal.ExecutionsKt.executeWithBehaviours(executions.kt:11)
	at io.kotest.core.internal.TestCaseExecutor$executeAndWait$2$1$1$3$1.invokeSuspend(TestCaseExecutor.kt:207)
	at io.kotest.core.internal.TestCaseExecutor$executeAndWait$2$1$1$3$1.invoke(TestCaseExecutor.kt)
	at kotlinx.coroutines.intrinsics.UndispatchedKt.startUndispatchedOrReturn(Undispatched.kt:91)
	at kotlinx.coroutines.CoroutineScopeKt.coroutineScope(CoroutineScope.kt:194)
	at io.kotest.core.internal.TestCaseExecutor$executeAndWait$2$1$1$3.invokeSuspend(TestCaseExecutor.kt:201)
	at io.kotest.core.internal.TestCaseExecutor$executeAndWait$2$1$1$3.invoke(TestCaseExecutor.kt)
	at io.kotest.mpp.ReplayKt.replay(replay.kt:18)
	at io.kotest.core.internal.TestCaseExecutor$executeAndWait$2$1$1.invokeSuspend(TestCaseExecutor.kt:196)
	at io.kotest.core.internal.TestCaseExecutor$executeAndWait$2$1$1.invoke(TestCaseExecutor.kt)
	at kotlinx.coroutines.intrinsics.UndispatchedKt.startUndispatchedOrReturnIgnoreTimeout(Undispatched.kt:102)
	at kotlinx.coroutines.TimeoutKt.setupTimeout(Timeout.kt:120)
	at kotlinx.coroutines.TimeoutKt.withTimeout(Timeout.kt:37)
	at io.kotest.core.internal.TestCaseExecutor$executeAndWait$2$1.invokeSuspend(TestCaseExecutor.kt:195)
	at io.kotest.core.internal.TestCaseExecutor$executeAndWait$2$1.invoke(TestCaseExecutor.kt)
	at io.kotest.engine.ExecutorExecutionContext$executeWithTimeoutInterruption$$inlined$suspendCoroutine$lambda$2.invokeSuspend(ExecutorExecutionContext.kt:46)
	at kotlin.coroutines.jvm.internal.BaseContinuationImpl.resumeWith(ContinuationImpl.kt:33)
	at kotlinx.coroutines.DispatchedTask.run(DispatchedTask.kt:56)
	at kotlinx.coroutines.EventLoopImplBase.processNextEvent(EventLoop.common.kt:274)
	at kotlinx.coroutines.BlockingCoroutine.joinBlocking(Builders.kt:84)
	at kotlinx.coroutines.BuildersKt__BuildersKt.runBlocking(Builders.kt:59)
	at kotlinx.coroutines.BuildersKt.runBlocking(Unknown Source)
	at kotlinx.coroutines.BuildersKt__BuildersKt.runBlocking$default(Builders.kt:38)
	at kotlinx.coroutines.BuildersKt.runBlocking$default(Unknown Source)
	at io.kotest.engine.ExecutorExecutionContext.executeWithTimeoutInterruption(ExecutorExecutionContext.kt:45)
	at io.kotest.core.internal.TestCaseExecutor$executeAndWait$2.invokeSuspend(TestCaseExecutor.kt:194)
	at io.kotest.core.internal.TestCaseExecutor$executeAndWait$2.invoke(TestCaseExecutor.kt)
	at kotlinx.coroutines.intrinsics.UndispatchedKt.startUndispatchedOrReturnIgnoreTimeout(Undispatched.kt:102)
	at kotlinx.coroutines.TimeoutKt.setupTimeout(Timeout.kt:120)
	at kotlinx.coroutines.TimeoutKt.withTimeout(Timeout.kt:37)
	at io.kotest.core.internal.TestCaseExecutor.executeAndWait(TestCaseExecutor.kt:192)
	at io.kotest.core.internal.TestCaseExecutor.invokeTestCase(TestCaseExecutor.kt:161)
	at io.kotest.core.internal.TestCaseExecutor.executeActiveTest(TestCaseExecutor.kt:130)
	at io.kotest.core.internal.TestCaseExecutor$intercept$2.invokeSuspend(TestCaseExecutor.kt:80)
	at io.kotest.core.internal.TestCaseExecutor$intercept$2.invoke(TestCaseExecutor.kt)
	at io.kotest.core.internal.TestCaseExecutor.executeIfActive(TestCaseExecutor.kt:94)
	at io.kotest.core.internal.TestCaseExecutor.intercept(TestCaseExecutor.kt:80)
	at io.kotest.core.internal.TestCaseExecutor.execute(TestCaseExecutor.kt:61)
	at io.kotest.engine.runners.SingleInstanceSpecRunner.runTest(SingleInstanceSpecRunner.kt:73)
	at io.kotest.engine.runners.SingleInstanceSpecRunner$Context.registerTestCase(SingleInstanceSpecRunner.kt:51)
	at io.kotest.core.internal.TestCaseExecutor$executeAndWait$2$1$1$3$1$contextp$1.registerTestCase(TestCaseExecutor.kt:204)
	at io.kotest.core.test.TestContext$DefaultImpls.registerTestCase(TestContext.kt:39)
	at io.kotest.core.internal.TestCaseExecutor$executeAndWait$2$1$1$3$1$contextp$1.registerTestCase(TestCaseExecutor.kt:202)
	at io.kotest.core.spec.style.scopes.ContainerScope$DefaultImpls.addTest(ContainerScope.kt:64)
	at io.kotest.core.spec.style.scopes.FreeScope.addTest(FreeScope.kt:15)
	at io.kotest.core.spec.style.scopes.ContainerScope$DefaultImpls.addTest(ContainerScope.kt:50)
	at io.kotest.core.spec.style.scopes.FreeScope.addTest(FreeScope.kt:15)
	at io.kotest.core.spec.style.scopes.FreeScope.invoke(FreeScope.kt:37)
	at PluginTest$1$4$2.invokeSuspend(TestPlugin.kt:71)
	at PluginTest$1$4$2.invoke(TestPlugin.kt)
	at io.kotest.core.spec.style.scopes.FreeScope$minus$2.invokeSuspend(FreeScope.kt:26)
	at io.kotest.core.spec.style.scopes.FreeScope$minus$2.invoke(FreeScope.kt)
	at io.kotest.core.internal.ExecutionsKt$executeWithBehaviours$2$1.invokeSuspend(executions.kt:13)
	at io.kotest.core.internal.ExecutionsKt$executeWithBehaviours$2$1.invoke(executions.kt)
	at io.kotest.core.internal.ExecutionsKt.wrapTestWithGlobalAssert(executions.kt:39)
	at io.kotest.core.internal.ExecutionsKt$executeWithBehaviours$2.invokeSuspend(executions.kt:12)
	at io.kotest.core.internal.ExecutionsKt$executeWithBehaviours$2.invoke(executions.kt)
	at io.kotest.core.internal.ExecutionsKt.wrapTestWithAssertionModeCheck(executions.kt:23)
	at io.kotest.core.internal.ExecutionsKt.executeWithBehaviours(executions.kt:11)
	at io.kotest.core.internal.TestCaseExecutor$executeAndWait$2$1$1$3$1.invokeSuspend(TestCaseExecutor.kt:207)
	at io.kotest.core.internal.TestCaseExecutor$executeAndWait$2$1$1$3$1.invoke(TestCaseExecutor.kt)
	at kotlinx.coroutines.intrinsics.UndispatchedKt.startUndispatchedOrReturn(Undispatched.kt:91)
	at kotlinx.coroutines.CoroutineScopeKt.coroutineScope(CoroutineScope.kt:194)
	at io.kotest.core.internal.TestCaseExecutor$executeAndWait$2$1$1$3.invokeSuspend(TestCaseExecutor.kt:201)
	at io.kotest.core.internal.TestCaseExecutor$executeAndWait$2$1$1$3.invoke(TestCaseExecutor.kt)
	at io.kotest.mpp.ReplayKt.replay(replay.kt:18)
	at io.kotest.core.internal.TestCaseExecutor$executeAndWait$2$1$1.invokeSuspend(TestCaseExecutor.kt:196)
	at io.kotest.core.internal.TestCaseExecutor$executeAndWait$2$1$1.invoke(TestCaseExecutor.kt)
	at kotlinx.coroutines.intrinsics.UndispatchedKt.startUndispatchedOrReturnIgnoreTimeout(Undispatched.kt:102)
	at kotlinx.coroutines.TimeoutKt.setupTimeout(Timeout.kt:120)
	at kotlinx.coroutines.TimeoutKt.withTimeout(Timeout.kt:37)
	at io.kotest.core.internal.TestCaseExecutor$executeAndWait$2$1.invokeSuspend(TestCaseExecutor.kt:195)
	at io.kotest.core.internal.TestCaseExecutor$executeAndWait$2$1.invoke(TestCaseExecutor.kt)
	at io.kotest.engine.ExecutorExecutionContext$executeWithTimeoutInterruption$$inlined$suspendCoroutine$lambda$2.invokeSuspend(ExecutorExecutionContext.kt:46)
	at kotlin.coroutines.jvm.internal.BaseContinuationImpl.resumeWith(ContinuationImpl.kt:33)
	at kotlinx.coroutines.DispatchedTask.run(DispatchedTask.kt:56)
	at kotlinx.coroutines.EventLoopImplBase.processNextEvent(EventLoop.common.kt:274)
	at kotlinx.coroutines.BlockingCoroutine.joinBlocking(Builders.kt:84)
	at kotlinx.coroutines.BuildersKt__BuildersKt.runBlocking(Builders.kt:59)
	at kotlinx.coroutines.BuildersKt.runBlocking(Unknown Source)
	at kotlinx.coroutines.BuildersKt__BuildersKt.runBlocking$default(Builders.kt:38)
	at kotlinx.coroutines.BuildersKt.runBlocking$default(Unknown Source)
	at io.kotest.engine.ExecutorExecutionContext.executeWithTimeoutInterruption(ExecutorExecutionContext.kt:45)
	at io.kotest.core.internal.TestCaseExecutor$executeAndWait$2.invokeSuspend(TestCaseExecutor.kt:194)
	at io.kotest.core.internal.TestCaseExecutor$executeAndWait$2.invoke(TestCaseExecutor.kt)
	at kotlinx.coroutines.intrinsics.UndispatchedKt.startUndispatchedOrReturnIgnoreTimeout(Undispatched.kt:102)
	at kotlinx.coroutines.TimeoutKt.setupTimeout(Timeout.kt:120)
	at kotlinx.coroutines.TimeoutKt.withTimeout(Timeout.kt:37)
	at io.kotest.core.internal.TestCaseExecutor.executeAndWait(TestCaseExecutor.kt:192)
	at io.kotest.core.internal.TestCaseExecutor.invokeTestCase(TestCaseExecutor.kt:161)
	at io.kotest.core.internal.TestCaseExecutor.executeActiveTest(TestCaseExecutor.kt:130)
	at io.kotest.core.internal.TestCaseExecutor$intercept$2.invokeSuspend(TestCaseExecutor.kt:80)
	at io.kotest.core.internal.TestCaseExecutor$intercept$2.invoke(TestCaseExecutor.kt)
	at io.kotest.core.internal.TestCaseExecutor.executeIfActive(TestCaseExecutor.kt:94)
	at io.kotest.core.internal.TestCaseExecutor.intercept(TestCaseExecutor.kt:80)
	at io.kotest.core.internal.TestCaseExecutor.execute(TestCaseExecutor.kt:61)
	at io.kotest.engine.runners.SingleInstanceSpecRunner.runTest(SingleInstanceSpecRunner.kt:73)
	at io.kotest.engine.runners.SingleInstanceSpecRunner$Context.registerTestCase(SingleInstanceSpecRunner.kt:51)
	at io.kotest.core.internal.TestCaseExecutor$executeAndWait$2$1$1$3$1$contextp$1.registerTestCase(TestCaseExecutor.kt:204)
	at io.kotest.core.test.TestContext$DefaultImpls.registerTestCase(TestContext.kt:39)
	at io.kotest.core.internal.TestCaseExecutor$executeAndWait$2$1$1$3$1$contextp$1.registerTestCase(TestCaseExecutor.kt:202)
	at io.kotest.core.spec.style.scopes.ContainerScope$DefaultImpls.addTest(ContainerScope.kt:64)
	at io.kotest.core.spec.style.scopes.FreeScope.addTest(FreeScope.kt:15)
	at io.kotest.core.spec.style.scopes.ContainerScope$DefaultImpls.addContainerTest(ContainerScope.kt:43)
	at io.kotest.core.spec.style.scopes.FreeScope.addContainerTest(FreeScope.kt:15)
	at io.kotest.core.spec.style.scopes.FreeScope.minus(FreeScope.kt:25)
	at PluginTest$1$4.invokeSuspend(TestPlugin.kt:57)
	at PluginTest$1$4.invoke(TestPlugin.kt)
	at io.kotest.core.spec.style.scopes.FreeSpecRootScope$minus$1.invokeSuspend(FreeSpecRootScope.kt:19)
	at io.kotest.core.spec.style.scopes.FreeSpecRootScope$minus$1.invoke(FreeSpecRootScope.kt)
	at io.kotest.core.internal.ExecutionsKt$executeWithBehaviours$2$1.invokeSuspend(executions.kt:13)
	at io.kotest.core.internal.ExecutionsKt$executeWithBehaviours$2$1.invoke(executions.kt)
	at io.kotest.core.internal.ExecutionsKt.wrapTestWithGlobalAssert(executions.kt:39)
	at io.kotest.core.internal.ExecutionsKt$executeWithBehaviours$2.invokeSuspend(executions.kt:12)
	at io.kotest.core.internal.ExecutionsKt$executeWithBehaviours$2.invoke(executions.kt)
	at io.kotest.core.internal.ExecutionsKt.wrapTestWithAssertionModeCheck(executions.kt:23)
	at io.kotest.core.internal.ExecutionsKt.executeWithBehaviours(executions.kt:11)
	at io.kotest.core.internal.TestCaseExecutor$executeAndWait$2$1$1$3$1.invokeSuspend(TestCaseExecutor.kt:207)
	at io.kotest.core.internal.TestCaseExecutor$executeAndWait$2$1$1$3$1.invoke(TestCaseExecutor.kt)
	at kotlinx.coroutines.intrinsics.UndispatchedKt.startUndispatchedOrReturn(Undispatched.kt:91)
	at kotlinx.coroutines.CoroutineScopeKt.coroutineScope(CoroutineScope.kt:194)
	at io.kotest.core.internal.TestCaseExecutor$executeAndWait$2$1$1$3.invokeSuspend(TestCaseExecutor.kt:201)
	at io.kotest.core.internal.TestCaseExecutor$executeAndWait$2$1$1$3.invoke(TestCaseExecutor.kt)
	at io.kotest.mpp.ReplayKt.replay(replay.kt:18)
	at io.kotest.core.internal.TestCaseExecutor$executeAndWait$2$1$1.invokeSuspend(TestCaseExecutor.kt:196)
	at io.kotest.core.internal.TestCaseExecutor$executeAndWait$2$1$1.invoke(TestCaseExecutor.kt)
	at kotlinx.coroutines.intrinsics.UndispatchedKt.startUndispatchedOrReturnIgnoreTimeout(Undispatched.kt:102)
	at kotlinx.coroutines.TimeoutKt.setupTimeout(Timeout.kt:120)
	at kotlinx.coroutines.TimeoutKt.withTimeout(Timeout.kt:37)
	at io.kotest.core.internal.TestCaseExecutor$executeAndWait$2$1.invokeSuspend(TestCaseExecutor.kt:195)
	at io.kotest.core.internal.TestCaseExecutor$executeAndWait$2$1.invoke(TestCaseExecutor.kt)
	at io.kotest.engine.ExecutorExecutionContext$executeWithTimeoutInterruption$$inlined$suspendCoroutine$lambda$2.invokeSuspend(ExecutorExecutionContext.kt:46)
	at kotlin.coroutines.jvm.internal.BaseContinuationImpl.resumeWith(ContinuationImpl.kt:33)
	at kotlinx.coroutines.DispatchedTask.run(DispatchedTask.kt:56)
	at kotlinx.coroutines.EventLoopImplBase.processNextEvent(EventLoop.common.kt:274)
	at kotlinx.coroutines.BlockingCoroutine.joinBlocking(Builders.kt:84)
	at kotlinx.coroutines.BuildersKt__BuildersKt.runBlocking(Builders.kt:59)
	at kotlinx.coroutines.BuildersKt.runBlocking(Unknown Source)
	at kotlinx.coroutines.BuildersKt__BuildersKt.runBlocking$default(Builders.kt:38)
	at kotlinx.coroutines.BuildersKt.runBlocking$default(Unknown Source)
	at io.kotest.engine.ExecutorExecutionContext.executeWithTimeoutInterruption(ExecutorExecutionContext.kt:45)
	at io.kotest.core.internal.TestCaseExecutor$executeAndWait$2.invokeSuspend(TestCaseExecutor.kt:194)
	at io.kotest.core.internal.TestCaseExecutor$executeAndWait$2.invoke(TestCaseExecutor.kt)
	at kotlinx.coroutines.intrinsics.UndispatchedKt.startUndispatchedOrReturnIgnoreTimeout(Undispatched.kt:102)
	at kotlinx.coroutines.TimeoutKt.setupTimeout(Timeout.kt:120)
	at kotlinx.coroutines.TimeoutKt.withTimeout(Timeout.kt:37)
	at io.kotest.core.internal.TestCaseExecutor.executeAndWait(TestCaseExecutor.kt:192)
	at io.kotest.core.internal.TestCaseExecutor.invokeTestCase(TestCaseExecutor.kt:161)
	at io.kotest.core.internal.TestCaseExecutor.executeActiveTest(TestCaseExecutor.kt:130)
	at io.kotest.core.internal.TestCaseExecutor$intercept$2.invokeSuspend(TestCaseExecutor.kt:80)
	at io.kotest.core.internal.TestCaseExecutor$intercept$2.invoke(TestCaseExecutor.kt)
	at io.kotest.core.internal.TestCaseExecutor.executeIfActive(TestCaseExecutor.kt:94)
	at io.kotest.core.internal.TestCaseExecutor.intercept(TestCaseExecutor.kt:80)
	at io.kotest.core.internal.TestCaseExecutor.execute(TestCaseExecutor.kt:61)
	at io.kotest.engine.runners.SingleInstanceSpecRunner.runTest(SingleInstanceSpecRunner.kt:73)
	at io.kotest.engine.runners.SingleInstanceSpecRunner$execute$2$invokeSuspend$$inlined$invoke$lambda$1.invokeSuspend(SingleInstanceSpecRunner.kt:83)
	at io.kotest.engine.runners.SingleInstanceSpecRunner$execute$2$invokeSuspend$$inlined$invoke$lambda$1.invoke(SingleInstanceSpecRunner.kt)
	at io.kotest.engine.spec.SpecRunner$runParallel$$inlined$map$lambda$2$1.invokeSuspend(SpecRunner.kt:80)
	at kotlin.coroutines.jvm.internal.BaseContinuationImpl.resumeWith(ContinuationImpl.kt:33)
	at kotlinx.coroutines.DispatchedTask.run(DispatchedTask.kt:56)
	at kotlinx.coroutines.EventLoopImplBase.processNextEvent(EventLoop.common.kt:274)
	at kotlinx.coroutines.BlockingCoroutine.joinBlocking(Builders.kt:84)
	at kotlinx.coroutines.BuildersKt__BuildersKt.runBlocking(Builders.kt:59)
	at kotlinx.coroutines.BuildersKt.runBlocking(Unknown Source)
	at kotlinx.coroutines.BuildersKt__BuildersKt.runBlocking$default(Builders.kt:38)
	at kotlinx.coroutines.BuildersKt.runBlocking$default(Unknown Source)
	at io.kotest.engine.spec.SpecRunner$runParallel$$inlined$map$lambda$2.run(SpecRunner.kt:79)
	at java.base/java.util.concurrent.Executors$RunnableAdapter.call(Executors.java:515)
	at java.base/java.util.concurrent.FutureTask.run(FutureTask.java:264)
	at java.base/java.util.concurrent.ThreadPoolExecutor.runWorker(ThreadPoolExecutor.java:1128)
	at java.base/java.util.concurrent.ThreadPoolExecutor$Worker.run(ThreadPoolExecutor.java:628)
	at java.base/java.lang.Thread.run(Thread.java:830)
</failure>
  </testcase>
  <testcase name="a message in Italian" classname="PluginTest" time="0.656"/>
  <testcase name="running the plugin with" classname="PluginTest" time="5.418"/>
  <system-out><![CDATA[]]></system-out>
  <system-err><![CDATA[]]></system-err>
</testsuite>
