<!DOCTYPE html>
<html>
<head>
<meta http-equiv="Content-Type" content="text/html; charset=utf-8"/>
<meta http-equiv="x-ua-compatible" content="IE=edge"/>
<title>Test results - Class PluginTest</title>
<link href="../css/base-style.css" rel="stylesheet" type="text/css"/>
<link href="../css/style.css" rel="stylesheet" type="text/css"/>
<script src="../js/report.js" type="text/javascript"></script>
</head>
<body>
<div id="content">
<h1>Class PluginTest</h1>
<div class="breadcrumbs">
<a href="../index.html">all</a> &gt; 
<a href="../packages/default-package.html">default-package</a> &gt; PluginTest</div>
<div id="summary">
<table>
<tr>
<td>
<div class="summaryGroup">
<table>
<tr>
<td>
<div class="infoBox" id="tests">
<div class="counter">8</div>
<p>tests</p>
</div>
</td>
<td>
<div class="infoBox" id="failures">
<div class="counter">6</div>
<p>failures</p>
</div>
</td>
<td>
<div class="infoBox" id="ignored">
<div class="counter">0</div>
<p>ignored</p>
</div>
</td>
<td>
<div class="infoBox" id="duration">
<div class="counter">14.943s</div>
<p>duration</p>
</div>
</td>
</tr>
</table>
</div>
</td>
<td>
<div class="infoBox failures" id="successRate">
<div class="percent">25%</div>
<p>successful</p>
</div>
</td>
</tr>
</table>
</div>
<div id="tabs">
<ul class="tabLinks">
<li>
<a href="#tab0">Failed tests</a>
</li>
<li>
<a href="#tab1">Tests</a>
</li>
</ul>
<div id="tab0" class="tab">
<h2>Failed tests</h2>
<div class="test">
<a name="a message in Italian"></a>
<h3 class="failures">a message in Italian</h3>
<span class="code">
<pre>java.lang.AssertionError: &quot;
&gt; Task :greet
property(java.lang.String, fixed(class java.lang.String, Ciao da)) Gradle

Deprecated Gradle features were used in this build, making it incompatible with Gradle 7.0.
Use '--warning-mode all' to show the individual deprecation warnings.
See https://docs.gradle.org/6.5/userguide/command_line_interface.html#sec:command_line_warnings

BUILD SUCCESSFUL in 650ms
1 actionable task: 1 executed
&quot; should include substring &quot;Ciao da Gradle&quot;
	at PluginTest$1$6$2$2.invokeSuspend(TestPlugin.kt:86)
	at PluginTest$1$6$2$2.invoke(TestPlugin.kt)
	at io.kotest.core.runtime.ExecutionsKt$executeWithBehaviours$2$1.invokeSuspend(executions.kt:16)
	at io.kotest.core.runtime.ExecutionsKt$executeWithBehaviours$2$1.invoke(executions.kt)
	at io.kotest.core.runtime.ExecutionsKt.wrapTestWithGlobalAssert(executions.kt:43)
	at io.kotest.core.runtime.ExecutionsKt$executeWithBehaviours$2.invokeSuspend(executions.kt:15)
	at io.kotest.core.runtime.ExecutionsKt$executeWithBehaviours$2.invoke(executions.kt)
	at io.kotest.core.runtime.ExecutionsKt$wrapTestWithAssertionModeCheck$2.invokeSuspend(executions.kt:29)
	at io.kotest.core.runtime.ExecutionsKt$wrapTestWithAssertionModeCheck$2.invoke(executions.kt)
	at io.kotest.core.test.AssertionModeKt.executeWithAssertionsCheck(AssertionMode.kt:39)
	at io.kotest.core.runtime.ExecutionsKt.wrapTestWithAssertionModeCheck(executions.kt:28)
	at io.kotest.core.runtime.ExecutionsKt.executeWithBehaviours(executions.kt:14)
	at io.kotest.core.runtime.TestCaseExecutor$executeAndWait$2$1$1$3$1.invokeSuspend(TestCaseExecutor.kt:195)
	at io.kotest.core.runtime.TestCaseExecutor$executeAndWait$2$1$1$3$1.invoke(TestCaseExecutor.kt)
	at kotlinx.coroutines.intrinsics.UndispatchedKt.startUndispatchedOrReturn(Undispatched.kt:91)
	at kotlinx.coroutines.CoroutineScopeKt.coroutineScope(CoroutineScope.kt:189)
	at io.kotest.core.runtime.TestCaseExecutor$executeAndWait$2$1$1$3.invokeSuspend(TestCaseExecutor.kt:189)
	at io.kotest.core.runtime.TestCaseExecutor$executeAndWait$2$1$1$3.invoke(TestCaseExecutor.kt)
	at io.kotest.core.runtime.ReplayKt.replay(replay.kt:19)
	at io.kotest.core.runtime.TestCaseExecutor$executeAndWait$2$1$1.invokeSuspend(TestCaseExecutor.kt:184)
	at io.kotest.core.runtime.TestCaseExecutor$executeAndWait$2$1$1.invoke(TestCaseExecutor.kt)
	at kotlinx.coroutines.intrinsics.UndispatchedKt.startUndispatchedOrReturnIgnoreTimeout(Undispatched.kt:102)
	at kotlinx.coroutines.TimeoutKt.setupTimeout(Timeout.kt:111)
	at kotlinx.coroutines.TimeoutKt.withTimeout(Timeout.kt:32)
	at io.kotest.core.runtime.TestCaseExecutor$executeAndWait$2$1.invokeSuspend(TestCaseExecutor.kt:183)
	at io.kotest.core.runtime.TestCaseExecutor$executeAndWait$2$1.invoke(TestCaseExecutor.kt)
	at io.kotest.core.runtime.ExecutorExecutionContext$executeWithTimeoutInterruption$$inlined$suspendCoroutine$lambda$2.invokeSuspend(ExecutorExecutionContext.kt:47)
	at ???(Coroutine boundary.?(?)
	at io.kotest.core.runtime.TestCaseExecutor$executeAndWait$2$1$1$3.invokeSuspend(TestCaseExecutor.kt:189)
	at io.kotest.core.runtime.ReplayKt.replay(replay.kt:19)
	at io.kotest.core.runtime.TestCaseExecutor$executeAndWait$2$1$1.invokeSuspend(TestCaseExecutor.kt:188)
	at io.kotest.core.runtime.TestCaseExecutor$executeAndWait$2$1.invokeSuspend(TestCaseExecutor.kt:183)
	at io.kotest.core.runtime.TestCaseExecutor.executeAndWait(TestCaseExecutor.kt:180)
	at io.kotest.core.runtime.TestCaseExecutor.invokeTestCase(TestCaseExecutor.kt:149)
	at io.kotest.core.runtime.TestCaseExecutor.executeActiveTest(TestCaseExecutor.kt:118)
	at io.kotest.core.runtime.TestCaseExecutor$intercept$2.invokeSuspend(TestCaseExecutor.kt:69)
	at io.kotest.core.runtime.TestCaseExecutor.executeIfActive(TestCaseExecutor.kt:83)
	at io.kotest.core.runtime.TestCaseExecutor.intercept(TestCaseExecutor.kt:69)
	at io.kotest.core.runtime.TestCaseExecutor.execute(TestCaseExecutor.kt:50)
	at io.kotest.core.engine.SingleInstanceSpecRunner.runTest(SingleInstanceSpecRunner.kt:61)
	at PluginTest$1$6$2.invokeSuspend(TestPlugin.kt:85)
	at io.kotest.core.spec.style.scopes.FreeScope$minus$2.invokeSuspend(FreeScope.kt:20)
	at io.kotest.core.runtime.ExecutionsKt$executeWithBehaviours$2$1.invokeSuspend(executions.kt:16)
	at io.kotest.core.runtime.ExecutionsKt.wrapTestWithGlobalAssert(executions.kt:43)
	at io.kotest.core.runtime.ExecutionsKt$executeWithBehaviours$2.invokeSuspend(executions.kt:15)
	at io.kotest.core.runtime.ExecutionsKt.wrapTestWithAssertionModeCheck(executions.kt:27)
	at io.kotest.core.runtime.TestCaseExecutor$executeAndWait$2$1$1$3$1.invokeSuspend(TestCaseExecutor.kt:195)
Caused by: java.lang.AssertionError: &quot;
&gt; Task :greet
property(java.lang.String, fixed(class java.lang.String, Ciao da)) Gradle

Deprecated Gradle features were used in this build, making it incompatible with Gradle 7.0.
Use '--warning-mode all' to show the individual deprecation warnings.
See https://docs.gradle.org/6.5/userguide/command_line_interface.html#sec:command_line_warnings

BUILD SUCCESSFUL in 650ms
1 actionable task: 1 executed
&quot; should include substring &quot;Ciao da Gradle&quot;
	at PluginTest$1$6$2$2.invokeSuspend(TestPlugin.kt:86)
	at PluginTest$1$6$2$2.invoke(TestPlugin.kt)
	at io.kotest.core.runtime.ExecutionsKt$executeWithBehaviours$2$1.invokeSuspend(executions.kt:16)
	at io.kotest.core.runtime.ExecutionsKt$executeWithBehaviours$2$1.invoke(executions.kt)
	at io.kotest.core.runtime.ExecutionsKt.wrapTestWithGlobalAssert(executions.kt:43)
	at io.kotest.core.runtime.ExecutionsKt$executeWithBehaviours$2.invokeSuspend(executions.kt:15)
	at io.kotest.core.runtime.ExecutionsKt$executeWithBehaviours$2.invoke(executions.kt)
	at io.kotest.core.runtime.ExecutionsKt$wrapTestWithAssertionModeCheck$2.invokeSuspend(executions.kt:29)
	at io.kotest.core.runtime.ExecutionsKt$wrapTestWithAssertionModeCheck$2.invoke(executions.kt)
	at io.kotest.core.test.AssertionModeKt.executeWithAssertionsCheck(AssertionMode.kt:39)
	at io.kotest.core.runtime.ExecutionsKt.wrapTestWithAssertionModeCheck(executions.kt:28)
	at io.kotest.core.runtime.ExecutionsKt.executeWithBehaviours(executions.kt:14)
	at io.kotest.core.runtime.TestCaseExecutor$executeAndWait$2$1$1$3$1.invokeSuspend(TestCaseExecutor.kt:195)
	at io.kotest.core.runtime.TestCaseExecutor$executeAndWait$2$1$1$3$1.invoke(TestCaseExecutor.kt)
	at kotlinx.coroutines.intrinsics.UndispatchedKt.startUndispatchedOrReturn(Undispatched.kt:91)
	at kotlinx.coroutines.CoroutineScopeKt.coroutineScope(CoroutineScope.kt:189)
	at io.kotest.core.runtime.TestCaseExecutor$executeAndWait$2$1$1$3.invokeSuspend(TestCaseExecutor.kt:189)
	at io.kotest.core.runtime.TestCaseExecutor$executeAndWait$2$1$1$3.invoke(TestCaseExecutor.kt)
	at io.kotest.core.runtime.ReplayKt.replay(replay.kt:19)
	at io.kotest.core.runtime.TestCaseExecutor$executeAndWait$2$1$1.invokeSuspend(TestCaseExecutor.kt:184)
	at io.kotest.core.runtime.TestCaseExecutor$executeAndWait$2$1$1.invoke(TestCaseExecutor.kt)
	at kotlinx.coroutines.intrinsics.UndispatchedKt.startUndispatchedOrReturnIgnoreTimeout(Undispatched.kt:102)
	at kotlinx.coroutines.TimeoutKt.setupTimeout(Timeout.kt:111)
	at kotlinx.coroutines.TimeoutKt.withTimeout(Timeout.kt:32)
	at io.kotest.core.runtime.TestCaseExecutor$executeAndWait$2$1.invokeSuspend(TestCaseExecutor.kt:183)
	at io.kotest.core.runtime.TestCaseExecutor$executeAndWait$2$1.invoke(TestCaseExecutor.kt)
	at io.kotest.core.runtime.ExecutorExecutionContext$executeWithTimeoutInterruption$$inlined$suspendCoroutine$lambda$2.invokeSuspend(ExecutorExecutionContext.kt:47)
	at kotlin.coroutines.jvm.internal.BaseContinuationImpl.resumeWith(ContinuationImpl.kt:33)
	at kotlinx.coroutines.DispatchedTask.run(DispatchedTask.kt:56)
	at kotlinx.coroutines.EventLoopImplBase.processNextEvent(EventLoop.common.kt:274)
	at kotlinx.coroutines.BlockingCoroutine.joinBlocking(Builders.kt:79)
	at kotlinx.coroutines.BuildersKt__BuildersKt.runBlocking(Builders.kt:54)
	at kotlinx.coroutines.BuildersKt.runBlocking(Unknown Source)
	at kotlinx.coroutines.BuildersKt__BuildersKt.runBlocking$default(Builders.kt:36)
	at kotlinx.coroutines.BuildersKt.runBlocking$default(Unknown Source)
	at io.kotest.core.runtime.ExecutorExecutionContext.executeWithTimeoutInterruption-D5N0EJY(ExecutorExecutionContext.kt:46)
	at io.kotest.core.runtime.TestCaseExecutor$executeAndWait$2.invokeSuspend(TestCaseExecutor.kt:182)
	at io.kotest.core.runtime.TestCaseExecutor$executeAndWait$2.invoke(TestCaseExecutor.kt)
	at kotlinx.coroutines.intrinsics.UndispatchedKt.startUndispatchedOrReturnIgnoreTimeout(Undispatched.kt:102)
	at kotlinx.coroutines.TimeoutKt.setupTimeout(Timeout.kt:111)
	at kotlinx.coroutines.TimeoutKt.withTimeout(Timeout.kt:32)
	at io.kotest.core.runtime.TestCaseExecutor.executeAndWait(TestCaseExecutor.kt:180)
	at io.kotest.core.runtime.TestCaseExecutor.invokeTestCase(TestCaseExecutor.kt:149)
	at io.kotest.core.runtime.TestCaseExecutor.executeActiveTest(TestCaseExecutor.kt:118)
	at io.kotest.core.runtime.TestCaseExecutor$intercept$2.invokeSuspend(TestCaseExecutor.kt:69)
	at io.kotest.core.runtime.TestCaseExecutor$intercept$2.invoke(TestCaseExecutor.kt)
	at io.kotest.core.runtime.TestCaseExecutor.executeIfActive(TestCaseExecutor.kt:83)
	at io.kotest.core.runtime.TestCaseExecutor.intercept(TestCaseExecutor.kt:69)
	at io.kotest.core.runtime.TestCaseExecutor.execute(TestCaseExecutor.kt:50)
	at io.kotest.core.engine.SingleInstanceSpecRunner.runTest(SingleInstanceSpecRunner.kt:61)
	at io.kotest.core.engine.SingleInstanceSpecRunner$Context.registerTestCase(SingleInstanceSpecRunner.kt:39)
	at io.kotest.core.runtime.TestCaseExecutor$executeAndWait$2$1$1$3$1$contextp$1.registerTestCase(TestCaseExecutor.kt:192)
	at io.kotest.core.test.TestContext.registerTestCase(TestContext.kt:41)
	at io.kotest.core.spec.style.scopes.ContainerScope$DefaultImpls.addTest(ContainerScope.kt:50)
	at io.kotest.core.spec.style.scopes.FreeScope.addTest(FreeScope.kt:10)
	at io.kotest.core.spec.style.scopes.ContainerScope$DefaultImpls.addTest(ContainerScope.kt:39)
	at io.kotest.core.spec.style.scopes.FreeScope.addTest(FreeScope.kt:10)
	at io.kotest.core.spec.style.scopes.FreeScope.invoke(FreeScope.kt:31)
	at PluginTest$1$6$2.invokeSuspend(TestPlugin.kt:85)
	at PluginTest$1$6$2.invoke(TestPlugin.kt)
	at io.kotest.core.spec.style.scopes.FreeScope$minus$2.invokeSuspend(FreeScope.kt:20)
	at io.kotest.core.spec.style.scopes.FreeScope$minus$2.invoke(FreeScope.kt)
	at io.kotest.core.runtime.ExecutionsKt$executeWithBehaviours$2$1.invokeSuspend(executions.kt:16)
	at io.kotest.core.runtime.ExecutionsKt$executeWithBehaviours$2$1.invoke(executions.kt)
	at io.kotest.core.runtime.ExecutionsKt.wrapTestWithGlobalAssert(executions.kt:43)
	at io.kotest.core.runtime.ExecutionsKt$executeWithBehaviours$2.invokeSuspend(executions.kt:15)
	at io.kotest.core.runtime.ExecutionsKt$executeWithBehaviours$2.invoke(executions.kt)
	at io.kotest.core.runtime.ExecutionsKt.wrapTestWithAssertionModeCheck(executions.kt:27)
	at io.kotest.core.runtime.ExecutionsKt.executeWithBehaviours(executions.kt:14)
	at io.kotest.core.runtime.TestCaseExecutor$executeAndWait$2$1$1$3$1.invokeSuspend(TestCaseExecutor.kt:195)
	at io.kotest.core.runtime.TestCaseExecutor$executeAndWait$2$1$1$3$1.invoke(TestCaseExecutor.kt)
	at kotlinx.coroutines.intrinsics.UndispatchedKt.startUndispatchedOrReturn(Undispatched.kt:91)
	at kotlinx.coroutines.CoroutineScopeKt.coroutineScope(CoroutineScope.kt:189)
	at io.kotest.core.runtime.TestCaseExecutor$executeAndWait$2$1$1$3.invokeSuspend(TestCaseExecutor.kt:189)
	at io.kotest.core.runtime.TestCaseExecutor$executeAndWait$2$1$1$3.invoke(TestCaseExecutor.kt)
	at io.kotest.core.runtime.ReplayKt.replay(replay.kt:19)
	at io.kotest.core.runtime.TestCaseExecutor$executeAndWait$2$1$1.invokeSuspend(TestCaseExecutor.kt:184)
	at io.kotest.core.runtime.TestCaseExecutor$executeAndWait$2$1$1.invoke(TestCaseExecutor.kt)
	at kotlinx.coroutines.intrinsics.UndispatchedKt.startUndispatchedOrReturnIgnoreTimeout(Undispatched.kt:102)
	at kotlinx.coroutines.TimeoutKt.setupTimeout(Timeout.kt:111)
	at kotlinx.coroutines.TimeoutKt.withTimeout(Timeout.kt:32)
	at io.kotest.core.runtime.TestCaseExecutor$executeAndWait$2$1.invokeSuspend(TestCaseExecutor.kt:183)
	at io.kotest.core.runtime.TestCaseExecutor$executeAndWait$2$1.invoke(TestCaseExecutor.kt)
	at io.kotest.core.runtime.ExecutorExecutionContext$executeWithTimeoutInterruption$$inlined$suspendCoroutine$lambda$2.invokeSuspend(ExecutorExecutionContext.kt:47)
	at kotlin.coroutines.jvm.internal.BaseContinuationImpl.resumeWith(ContinuationImpl.kt:33)
	at kotlinx.coroutines.DispatchedTask.run(DispatchedTask.kt:56)
	at kotlinx.coroutines.EventLoopImplBase.processNextEvent(EventLoop.common.kt:274)
	at kotlinx.coroutines.BlockingCoroutine.joinBlocking(Builders.kt:79)
	at kotlinx.coroutines.BuildersKt__BuildersKt.runBlocking(Builders.kt:54)
	at kotlinx.coroutines.BuildersKt.runBlocking(Unknown Source)
	at kotlinx.coroutines.BuildersKt__BuildersKt.runBlocking$default(Builders.kt:36)
	at kotlinx.coroutines.BuildersKt.runBlocking$default(Unknown Source)
	at io.kotest.core.runtime.ExecutorExecutionContext.executeWithTimeoutInterruption-D5N0EJY(ExecutorExecutionContext.kt:46)
	at io.kotest.core.runtime.TestCaseExecutor$executeAndWait$2.invokeSuspend(TestCaseExecutor.kt:182)
	at io.kotest.core.runtime.TestCaseExecutor$executeAndWait$2.invoke(TestCaseExecutor.kt)
	at kotlinx.coroutines.intrinsics.UndispatchedKt.startUndispatchedOrReturnIgnoreTimeout(Undispatched.kt:102)
	at kotlinx.coroutines.TimeoutKt.setupTimeout(Timeout.kt:111)
	at kotlinx.coroutines.TimeoutKt.withTimeout(Timeout.kt:32)
	at io.kotest.core.runtime.TestCaseExecutor.executeAndWait(TestCaseExecutor.kt:180)
	at io.kotest.core.runtime.TestCaseExecutor.invokeTestCase(TestCaseExecutor.kt:149)
	at io.kotest.core.runtime.TestCaseExecutor.executeActiveTest(TestCaseExecutor.kt:118)
	at io.kotest.core.runtime.TestCaseExecutor$intercept$2.invokeSuspend(TestCaseExecutor.kt:69)
	at io.kotest.core.runtime.TestCaseExecutor$intercept$2.invoke(TestCaseExecutor.kt)
	at io.kotest.core.runtime.TestCaseExecutor.executeIfActive(TestCaseExecutor.kt:83)
	at io.kotest.core.runtime.TestCaseExecutor.intercept(TestCaseExecutor.kt:69)
	at io.kotest.core.runtime.TestCaseExecutor.execute(TestCaseExecutor.kt:50)
	at io.kotest.core.engine.SingleInstanceSpecRunner.runTest(SingleInstanceSpecRunner.kt:61)
	at io.kotest.core.engine.SingleInstanceSpecRunner$Context.registerTestCase(SingleInstanceSpecRunner.kt:39)
	at io.kotest.core.runtime.TestCaseExecutor$executeAndWait$2$1$1$3$1$contextp$1.registerTestCase(TestCaseExecutor.kt:192)
	at io.kotest.core.test.TestContext.registerTestCase(TestContext.kt:41)
	at io.kotest.core.spec.style.scopes.ContainerScope$DefaultImpls.addTest(ContainerScope.kt:50)
	at io.kotest.core.spec.style.scopes.FreeScope.addTest(FreeScope.kt:10)
	at io.kotest.core.spec.style.scopes.ContainerScope$DefaultImpls.addContainerTest(ContainerScope.kt:35)
	at io.kotest.core.spec.style.scopes.FreeScope.addContainerTest(FreeScope.kt:10)
	at io.kotest.core.spec.style.scopes.FreeScope.minus(FreeScope.kt:19)
	at PluginTest$1$6.invokeSuspend(TestPlugin.kt:71)
	at PluginTest$1$6.invoke(TestPlugin.kt)
	at io.kotest.core.spec.style.scopes.FreeSpecScope$minus$1.invokeSuspend(FreeSpecScope.kt:17)
	at io.kotest.core.spec.style.scopes.FreeSpecScope$minus$1.invoke(FreeSpecScope.kt)
	at io.kotest.core.runtime.ExecutionsKt$executeWithBehaviours$2$1.invokeSuspend(executions.kt:16)
	at io.kotest.core.runtime.ExecutionsKt$executeWithBehaviours$2$1.invoke(executions.kt)
	at io.kotest.core.runtime.ExecutionsKt.wrapTestWithGlobalAssert(executions.kt:43)
	at io.kotest.core.runtime.ExecutionsKt$executeWithBehaviours$2.invokeSuspend(executions.kt:15)
	at io.kotest.core.runtime.ExecutionsKt$executeWithBehaviours$2.invoke(executions.kt)
	at io.kotest.core.runtime.ExecutionsKt.wrapTestWithAssertionModeCheck(executions.kt:27)
	at io.kotest.core.runtime.ExecutionsKt.executeWithBehaviours(executions.kt:14)
	at io.kotest.core.runtime.TestCaseExecutor$executeAndWait$2$1$1$3$1.invokeSuspend(TestCaseExecutor.kt:195)
	at io.kotest.core.runtime.TestCaseExecutor$executeAndWait$2$1$1$3$1.invoke(TestCaseExecutor.kt)
	at kotlinx.coroutines.intrinsics.UndispatchedKt.startUndispatchedOrReturn(Undispatched.kt:91)
	at kotlinx.coroutines.CoroutineScopeKt.coroutineScope(CoroutineScope.kt:189)
	at io.kotest.core.runtime.TestCaseExecutor$executeAndWait$2$1$1$3.invokeSuspend(TestCaseExecutor.kt:189)
	at io.kotest.core.runtime.TestCaseExecutor$executeAndWait$2$1$1$3.invoke(TestCaseExecutor.kt)
	at io.kotest.core.runtime.ReplayKt.replay(replay.kt:19)
	at io.kotest.core.runtime.TestCaseExecutor$executeAndWait$2$1$1.invokeSuspend(TestCaseExecutor.kt:184)
	at io.kotest.core.runtime.TestCaseExecutor$executeAndWait$2$1$1.invoke(TestCaseExecutor.kt)
	at kotlinx.coroutines.intrinsics.UndispatchedKt.startUndispatchedOrReturnIgnoreTimeout(Undispatched.kt:102)
	at kotlinx.coroutines.TimeoutKt.setupTimeout(Timeout.kt:111)
	at kotlinx.coroutines.TimeoutKt.withTimeout(Timeout.kt:32)
	at io.kotest.core.runtime.TestCaseExecutor$executeAndWait$2$1.invokeSuspend(TestCaseExecutor.kt:183)
	at io.kotest.core.runtime.TestCaseExecutor$executeAndWait$2$1.invoke(TestCaseExecutor.kt)
	at io.kotest.core.runtime.ExecutorExecutionContext$executeWithTimeoutInterruption$$inlined$suspendCoroutine$lambda$2.invokeSuspend(ExecutorExecutionContext.kt:47)
	at kotlin.coroutines.jvm.internal.BaseContinuationImpl.resumeWith(ContinuationImpl.kt:33)
	at kotlinx.coroutines.DispatchedTask.run(DispatchedTask.kt:56)
	at kotlinx.coroutines.EventLoopImplBase.processNextEvent(EventLoop.common.kt:274)
	at kotlinx.coroutines.BlockingCoroutine.joinBlocking(Builders.kt:79)
	at kotlinx.coroutines.BuildersKt__BuildersKt.runBlocking(Builders.kt:54)
	at kotlinx.coroutines.BuildersKt.runBlocking(Unknown Source)
	at kotlinx.coroutines.BuildersKt__BuildersKt.runBlocking$default(Builders.kt:36)
	at kotlinx.coroutines.BuildersKt.runBlocking$default(Unknown Source)
	at io.kotest.core.runtime.ExecutorExecutionContext.executeWithTimeoutInterruption-D5N0EJY(ExecutorExecutionContext.kt:46)
	at io.kotest.core.runtime.TestCaseExecutor$executeAndWait$2.invokeSuspend(TestCaseExecutor.kt:182)
	at io.kotest.core.runtime.TestCaseExecutor$executeAndWait$2.invoke(TestCaseExecutor.kt)
	at kotlinx.coroutines.intrinsics.UndispatchedKt.startUndispatchedOrReturnIgnoreTimeout(Undispatched.kt:102)
	at kotlinx.coroutines.TimeoutKt.setupTimeout(Timeout.kt:111)
	at kotlinx.coroutines.TimeoutKt.withTimeout(Timeout.kt:32)
	at io.kotest.core.runtime.TestCaseExecutor.executeAndWait(TestCaseExecutor.kt:180)
	at io.kotest.core.runtime.TestCaseExecutor.invokeTestCase(TestCaseExecutor.kt:149)
	at io.kotest.core.runtime.TestCaseExecutor.executeActiveTest(TestCaseExecutor.kt:118)
	at io.kotest.core.runtime.TestCaseExecutor$intercept$2.invokeSuspend(TestCaseExecutor.kt:69)
	at io.kotest.core.runtime.TestCaseExecutor$intercept$2.invoke(TestCaseExecutor.kt)
	at io.kotest.core.runtime.TestCaseExecutor.executeIfActive(TestCaseExecutor.kt:83)
	at io.kotest.core.runtime.TestCaseExecutor.intercept(TestCaseExecutor.kt:69)
	at io.kotest.core.runtime.TestCaseExecutor.execute(TestCaseExecutor.kt:50)
	at io.kotest.core.engine.SingleInstanceSpecRunner.runTest(SingleInstanceSpecRunner.kt:61)
	at io.kotest.core.engine.SingleInstanceSpecRunner$execute$2$invokeSuspend$$inlined$invoke$lambda$1.invokeSuspend(SingleInstanceSpecRunner.kt:71)
	at io.kotest.core.engine.SingleInstanceSpecRunner$execute$2$invokeSuspend$$inlined$invoke$lambda$1.invoke(SingleInstanceSpecRunner.kt)
	at io.kotest.core.engine.SpecRunner$runParallel$$inlined$map$lambda$2$1.invokeSuspend(SpecRunner.kt:78)
	at kotlin.coroutines.jvm.internal.BaseContinuationImpl.resumeWith(ContinuationImpl.kt:33)
	at kotlinx.coroutines.DispatchedTask.run(DispatchedTask.kt:56)
	at kotlinx.coroutines.EventLoopImplBase.processNextEvent(EventLoop.common.kt:274)
	at kotlinx.coroutines.BlockingCoroutine.joinBlocking(Builders.kt:79)
	at kotlinx.coroutines.BuildersKt__BuildersKt.runBlocking(Builders.kt:54)
	at kotlinx.coroutines.BuildersKt.runBlocking(Unknown Source)
	at kotlinx.coroutines.BuildersKt__BuildersKt.runBlocking$default(Builders.kt:36)
	at kotlinx.coroutines.BuildersKt.runBlocking$default(Unknown Source)
	at io.kotest.core.engine.SpecRunner$runParallel$$inlined$map$lambda$2.run(SpecRunner.kt:77)
	at java.base/java.util.concurrent.Executors$RunnableAdapter.call(Executors.java:515)
	at java.base/java.util.concurrent.FutureTask.run(FutureTask.java:264)
	at java.base/java.util.concurrent.ThreadPoolExecutor.runWorker(ThreadPoolExecutor.java:1128)
	at java.base/java.util.concurrent.ThreadPoolExecutor$Worker.run(ThreadPoolExecutor.java:628)
	at java.base/java.lang.Thread.run(Thread.java:830)
</pre>
</span>
</div>
<div class="test">
<a name="default configuration should"></a>
<h3 class="failures">default configuration should</h3>
<span class="code">
<pre>java.lang.AssertionError: &quot;
&gt; Task :greet
property(java.lang.String, fixed(class java.lang.String, Hello from)) Gradle

Deprecated Gradle features were used in this build, making it incompatible with Gradle 7.0.
Use '--warning-mode all' to show the individual deprecation warnings.
See https://docs.gradle.org/6.5/userguide/command_line_interface.html#sec:command_line_warnings

BUILD SUCCESSFUL in 5s
1 actionable task: 1 executed
&quot; should include substring &quot;Hello from Gradle&quot;
	at PluginTest$1$6$1$2.invokeSuspend(TestPlugin.kt:68)
	at PluginTest$1$6$1$2.invoke(TestPlugin.kt)
	at io.kotest.core.runtime.ExecutionsKt$executeWithBehaviours$2$1.invokeSuspend(executions.kt:16)
	at io.kotest.core.runtime.ExecutionsKt$executeWithBehaviours$2$1.invoke(executions.kt)
	at io.kotest.core.runtime.ExecutionsKt.wrapTestWithGlobalAssert(executions.kt:43)
	at io.kotest.core.runtime.ExecutionsKt$executeWithBehaviours$2.invokeSuspend(executions.kt:15)
	at io.kotest.core.runtime.ExecutionsKt$executeWithBehaviours$2.invoke(executions.kt)
	at io.kotest.core.runtime.ExecutionsKt$wrapTestWithAssertionModeCheck$2.invokeSuspend(executions.kt:29)
	at io.kotest.core.runtime.ExecutionsKt$wrapTestWithAssertionModeCheck$2.invoke(executions.kt)
	at io.kotest.core.test.AssertionModeKt.executeWithAssertionsCheck(AssertionMode.kt:39)
	at io.kotest.core.runtime.ExecutionsKt.wrapTestWithAssertionModeCheck(executions.kt:28)
	at io.kotest.core.runtime.ExecutionsKt.executeWithBehaviours(executions.kt:14)
	at io.kotest.core.runtime.TestCaseExecutor$executeAndWait$2$1$1$3$1.invokeSuspend(TestCaseExecutor.kt:195)
	at io.kotest.core.runtime.TestCaseExecutor$executeAndWait$2$1$1$3$1.invoke(TestCaseExecutor.kt)
	at kotlinx.coroutines.intrinsics.UndispatchedKt.startUndispatchedOrReturn(Undispatched.kt:91)
	at kotlinx.coroutines.CoroutineScopeKt.coroutineScope(CoroutineScope.kt:189)
	at io.kotest.core.runtime.TestCaseExecutor$executeAndWait$2$1$1$3.invokeSuspend(TestCaseExecutor.kt:189)
	at io.kotest.core.runtime.TestCaseExecutor$executeAndWait$2$1$1$3.invoke(TestCaseExecutor.kt)
	at io.kotest.core.runtime.ReplayKt.replay(replay.kt:19)
	at io.kotest.core.runtime.TestCaseExecutor$executeAndWait$2$1$1.invokeSuspend(TestCaseExecutor.kt:184)
	at io.kotest.core.runtime.TestCaseExecutor$executeAndWait$2$1$1.invoke(TestCaseExecutor.kt)
	at kotlinx.coroutines.intrinsics.UndispatchedKt.startUndispatchedOrReturnIgnoreTimeout(Undispatched.kt:102)
	at kotlinx.coroutines.TimeoutKt.setupTimeout(Timeout.kt:111)
	at kotlinx.coroutines.TimeoutKt.withTimeout(Timeout.kt:32)
	at io.kotest.core.runtime.TestCaseExecutor$executeAndWait$2$1.invokeSuspend(TestCaseExecutor.kt:183)
	at io.kotest.core.runtime.TestCaseExecutor$executeAndWait$2$1.invoke(TestCaseExecutor.kt)
	at io.kotest.core.runtime.ExecutorExecutionContext$executeWithTimeoutInterruption$$inlined$suspendCoroutine$lambda$2.invokeSuspend(ExecutorExecutionContext.kt:47)
	at ???(Coroutine boundary.?(?)
	at io.kotest.core.runtime.TestCaseExecutor$executeAndWait$2$1$1$3.invokeSuspend(TestCaseExecutor.kt:189)
	at io.kotest.core.runtime.ReplayKt.replay(replay.kt:19)
	at io.kotest.core.runtime.TestCaseExecutor$executeAndWait$2$1$1.invokeSuspend(TestCaseExecutor.kt:188)
	at io.kotest.core.runtime.TestCaseExecutor$executeAndWait$2$1.invokeSuspend(TestCaseExecutor.kt:183)
	at io.kotest.core.runtime.TestCaseExecutor.executeAndWait(TestCaseExecutor.kt:180)
	at io.kotest.core.runtime.TestCaseExecutor.invokeTestCase(TestCaseExecutor.kt:149)
	at io.kotest.core.runtime.TestCaseExecutor.executeActiveTest(TestCaseExecutor.kt:118)
	at io.kotest.core.runtime.TestCaseExecutor$intercept$2.invokeSuspend(TestCaseExecutor.kt:69)
	at io.kotest.core.runtime.TestCaseExecutor.executeIfActive(TestCaseExecutor.kt:83)
	at io.kotest.core.runtime.TestCaseExecutor.intercept(TestCaseExecutor.kt:69)
	at io.kotest.core.runtime.TestCaseExecutor.execute(TestCaseExecutor.kt:50)
	at io.kotest.core.engine.SingleInstanceSpecRunner.runTest(SingleInstanceSpecRunner.kt:61)
	at PluginTest$1$6$1.invokeSuspend(TestPlugin.kt:67)
	at io.kotest.core.spec.style.scopes.FreeScope$minus$2.invokeSuspend(FreeScope.kt:20)
	at io.kotest.core.runtime.ExecutionsKt$executeWithBehaviours$2$1.invokeSuspend(executions.kt:16)
	at io.kotest.core.runtime.ExecutionsKt.wrapTestWithGlobalAssert(executions.kt:43)
	at io.kotest.core.runtime.ExecutionsKt$executeWithBehaviours$2.invokeSuspend(executions.kt:15)
	at io.kotest.core.runtime.ExecutionsKt.wrapTestWithAssertionModeCheck(executions.kt:27)
	at io.kotest.core.runtime.TestCaseExecutor$executeAndWait$2$1$1$3$1.invokeSuspend(TestCaseExecutor.kt:195)
Caused by: java.lang.AssertionError: &quot;
&gt; Task :greet
property(java.lang.String, fixed(class java.lang.String, Hello from)) Gradle

Deprecated Gradle features were used in this build, making it incompatible with Gradle 7.0.
Use '--warning-mode all' to show the individual deprecation warnings.
See https://docs.gradle.org/6.5/userguide/command_line_interface.html#sec:command_line_warnings

BUILD SUCCESSFUL in 5s
1 actionable task: 1 executed
&quot; should include substring &quot;Hello from Gradle&quot;
	at PluginTest$1$6$1$2.invokeSuspend(TestPlugin.kt:68)
	at PluginTest$1$6$1$2.invoke(TestPlugin.kt)
	at io.kotest.core.runtime.ExecutionsKt$executeWithBehaviours$2$1.invokeSuspend(executions.kt:16)
	at io.kotest.core.runtime.ExecutionsKt$executeWithBehaviours$2$1.invoke(executions.kt)
	at io.kotest.core.runtime.ExecutionsKt.wrapTestWithGlobalAssert(executions.kt:43)
	at io.kotest.core.runtime.ExecutionsKt$executeWithBehaviours$2.invokeSuspend(executions.kt:15)
	at io.kotest.core.runtime.ExecutionsKt$executeWithBehaviours$2.invoke(executions.kt)
	at io.kotest.core.runtime.ExecutionsKt$wrapTestWithAssertionModeCheck$2.invokeSuspend(executions.kt:29)
	at io.kotest.core.runtime.ExecutionsKt$wrapTestWithAssertionModeCheck$2.invoke(executions.kt)
	at io.kotest.core.test.AssertionModeKt.executeWithAssertionsCheck(AssertionMode.kt:39)
	at io.kotest.core.runtime.ExecutionsKt.wrapTestWithAssertionModeCheck(executions.kt:28)
	at io.kotest.core.runtime.ExecutionsKt.executeWithBehaviours(executions.kt:14)
	at io.kotest.core.runtime.TestCaseExecutor$executeAndWait$2$1$1$3$1.invokeSuspend(TestCaseExecutor.kt:195)
	at io.kotest.core.runtime.TestCaseExecutor$executeAndWait$2$1$1$3$1.invoke(TestCaseExecutor.kt)
	at kotlinx.coroutines.intrinsics.UndispatchedKt.startUndispatchedOrReturn(Undispatched.kt:91)
	at kotlinx.coroutines.CoroutineScopeKt.coroutineScope(CoroutineScope.kt:189)
	at io.kotest.core.runtime.TestCaseExecutor$executeAndWait$2$1$1$3.invokeSuspend(TestCaseExecutor.kt:189)
	at io.kotest.core.runtime.TestCaseExecutor$executeAndWait$2$1$1$3.invoke(TestCaseExecutor.kt)
	at io.kotest.core.runtime.ReplayKt.replay(replay.kt:19)
	at io.kotest.core.runtime.TestCaseExecutor$executeAndWait$2$1$1.invokeSuspend(TestCaseExecutor.kt:184)
	at io.kotest.core.runtime.TestCaseExecutor$executeAndWait$2$1$1.invoke(TestCaseExecutor.kt)
	at kotlinx.coroutines.intrinsics.UndispatchedKt.startUndispatchedOrReturnIgnoreTimeout(Undispatched.kt:102)
	at kotlinx.coroutines.TimeoutKt.setupTimeout(Timeout.kt:111)
	at kotlinx.coroutines.TimeoutKt.withTimeout(Timeout.kt:32)
	at io.kotest.core.runtime.TestCaseExecutor$executeAndWait$2$1.invokeSuspend(TestCaseExecutor.kt:183)
	at io.kotest.core.runtime.TestCaseExecutor$executeAndWait$2$1.invoke(TestCaseExecutor.kt)
	at io.kotest.core.runtime.ExecutorExecutionContext$executeWithTimeoutInterruption$$inlined$suspendCoroutine$lambda$2.invokeSuspend(ExecutorExecutionContext.kt:47)
	at kotlin.coroutines.jvm.internal.BaseContinuationImpl.resumeWith(ContinuationImpl.kt:33)
	at kotlinx.coroutines.DispatchedTask.run(DispatchedTask.kt:56)
	at kotlinx.coroutines.EventLoopImplBase.processNextEvent(EventLoop.common.kt:274)
	at kotlinx.coroutines.BlockingCoroutine.joinBlocking(Builders.kt:79)
	at kotlinx.coroutines.BuildersKt__BuildersKt.runBlocking(Builders.kt:54)
	at kotlinx.coroutines.BuildersKt.runBlocking(Unknown Source)
	at kotlinx.coroutines.BuildersKt__BuildersKt.runBlocking$default(Builders.kt:36)
	at kotlinx.coroutines.BuildersKt.runBlocking$default(Unknown Source)
	at io.kotest.core.runtime.ExecutorExecutionContext.executeWithTimeoutInterruption-D5N0EJY(ExecutorExecutionContext.kt:46)
	at io.kotest.core.runtime.TestCaseExecutor$executeAndWait$2.invokeSuspend(TestCaseExecutor.kt:182)
	at io.kotest.core.runtime.TestCaseExecutor$executeAndWait$2.invoke(TestCaseExecutor.kt)
	at kotlinx.coroutines.intrinsics.UndispatchedKt.startUndispatchedOrReturnIgnoreTimeout(Undispatched.kt:102)
	at kotlinx.coroutines.TimeoutKt.setupTimeout(Timeout.kt:111)
	at kotlinx.coroutines.TimeoutKt.withTimeout(Timeout.kt:32)
	at io.kotest.core.runtime.TestCaseExecutor.executeAndWait(TestCaseExecutor.kt:180)
	at io.kotest.core.runtime.TestCaseExecutor.invokeTestCase(TestCaseExecutor.kt:149)
	at io.kotest.core.runtime.TestCaseExecutor.executeActiveTest(TestCaseExecutor.kt:118)
	at io.kotest.core.runtime.TestCaseExecutor$intercept$2.invokeSuspend(TestCaseExecutor.kt:69)
	at io.kotest.core.runtime.TestCaseExecutor$intercept$2.invoke(TestCaseExecutor.kt)
	at io.kotest.core.runtime.TestCaseExecutor.executeIfActive(TestCaseExecutor.kt:83)
	at io.kotest.core.runtime.TestCaseExecutor.intercept(TestCaseExecutor.kt:69)
	at io.kotest.core.runtime.TestCaseExecutor.execute(TestCaseExecutor.kt:50)
	at io.kotest.core.engine.SingleInstanceSpecRunner.runTest(SingleInstanceSpecRunner.kt:61)
	at io.kotest.core.engine.SingleInstanceSpecRunner$Context.registerTestCase(SingleInstanceSpecRunner.kt:39)
	at io.kotest.core.runtime.TestCaseExecutor$executeAndWait$2$1$1$3$1$contextp$1.registerTestCase(TestCaseExecutor.kt:192)
	at io.kotest.core.test.TestContext.registerTestCase(TestContext.kt:41)
	at io.kotest.core.spec.style.scopes.ContainerScope$DefaultImpls.addTest(ContainerScope.kt:50)
	at io.kotest.core.spec.style.scopes.FreeScope.addTest(FreeScope.kt:10)
	at io.kotest.core.spec.style.scopes.ContainerScope$DefaultImpls.addTest(ContainerScope.kt:39)
	at io.kotest.core.spec.style.scopes.FreeScope.addTest(FreeScope.kt:10)
	at io.kotest.core.spec.style.scopes.FreeScope.invoke(FreeScope.kt:31)
	at PluginTest$1$6$1.invokeSuspend(TestPlugin.kt:67)
	at PluginTest$1$6$1.invoke(TestPlugin.kt)
	at io.kotest.core.spec.style.scopes.FreeScope$minus$2.invokeSuspend(FreeScope.kt:20)
	at io.kotest.core.spec.style.scopes.FreeScope$minus$2.invoke(FreeScope.kt)
	at io.kotest.core.runtime.ExecutionsKt$executeWithBehaviours$2$1.invokeSuspend(executions.kt:16)
	at io.kotest.core.runtime.ExecutionsKt$executeWithBehaviours$2$1.invoke(executions.kt)
	at io.kotest.core.runtime.ExecutionsKt.wrapTestWithGlobalAssert(executions.kt:43)
	at io.kotest.core.runtime.ExecutionsKt$executeWithBehaviours$2.invokeSuspend(executions.kt:15)
	at io.kotest.core.runtime.ExecutionsKt$executeWithBehaviours$2.invoke(executions.kt)
	at io.kotest.core.runtime.ExecutionsKt.wrapTestWithAssertionModeCheck(executions.kt:27)
	at io.kotest.core.runtime.ExecutionsKt.executeWithBehaviours(executions.kt:14)
	at io.kotest.core.runtime.TestCaseExecutor$executeAndWait$2$1$1$3$1.invokeSuspend(TestCaseExecutor.kt:195)
	at io.kotest.core.runtime.TestCaseExecutor$executeAndWait$2$1$1$3$1.invoke(TestCaseExecutor.kt)
	at kotlinx.coroutines.intrinsics.UndispatchedKt.startUndispatchedOrReturn(Undispatched.kt:91)
	at kotlinx.coroutines.CoroutineScopeKt.coroutineScope(CoroutineScope.kt:189)
	at io.kotest.core.runtime.TestCaseExecutor$executeAndWait$2$1$1$3.invokeSuspend(TestCaseExecutor.kt:189)
	at io.kotest.core.runtime.TestCaseExecutor$executeAndWait$2$1$1$3.invoke(TestCaseExecutor.kt)
	at io.kotest.core.runtime.ReplayKt.replay(replay.kt:19)
	at io.kotest.core.runtime.TestCaseExecutor$executeAndWait$2$1$1.invokeSuspend(TestCaseExecutor.kt:184)
	at io.kotest.core.runtime.TestCaseExecutor$executeAndWait$2$1$1.invoke(TestCaseExecutor.kt)
	at kotlinx.coroutines.intrinsics.UndispatchedKt.startUndispatchedOrReturnIgnoreTimeout(Undispatched.kt:102)
	at kotlinx.coroutines.TimeoutKt.setupTimeout(Timeout.kt:111)
	at kotlinx.coroutines.TimeoutKt.withTimeout(Timeout.kt:32)
	at io.kotest.core.runtime.TestCaseExecutor$executeAndWait$2$1.invokeSuspend(TestCaseExecutor.kt:183)
	at io.kotest.core.runtime.TestCaseExecutor$executeAndWait$2$1.invoke(TestCaseExecutor.kt)
	at io.kotest.core.runtime.ExecutorExecutionContext$executeWithTimeoutInterruption$$inlined$suspendCoroutine$lambda$2.invokeSuspend(ExecutorExecutionContext.kt:47)
	at kotlin.coroutines.jvm.internal.BaseContinuationImpl.resumeWith(ContinuationImpl.kt:33)
	at kotlinx.coroutines.DispatchedTask.run(DispatchedTask.kt:56)
	at kotlinx.coroutines.EventLoopImplBase.processNextEvent(EventLoop.common.kt:274)
	at kotlinx.coroutines.BlockingCoroutine.joinBlocking(Builders.kt:79)
	at kotlinx.coroutines.BuildersKt__BuildersKt.runBlocking(Builders.kt:54)
	at kotlinx.coroutines.BuildersKt.runBlocking(Unknown Source)
	at kotlinx.coroutines.BuildersKt__BuildersKt.runBlocking$default(Builders.kt:36)
	at kotlinx.coroutines.BuildersKt.runBlocking$default(Unknown Source)
	at io.kotest.core.runtime.ExecutorExecutionContext.executeWithTimeoutInterruption-D5N0EJY(ExecutorExecutionContext.kt:46)
	at io.kotest.core.runtime.TestCaseExecutor$executeAndWait$2.invokeSuspend(TestCaseExecutor.kt:182)
	at io.kotest.core.runtime.TestCaseExecutor$executeAndWait$2.invoke(TestCaseExecutor.kt)
	at kotlinx.coroutines.intrinsics.UndispatchedKt.startUndispatchedOrReturnIgnoreTimeout(Undispatched.kt:102)
	at kotlinx.coroutines.TimeoutKt.setupTimeout(Timeout.kt:111)
	at kotlinx.coroutines.TimeoutKt.withTimeout(Timeout.kt:32)
	at io.kotest.core.runtime.TestCaseExecutor.executeAndWait(TestCaseExecutor.kt:180)
	at io.kotest.core.runtime.TestCaseExecutor.invokeTestCase(TestCaseExecutor.kt:149)
	at io.kotest.core.runtime.TestCaseExecutor.executeActiveTest(TestCaseExecutor.kt:118)
	at io.kotest.core.runtime.TestCaseExecutor$intercept$2.invokeSuspend(TestCaseExecutor.kt:69)
	at io.kotest.core.runtime.TestCaseExecutor$intercept$2.invoke(TestCaseExecutor.kt)
	at io.kotest.core.runtime.TestCaseExecutor.executeIfActive(TestCaseExecutor.kt:83)
	at io.kotest.core.runtime.TestCaseExecutor.intercept(TestCaseExecutor.kt:69)
	at io.kotest.core.runtime.TestCaseExecutor.execute(TestCaseExecutor.kt:50)
	at io.kotest.core.engine.SingleInstanceSpecRunner.runTest(SingleInstanceSpecRunner.kt:61)
	at io.kotest.core.engine.SingleInstanceSpecRunner$Context.registerTestCase(SingleInstanceSpecRunner.kt:39)
	at io.kotest.core.runtime.TestCaseExecutor$executeAndWait$2$1$1$3$1$contextp$1.registerTestCase(TestCaseExecutor.kt:192)
	at io.kotest.core.test.TestContext.registerTestCase(TestContext.kt:41)
	at io.kotest.core.spec.style.scopes.ContainerScope$DefaultImpls.addTest(ContainerScope.kt:50)
	at io.kotest.core.spec.style.scopes.FreeScope.addTest(FreeScope.kt:10)
	at io.kotest.core.spec.style.scopes.ContainerScope$DefaultImpls.addContainerTest(ContainerScope.kt:35)
	at io.kotest.core.spec.style.scopes.FreeScope.addContainerTest(FreeScope.kt:10)
	at io.kotest.core.spec.style.scopes.FreeScope.minus(FreeScope.kt:19)
	at PluginTest$1$6.invokeSuspend(TestPlugin.kt:56)
	at PluginTest$1$6.invoke(TestPlugin.kt)
	at io.kotest.core.spec.style.scopes.FreeSpecScope$minus$1.invokeSuspend(FreeSpecScope.kt:17)
	at io.kotest.core.spec.style.scopes.FreeSpecScope$minus$1.invoke(FreeSpecScope.kt)
	at io.kotest.core.runtime.ExecutionsKt$executeWithBehaviours$2$1.invokeSuspend(executions.kt:16)
	at io.kotest.core.runtime.ExecutionsKt$executeWithBehaviours$2$1.invoke(executions.kt)
	at io.kotest.core.runtime.ExecutionsKt.wrapTestWithGlobalAssert(executions.kt:43)
	at io.kotest.core.runtime.ExecutionsKt$executeWithBehaviours$2.invokeSuspend(executions.kt:15)
	at io.kotest.core.runtime.ExecutionsKt$executeWithBehaviours$2.invoke(executions.kt)
	at io.kotest.core.runtime.ExecutionsKt.wrapTestWithAssertionModeCheck(executions.kt:27)
	at io.kotest.core.runtime.ExecutionsKt.executeWithBehaviours(executions.kt:14)
	at io.kotest.core.runtime.TestCaseExecutor$executeAndWait$2$1$1$3$1.invokeSuspend(TestCaseExecutor.kt:195)
	at io.kotest.core.runtime.TestCaseExecutor$executeAndWait$2$1$1$3$1.invoke(TestCaseExecutor.kt)
	at kotlinx.coroutines.intrinsics.UndispatchedKt.startUndispatchedOrReturn(Undispatched.kt:91)
	at kotlinx.coroutines.CoroutineScopeKt.coroutineScope(CoroutineScope.kt:189)
	at io.kotest.core.runtime.TestCaseExecutor$executeAndWait$2$1$1$3.invokeSuspend(TestCaseExecutor.kt:189)
	at io.kotest.core.runtime.TestCaseExecutor$executeAndWait$2$1$1$3.invoke(TestCaseExecutor.kt)
	at io.kotest.core.runtime.ReplayKt.replay(replay.kt:19)
	at io.kotest.core.runtime.TestCaseExecutor$executeAndWait$2$1$1.invokeSuspend(TestCaseExecutor.kt:184)
	at io.kotest.core.runtime.TestCaseExecutor$executeAndWait$2$1$1.invoke(TestCaseExecutor.kt)
	at kotlinx.coroutines.intrinsics.UndispatchedKt.startUndispatchedOrReturnIgnoreTimeout(Undispatched.kt:102)
	at kotlinx.coroutines.TimeoutKt.setupTimeout(Timeout.kt:111)
	at kotlinx.coroutines.TimeoutKt.withTimeout(Timeout.kt:32)
	at io.kotest.core.runtime.TestCaseExecutor$executeAndWait$2$1.invokeSuspend(TestCaseExecutor.kt:183)
	at io.kotest.core.runtime.TestCaseExecutor$executeAndWait$2$1.invoke(TestCaseExecutor.kt)
	at io.kotest.core.runtime.ExecutorExecutionContext$executeWithTimeoutInterruption$$inlined$suspendCoroutine$lambda$2.invokeSuspend(ExecutorExecutionContext.kt:47)
	at kotlin.coroutines.jvm.internal.BaseContinuationImpl.resumeWith(ContinuationImpl.kt:33)
	at kotlinx.coroutines.DispatchedTask.run(DispatchedTask.kt:56)
	at kotlinx.coroutines.EventLoopImplBase.processNextEvent(EventLoop.common.kt:274)
	at kotlinx.coroutines.BlockingCoroutine.joinBlocking(Builders.kt:79)
	at kotlinx.coroutines.BuildersKt__BuildersKt.runBlocking(Builders.kt:54)
	at kotlinx.coroutines.BuildersKt.runBlocking(Unknown Source)
	at kotlinx.coroutines.BuildersKt__BuildersKt.runBlocking$default(Builders.kt:36)
	at kotlinx.coroutines.BuildersKt.runBlocking$default(Unknown Source)
	at io.kotest.core.runtime.ExecutorExecutionContext.executeWithTimeoutInterruption-D5N0EJY(ExecutorExecutionContext.kt:46)
	at io.kotest.core.runtime.TestCaseExecutor$executeAndWait$2.invokeSuspend(TestCaseExecutor.kt:182)
	at io.kotest.core.runtime.TestCaseExecutor$executeAndWait$2.invoke(TestCaseExecutor.kt)
	at kotlinx.coroutines.intrinsics.UndispatchedKt.startUndispatchedOrReturnIgnoreTimeout(Undispatched.kt:102)
	at kotlinx.coroutines.TimeoutKt.setupTimeout(Timeout.kt:111)
	at kotlinx.coroutines.TimeoutKt.withTimeout(Timeout.kt:32)
	at io.kotest.core.runtime.TestCaseExecutor.executeAndWait(TestCaseExecutor.kt:180)
	at io.kotest.core.runtime.TestCaseExecutor.invokeTestCase(TestCaseExecutor.kt:149)
	at io.kotest.core.runtime.TestCaseExecutor.executeActiveTest(TestCaseExecutor.kt:118)
	at io.kotest.core.runtime.TestCaseExecutor$intercept$2.invokeSuspend(TestCaseExecutor.kt:69)
	at io.kotest.core.runtime.TestCaseExecutor$intercept$2.invoke(TestCaseExecutor.kt)
	at io.kotest.core.runtime.TestCaseExecutor.executeIfActive(TestCaseExecutor.kt:83)
	at io.kotest.core.runtime.TestCaseExecutor.intercept(TestCaseExecutor.kt:69)
	at io.kotest.core.runtime.TestCaseExecutor.execute(TestCaseExecutor.kt:50)
	at io.kotest.core.engine.SingleInstanceSpecRunner.runTest(SingleInstanceSpecRunner.kt:61)
	at io.kotest.core.engine.SingleInstanceSpecRunner$execute$2$invokeSuspend$$inlined$invoke$lambda$1.invokeSuspend(SingleInstanceSpecRunner.kt:71)
	at io.kotest.core.engine.SingleInstanceSpecRunner$execute$2$invokeSuspend$$inlined$invoke$lambda$1.invoke(SingleInstanceSpecRunner.kt)
	at io.kotest.core.engine.SpecRunner$runParallel$$inlined$map$lambda$2$1.invokeSuspend(SpecRunner.kt:78)
	at kotlin.coroutines.jvm.internal.BaseContinuationImpl.resumeWith(ContinuationImpl.kt:33)
	at kotlinx.coroutines.DispatchedTask.run(DispatchedTask.kt:56)
	at kotlinx.coroutines.EventLoopImplBase.processNextEvent(EventLoop.common.kt:274)
	at kotlinx.coroutines.BlockingCoroutine.joinBlocking(Builders.kt:79)
	at kotlinx.coroutines.BuildersKt__BuildersKt.runBlocking(Builders.kt:54)
	at kotlinx.coroutines.BuildersKt.runBlocking(Unknown Source)
	at kotlinx.coroutines.BuildersKt__BuildersKt.runBlocking$default(Builders.kt:36)
	at kotlinx.coroutines.BuildersKt.runBlocking$default(Unknown Source)
	at io.kotest.core.engine.SpecRunner$runParallel$$inlined$map$lambda$2.run(SpecRunner.kt:77)
	at java.base/java.util.concurrent.Executors$RunnableAdapter.call(Executors.java:515)
	at java.base/java.util.concurrent.FutureTask.run(FutureTask.java:264)
	at java.base/java.util.concurrent.ThreadPoolExecutor.runWorker(ThreadPoolExecutor.java:1128)
	at java.base/java.util.concurrent.ThreadPoolExecutor$Worker.run(ThreadPoolExecutor.java:628)
	at java.base/java.lang.Thread.run(Thread.java:830)
</pre>
</span>
</div>
<div class="test">
<a name="executionError"></a>
<h3 class="failures">executionError</h3>
<span class="code">
<pre>java.lang.AssertionError: &quot;
&gt; Task :greet
property(java.lang.String, fixed(class java.lang.String, Ciao da)) Gradle

Deprecated Gradle features were used in this build, making it incompatible with Gradle 7.0.
Use '--warning-mode all' to show the individual deprecation warnings.
See https://docs.gradle.org/6.5/userguide/command_line_interface.html#sec:command_line_warnings

BUILD SUCCESSFUL in 650ms
1 actionable task: 1 executed
&quot; should include substring &quot;Ciao da Gradle&quot;
	at PluginTest$1$6$2$2.invokeSuspend(TestPlugin.kt:86)
	at PluginTest$1$6$2$2.invoke(TestPlugin.kt)
	at io.kotest.core.runtime.ExecutionsKt$executeWithBehaviours$2$1.invokeSuspend(executions.kt:16)
	at io.kotest.core.runtime.ExecutionsKt$executeWithBehaviours$2$1.invoke(executions.kt)
	at io.kotest.core.runtime.ExecutionsKt.wrapTestWithGlobalAssert(executions.kt:43)
	at io.kotest.core.runtime.ExecutionsKt$executeWithBehaviours$2.invokeSuspend(executions.kt:15)
	at io.kotest.core.runtime.ExecutionsKt$executeWithBehaviours$2.invoke(executions.kt)
	at io.kotest.core.runtime.ExecutionsKt$wrapTestWithAssertionModeCheck$2.invokeSuspend(executions.kt:29)
	at io.kotest.core.runtime.ExecutionsKt$wrapTestWithAssertionModeCheck$2.invoke(executions.kt)
	at io.kotest.core.test.AssertionModeKt.executeWithAssertionsCheck(AssertionMode.kt:39)
	at io.kotest.core.runtime.ExecutionsKt.wrapTestWithAssertionModeCheck(executions.kt:28)
	at io.kotest.core.runtime.ExecutionsKt.executeWithBehaviours(executions.kt:14)
	at io.kotest.core.runtime.TestCaseExecutor$executeAndWait$2$1$1$3$1.invokeSuspend(TestCaseExecutor.kt:195)
	at io.kotest.core.runtime.TestCaseExecutor$executeAndWait$2$1$1$3$1.invoke(TestCaseExecutor.kt)
	at kotlinx.coroutines.intrinsics.UndispatchedKt.startUndispatchedOrReturn(Undispatched.kt:91)
	at kotlinx.coroutines.CoroutineScopeKt.coroutineScope(CoroutineScope.kt:189)
	at io.kotest.core.runtime.TestCaseExecutor$executeAndWait$2$1$1$3.invokeSuspend(TestCaseExecutor.kt:189)
	at io.kotest.core.runtime.TestCaseExecutor$executeAndWait$2$1$1$3.invoke(TestCaseExecutor.kt)
	at io.kotest.core.runtime.ReplayKt.replay(replay.kt:19)
	at io.kotest.core.runtime.TestCaseExecutor$executeAndWait$2$1$1.invokeSuspend(TestCaseExecutor.kt:184)
	at io.kotest.core.runtime.TestCaseExecutor$executeAndWait$2$1$1.invoke(TestCaseExecutor.kt)
	at kotlinx.coroutines.intrinsics.UndispatchedKt.startUndispatchedOrReturnIgnoreTimeout(Undispatched.kt:102)
	at kotlinx.coroutines.TimeoutKt.setupTimeout(Timeout.kt:111)
	at kotlinx.coroutines.TimeoutKt.withTimeout(Timeout.kt:32)
	at io.kotest.core.runtime.TestCaseExecutor$executeAndWait$2$1.invokeSuspend(TestCaseExecutor.kt:183)
	at io.kotest.core.runtime.TestCaseExecutor$executeAndWait$2$1.invoke(TestCaseExecutor.kt)
	at io.kotest.core.runtime.ExecutorExecutionContext$executeWithTimeoutInterruption$$inlined$suspendCoroutine$lambda$2.invokeSuspend(ExecutorExecutionContext.kt:47)
	at ???(Coroutine boundary.?(?)
	at io.kotest.core.runtime.TestCaseExecutor$executeAndWait$2$1$1$3.invokeSuspend(TestCaseExecutor.kt:189)
	at io.kotest.core.runtime.ReplayKt.replay(replay.kt:19)
	at io.kotest.core.runtime.TestCaseExecutor$executeAndWait$2$1$1.invokeSuspend(TestCaseExecutor.kt:188)
	at io.kotest.core.runtime.TestCaseExecutor$executeAndWait$2$1.invokeSuspend(TestCaseExecutor.kt:183)
	at io.kotest.core.runtime.TestCaseExecutor.executeAndWait(TestCaseExecutor.kt:180)
	at io.kotest.core.runtime.TestCaseExecutor.invokeTestCase(TestCaseExecutor.kt:149)
	at io.kotest.core.runtime.TestCaseExecutor.executeActiveTest(TestCaseExecutor.kt:118)
	at io.kotest.core.runtime.TestCaseExecutor$intercept$2.invokeSuspend(TestCaseExecutor.kt:69)
	at io.kotest.core.runtime.TestCaseExecutor.executeIfActive(TestCaseExecutor.kt:83)
	at io.kotest.core.runtime.TestCaseExecutor.intercept(TestCaseExecutor.kt:69)
	at io.kotest.core.runtime.TestCaseExecutor.execute(TestCaseExecutor.kt:50)
	at io.kotest.core.engine.SingleInstanceSpecRunner.runTest(SingleInstanceSpecRunner.kt:61)
	at PluginTest$1$6$2.invokeSuspend(TestPlugin.kt:85)
	at io.kotest.core.spec.style.scopes.FreeScope$minus$2.invokeSuspend(FreeScope.kt:20)
	at io.kotest.core.runtime.ExecutionsKt$executeWithBehaviours$2$1.invokeSuspend(executions.kt:16)
	at io.kotest.core.runtime.ExecutionsKt.wrapTestWithGlobalAssert(executions.kt:43)
	at io.kotest.core.runtime.ExecutionsKt$executeWithBehaviours$2.invokeSuspend(executions.kt:15)
	at io.kotest.core.runtime.ExecutionsKt.wrapTestWithAssertionModeCheck(executions.kt:27)
	at io.kotest.core.runtime.TestCaseExecutor$executeAndWait$2$1$1$3$1.invokeSuspend(TestCaseExecutor.kt:195)
Caused by: java.lang.AssertionError: &quot;
&gt; Task :greet
property(java.lang.String, fixed(class java.lang.String, Ciao da)) Gradle

Deprecated Gradle features were used in this build, making it incompatible with Gradle 7.0.
Use '--warning-mode all' to show the individual deprecation warnings.
See https://docs.gradle.org/6.5/userguide/command_line_interface.html#sec:command_line_warnings

BUILD SUCCESSFUL in 650ms
1 actionable task: 1 executed
&quot; should include substring &quot;Ciao da Gradle&quot;
	at PluginTest$1$6$2$2.invokeSuspend(TestPlugin.kt:86)
	at PluginTest$1$6$2$2.invoke(TestPlugin.kt)
	at io.kotest.core.runtime.ExecutionsKt$executeWithBehaviours$2$1.invokeSuspend(executions.kt:16)
	at io.kotest.core.runtime.ExecutionsKt$executeWithBehaviours$2$1.invoke(executions.kt)
	at io.kotest.core.runtime.ExecutionsKt.wrapTestWithGlobalAssert(executions.kt:43)
	at io.kotest.core.runtime.ExecutionsKt$executeWithBehaviours$2.invokeSuspend(executions.kt:15)
	at io.kotest.core.runtime.ExecutionsKt$executeWithBehaviours$2.invoke(executions.kt)
	at io.kotest.core.runtime.ExecutionsKt$wrapTestWithAssertionModeCheck$2.invokeSuspend(executions.kt:29)
	at io.kotest.core.runtime.ExecutionsKt$wrapTestWithAssertionModeCheck$2.invoke(executions.kt)
	at io.kotest.core.test.AssertionModeKt.executeWithAssertionsCheck(AssertionMode.kt:39)
	at io.kotest.core.runtime.ExecutionsKt.wrapTestWithAssertionModeCheck(executions.kt:28)
	at io.kotest.core.runtime.ExecutionsKt.executeWithBehaviours(executions.kt:14)
	at io.kotest.core.runtime.TestCaseExecutor$executeAndWait$2$1$1$3$1.invokeSuspend(TestCaseExecutor.kt:195)
	at io.kotest.core.runtime.TestCaseExecutor$executeAndWait$2$1$1$3$1.invoke(TestCaseExecutor.kt)
	at kotlinx.coroutines.intrinsics.UndispatchedKt.startUndispatchedOrReturn(Undispatched.kt:91)
	at kotlinx.coroutines.CoroutineScopeKt.coroutineScope(CoroutineScope.kt:189)
	at io.kotest.core.runtime.TestCaseExecutor$executeAndWait$2$1$1$3.invokeSuspend(TestCaseExecutor.kt:189)
	at io.kotest.core.runtime.TestCaseExecutor$executeAndWait$2$1$1$3.invoke(TestCaseExecutor.kt)
	at io.kotest.core.runtime.ReplayKt.replay(replay.kt:19)
	at io.kotest.core.runtime.TestCaseExecutor$executeAndWait$2$1$1.invokeSuspend(TestCaseExecutor.kt:184)
	at io.kotest.core.runtime.TestCaseExecutor$executeAndWait$2$1$1.invoke(TestCaseExecutor.kt)
	at kotlinx.coroutines.intrinsics.UndispatchedKt.startUndispatchedOrReturnIgnoreTimeout(Undispatched.kt:102)
	at kotlinx.coroutines.TimeoutKt.setupTimeout(Timeout.kt:111)
	at kotlinx.coroutines.TimeoutKt.withTimeout(Timeout.kt:32)
	at io.kotest.core.runtime.TestCaseExecutor$executeAndWait$2$1.invokeSuspend(TestCaseExecutor.kt:183)
	at io.kotest.core.runtime.TestCaseExecutor$executeAndWait$2$1.invoke(TestCaseExecutor.kt)
	at io.kotest.core.runtime.ExecutorExecutionContext$executeWithTimeoutInterruption$$inlined$suspendCoroutine$lambda$2.invokeSuspend(ExecutorExecutionContext.kt:47)
	at kotlin.coroutines.jvm.internal.BaseContinuationImpl.resumeWith(ContinuationImpl.kt:33)
	at kotlinx.coroutines.DispatchedTask.run(DispatchedTask.kt:56)
	at kotlinx.coroutines.EventLoopImplBase.processNextEvent(EventLoop.common.kt:274)
	at kotlinx.coroutines.BlockingCoroutine.joinBlocking(Builders.kt:79)
	at kotlinx.coroutines.BuildersKt__BuildersKt.runBlocking(Builders.kt:54)
	at kotlinx.coroutines.BuildersKt.runBlocking(Unknown Source)
	at kotlinx.coroutines.BuildersKt__BuildersKt.runBlocking$default(Builders.kt:36)
	at kotlinx.coroutines.BuildersKt.runBlocking$default(Unknown Source)
	at io.kotest.core.runtime.ExecutorExecutionContext.executeWithTimeoutInterruption-D5N0EJY(ExecutorExecutionContext.kt:46)
	at io.kotest.core.runtime.TestCaseExecutor$executeAndWait$2.invokeSuspend(TestCaseExecutor.kt:182)
	at io.kotest.core.runtime.TestCaseExecutor$executeAndWait$2.invoke(TestCaseExecutor.kt)
	at kotlinx.coroutines.intrinsics.UndispatchedKt.startUndispatchedOrReturnIgnoreTimeout(Undispatched.kt:102)
	at kotlinx.coroutines.TimeoutKt.setupTimeout(Timeout.kt:111)
	at kotlinx.coroutines.TimeoutKt.withTimeout(Timeout.kt:32)
	at io.kotest.core.runtime.TestCaseExecutor.executeAndWait(TestCaseExecutor.kt:180)
	at io.kotest.core.runtime.TestCaseExecutor.invokeTestCase(TestCaseExecutor.kt:149)
	at io.kotest.core.runtime.TestCaseExecutor.executeActiveTest(TestCaseExecutor.kt:118)
	at io.kotest.core.runtime.TestCaseExecutor$intercept$2.invokeSuspend(TestCaseExecutor.kt:69)
	at io.kotest.core.runtime.TestCaseExecutor$intercept$2.invoke(TestCaseExecutor.kt)
	at io.kotest.core.runtime.TestCaseExecutor.executeIfActive(TestCaseExecutor.kt:83)
	at io.kotest.core.runtime.TestCaseExecutor.intercept(TestCaseExecutor.kt:69)
	at io.kotest.core.runtime.TestCaseExecutor.execute(TestCaseExecutor.kt:50)
	at io.kotest.core.engine.SingleInstanceSpecRunner.runTest(SingleInstanceSpecRunner.kt:61)
	at io.kotest.core.engine.SingleInstanceSpecRunner$Context.registerTestCase(SingleInstanceSpecRunner.kt:39)
	at io.kotest.core.runtime.TestCaseExecutor$executeAndWait$2$1$1$3$1$contextp$1.registerTestCase(TestCaseExecutor.kt:192)
	at io.kotest.core.test.TestContext.registerTestCase(TestContext.kt:41)
	at io.kotest.core.spec.style.scopes.ContainerScope$DefaultImpls.addTest(ContainerScope.kt:50)
	at io.kotest.core.spec.style.scopes.FreeScope.addTest(FreeScope.kt:10)
	at io.kotest.core.spec.style.scopes.ContainerScope$DefaultImpls.addTest(ContainerScope.kt:39)
	at io.kotest.core.spec.style.scopes.FreeScope.addTest(FreeScope.kt:10)
	at io.kotest.core.spec.style.scopes.FreeScope.invoke(FreeScope.kt:31)
	at PluginTest$1$6$2.invokeSuspend(TestPlugin.kt:85)
	at PluginTest$1$6$2.invoke(TestPlugin.kt)
	at io.kotest.core.spec.style.scopes.FreeScope$minus$2.invokeSuspend(FreeScope.kt:20)
	at io.kotest.core.spec.style.scopes.FreeScope$minus$2.invoke(FreeScope.kt)
	at io.kotest.core.runtime.ExecutionsKt$executeWithBehaviours$2$1.invokeSuspend(executions.kt:16)
	at io.kotest.core.runtime.ExecutionsKt$executeWithBehaviours$2$1.invoke(executions.kt)
	at io.kotest.core.runtime.ExecutionsKt.wrapTestWithGlobalAssert(executions.kt:43)
	at io.kotest.core.runtime.ExecutionsKt$executeWithBehaviours$2.invokeSuspend(executions.kt:15)
	at io.kotest.core.runtime.ExecutionsKt$executeWithBehaviours$2.invoke(executions.kt)
	at io.kotest.core.runtime.ExecutionsKt.wrapTestWithAssertionModeCheck(executions.kt:27)
	at io.kotest.core.runtime.ExecutionsKt.executeWithBehaviours(executions.kt:14)
	at io.kotest.core.runtime.TestCaseExecutor$executeAndWait$2$1$1$3$1.invokeSuspend(TestCaseExecutor.kt:195)
	at io.kotest.core.runtime.TestCaseExecutor$executeAndWait$2$1$1$3$1.invoke(TestCaseExecutor.kt)
	at kotlinx.coroutines.intrinsics.UndispatchedKt.startUndispatchedOrReturn(Undispatched.kt:91)
	at kotlinx.coroutines.CoroutineScopeKt.coroutineScope(CoroutineScope.kt:189)
	at io.kotest.core.runtime.TestCaseExecutor$executeAndWait$2$1$1$3.invokeSuspend(TestCaseExecutor.kt:189)
	at io.kotest.core.runtime.TestCaseExecutor$executeAndWait$2$1$1$3.invoke(TestCaseExecutor.kt)
	at io.kotest.core.runtime.ReplayKt.replay(replay.kt:19)
	at io.kotest.core.runtime.TestCaseExecutor$executeAndWait$2$1$1.invokeSuspend(TestCaseExecutor.kt:184)
	at io.kotest.core.runtime.TestCaseExecutor$executeAndWait$2$1$1.invoke(TestCaseExecutor.kt)
	at kotlinx.coroutines.intrinsics.UndispatchedKt.startUndispatchedOrReturnIgnoreTimeout(Undispatched.kt:102)
	at kotlinx.coroutines.TimeoutKt.setupTimeout(Timeout.kt:111)
	at kotlinx.coroutines.TimeoutKt.withTimeout(Timeout.kt:32)
	at io.kotest.core.runtime.TestCaseExecutor$executeAndWait$2$1.invokeSuspend(TestCaseExecutor.kt:183)
	at io.kotest.core.runtime.TestCaseExecutor$executeAndWait$2$1.invoke(TestCaseExecutor.kt)
	at io.kotest.core.runtime.ExecutorExecutionContext$executeWithTimeoutInterruption$$inlined$suspendCoroutine$lambda$2.invokeSuspend(ExecutorExecutionContext.kt:47)
	at kotlin.coroutines.jvm.internal.BaseContinuationImpl.resumeWith(ContinuationImpl.kt:33)
	at kotlinx.coroutines.DispatchedTask.run(DispatchedTask.kt:56)
	at kotlinx.coroutines.EventLoopImplBase.processNextEvent(EventLoop.common.kt:274)
	at kotlinx.coroutines.BlockingCoroutine.joinBlocking(Builders.kt:79)
	at kotlinx.coroutines.BuildersKt__BuildersKt.runBlocking(Builders.kt:54)
	at kotlinx.coroutines.BuildersKt.runBlocking(Unknown Source)
	at kotlinx.coroutines.BuildersKt__BuildersKt.runBlocking$default(Builders.kt:36)
	at kotlinx.coroutines.BuildersKt.runBlocking$default(Unknown Source)
	at io.kotest.core.runtime.ExecutorExecutionContext.executeWithTimeoutInterruption-D5N0EJY(ExecutorExecutionContext.kt:46)
	at io.kotest.core.runtime.TestCaseExecutor$executeAndWait$2.invokeSuspend(TestCaseExecutor.kt:182)
	at io.kotest.core.runtime.TestCaseExecutor$executeAndWait$2.invoke(TestCaseExecutor.kt)
	at kotlinx.coroutines.intrinsics.UndispatchedKt.startUndispatchedOrReturnIgnoreTimeout(Undispatched.kt:102)
	at kotlinx.coroutines.TimeoutKt.setupTimeout(Timeout.kt:111)
	at kotlinx.coroutines.TimeoutKt.withTimeout(Timeout.kt:32)
	at io.kotest.core.runtime.TestCaseExecutor.executeAndWait(TestCaseExecutor.kt:180)
	at io.kotest.core.runtime.TestCaseExecutor.invokeTestCase(TestCaseExecutor.kt:149)
	at io.kotest.core.runtime.TestCaseExecutor.executeActiveTest(TestCaseExecutor.kt:118)
	at io.kotest.core.runtime.TestCaseExecutor$intercept$2.invokeSuspend(TestCaseExecutor.kt:69)
	at io.kotest.core.runtime.TestCaseExecutor$intercept$2.invoke(TestCaseExecutor.kt)
	at io.kotest.core.runtime.TestCaseExecutor.executeIfActive(TestCaseExecutor.kt:83)
	at io.kotest.core.runtime.TestCaseExecutor.intercept(TestCaseExecutor.kt:69)
	at io.kotest.core.runtime.TestCaseExecutor.execute(TestCaseExecutor.kt:50)
	at io.kotest.core.engine.SingleInstanceSpecRunner.runTest(SingleInstanceSpecRunner.kt:61)
	at io.kotest.core.engine.SingleInstanceSpecRunner$Context.registerTestCase(SingleInstanceSpecRunner.kt:39)
	at io.kotest.core.runtime.TestCaseExecutor$executeAndWait$2$1$1$3$1$contextp$1.registerTestCase(TestCaseExecutor.kt:192)
	at io.kotest.core.test.TestContext.registerTestCase(TestContext.kt:41)
	at io.kotest.core.spec.style.scopes.ContainerScope$DefaultImpls.addTest(ContainerScope.kt:50)
	at io.kotest.core.spec.style.scopes.FreeScope.addTest(FreeScope.kt:10)
	at io.kotest.core.spec.style.scopes.ContainerScope$DefaultImpls.addContainerTest(ContainerScope.kt:35)
	at io.kotest.core.spec.style.scopes.FreeScope.addContainerTest(FreeScope.kt:10)
	at io.kotest.core.spec.style.scopes.FreeScope.minus(FreeScope.kt:19)
	at PluginTest$1$6.invokeSuspend(TestPlugin.kt:71)
	at PluginTest$1$6.invoke(TestPlugin.kt)
	at io.kotest.core.spec.style.scopes.FreeSpecScope$minus$1.invokeSuspend(FreeSpecScope.kt:17)
	at io.kotest.core.spec.style.scopes.FreeSpecScope$minus$1.invoke(FreeSpecScope.kt)
	at io.kotest.core.runtime.ExecutionsKt$executeWithBehaviours$2$1.invokeSuspend(executions.kt:16)
	at io.kotest.core.runtime.ExecutionsKt$executeWithBehaviours$2$1.invoke(executions.kt)
	at io.kotest.core.runtime.ExecutionsKt.wrapTestWithGlobalAssert(executions.kt:43)
	at io.kotest.core.runtime.ExecutionsKt$executeWithBehaviours$2.invokeSuspend(executions.kt:15)
	at io.kotest.core.runtime.ExecutionsKt$executeWithBehaviours$2.invoke(executions.kt)
	at io.kotest.core.runtime.ExecutionsKt.wrapTestWithAssertionModeCheck(executions.kt:27)
	at io.kotest.core.runtime.ExecutionsKt.executeWithBehaviours(executions.kt:14)
	at io.kotest.core.runtime.TestCaseExecutor$executeAndWait$2$1$1$3$1.invokeSuspend(TestCaseExecutor.kt:195)
	at io.kotest.core.runtime.TestCaseExecutor$executeAndWait$2$1$1$3$1.invoke(TestCaseExecutor.kt)
	at kotlinx.coroutines.intrinsics.UndispatchedKt.startUndispatchedOrReturn(Undispatched.kt:91)
	at kotlinx.coroutines.CoroutineScopeKt.coroutineScope(CoroutineScope.kt:189)
	at io.kotest.core.runtime.TestCaseExecutor$executeAndWait$2$1$1$3.invokeSuspend(TestCaseExecutor.kt:189)
	at io.kotest.core.runtime.TestCaseExecutor$executeAndWait$2$1$1$3.invoke(TestCaseExecutor.kt)
	at io.kotest.core.runtime.ReplayKt.replay(replay.kt:19)
	at io.kotest.core.runtime.TestCaseExecutor$executeAndWait$2$1$1.invokeSuspend(TestCaseExecutor.kt:184)
	at io.kotest.core.runtime.TestCaseExecutor$executeAndWait$2$1$1.invoke(TestCaseExecutor.kt)
	at kotlinx.coroutines.intrinsics.UndispatchedKt.startUndispatchedOrReturnIgnoreTimeout(Undispatched.kt:102)
	at kotlinx.coroutines.TimeoutKt.setupTimeout(Timeout.kt:111)
	at kotlinx.coroutines.TimeoutKt.withTimeout(Timeout.kt:32)
	at io.kotest.core.runtime.TestCaseExecutor$executeAndWait$2$1.invokeSuspend(TestCaseExecutor.kt:183)
	at io.kotest.core.runtime.TestCaseExecutor$executeAndWait$2$1.invoke(TestCaseExecutor.kt)
	at io.kotest.core.runtime.ExecutorExecutionContext$executeWithTimeoutInterruption$$inlined$suspendCoroutine$lambda$2.invokeSuspend(ExecutorExecutionContext.kt:47)
	at kotlin.coroutines.jvm.internal.BaseContinuationImpl.resumeWith(ContinuationImpl.kt:33)
	at kotlinx.coroutines.DispatchedTask.run(DispatchedTask.kt:56)
	at kotlinx.coroutines.EventLoopImplBase.processNextEvent(EventLoop.common.kt:274)
	at kotlinx.coroutines.BlockingCoroutine.joinBlocking(Builders.kt:79)
	at kotlinx.coroutines.BuildersKt__BuildersKt.runBlocking(Builders.kt:54)
	at kotlinx.coroutines.BuildersKt.runBlocking(Unknown Source)
	at kotlinx.coroutines.BuildersKt__BuildersKt.runBlocking$default(Builders.kt:36)
	at kotlinx.coroutines.BuildersKt.runBlocking$default(Unknown Source)
	at io.kotest.core.runtime.ExecutorExecutionContext.executeWithTimeoutInterruption-D5N0EJY(ExecutorExecutionContext.kt:46)
	at io.kotest.core.runtime.TestCaseExecutor$executeAndWait$2.invokeSuspend(TestCaseExecutor.kt:182)
	at io.kotest.core.runtime.TestCaseExecutor$executeAndWait$2.invoke(TestCaseExecutor.kt)
	at kotlinx.coroutines.intrinsics.UndispatchedKt.startUndispatchedOrReturnIgnoreTimeout(Undispatched.kt:102)
	at kotlinx.coroutines.TimeoutKt.setupTimeout(Timeout.kt:111)
	at kotlinx.coroutines.TimeoutKt.withTimeout(Timeout.kt:32)
	at io.kotest.core.runtime.TestCaseExecutor.executeAndWait(TestCaseExecutor.kt:180)
	at io.kotest.core.runtime.TestCaseExecutor.invokeTestCase(TestCaseExecutor.kt:149)
	at io.kotest.core.runtime.TestCaseExecutor.executeActiveTest(TestCaseExecutor.kt:118)
	at io.kotest.core.runtime.TestCaseExecutor$intercept$2.invokeSuspend(TestCaseExecutor.kt:69)
	at io.kotest.core.runtime.TestCaseExecutor$intercept$2.invoke(TestCaseExecutor.kt)
	at io.kotest.core.runtime.TestCaseExecutor.executeIfActive(TestCaseExecutor.kt:83)
	at io.kotest.core.runtime.TestCaseExecutor.intercept(TestCaseExecutor.kt:69)
	at io.kotest.core.runtime.TestCaseExecutor.execute(TestCaseExecutor.kt:50)
	at io.kotest.core.engine.SingleInstanceSpecRunner.runTest(SingleInstanceSpecRunner.kt:61)
	at io.kotest.core.engine.SingleInstanceSpecRunner$execute$2$invokeSuspend$$inlined$invoke$lambda$1.invokeSuspend(SingleInstanceSpecRunner.kt:71)
	at io.kotest.core.engine.SingleInstanceSpecRunner$execute$2$invokeSuspend$$inlined$invoke$lambda$1.invoke(SingleInstanceSpecRunner.kt)
	at io.kotest.core.engine.SpecRunner$runParallel$$inlined$map$lambda$2$1.invokeSuspend(SpecRunner.kt:78)
	at kotlin.coroutines.jvm.internal.BaseContinuationImpl.resumeWith(ContinuationImpl.kt:33)
	at kotlinx.coroutines.DispatchedTask.run(DispatchedTask.kt:56)
	at kotlinx.coroutines.EventLoopImplBase.processNextEvent(EventLoop.common.kt:274)
	at kotlinx.coroutines.BlockingCoroutine.joinBlocking(Builders.kt:79)
	at kotlinx.coroutines.BuildersKt__BuildersKt.runBlocking(Builders.kt:54)
	at kotlinx.coroutines.BuildersKt.runBlocking(Unknown Source)
	at kotlinx.coroutines.BuildersKt__BuildersKt.runBlocking$default(Builders.kt:36)
	at kotlinx.coroutines.BuildersKt.runBlocking$default(Unknown Source)
	at io.kotest.core.engine.SpecRunner$runParallel$$inlined$map$lambda$2.run(SpecRunner.kt:77)
	at java.base/java.util.concurrent.Executors$RunnableAdapter.call(Executors.java:515)
	at java.base/java.util.concurrent.FutureTask.run(FutureTask.java:264)
	at java.base/java.util.concurrent.ThreadPoolExecutor.runWorker(ThreadPoolExecutor.java:1128)
	at java.base/java.util.concurrent.ThreadPoolExecutor$Worker.run(ThreadPoolExecutor.java:628)
	at java.base/java.lang.Thread.run(Thread.java:830)
</pre>
</span>
</div>
<div class="test">
<a name="print an hello message"></a>
<h3 class="failures">print an hello message</h3>
<span class="code">
<pre>java.lang.AssertionError: &quot;
&gt; Task :greet
property(java.lang.String, fixed(class java.lang.String, Hello from)) Gradle

Deprecated Gradle features were used in this build, making it incompatible with Gradle 7.0.
Use '--warning-mode all' to show the individual deprecation warnings.
See https://docs.gradle.org/6.5/userguide/command_line_interface.html#sec:command_line_warnings

BUILD SUCCESSFUL in 5s
1 actionable task: 1 executed
&quot; should include substring &quot;Hello from Gradle&quot;
	at PluginTest$1$6$1$2.invokeSuspend(TestPlugin.kt:68)
	at PluginTest$1$6$1$2.invoke(TestPlugin.kt)
	at io.kotest.core.runtime.ExecutionsKt$executeWithBehaviours$2$1.invokeSuspend(executions.kt:16)
	at io.kotest.core.runtime.ExecutionsKt$executeWithBehaviours$2$1.invoke(executions.kt)
	at io.kotest.core.runtime.ExecutionsKt.wrapTestWithGlobalAssert(executions.kt:43)
	at io.kotest.core.runtime.ExecutionsKt$executeWithBehaviours$2.invokeSuspend(executions.kt:15)
	at io.kotest.core.runtime.ExecutionsKt$executeWithBehaviours$2.invoke(executions.kt)
	at io.kotest.core.runtime.ExecutionsKt$wrapTestWithAssertionModeCheck$2.invokeSuspend(executions.kt:29)
	at io.kotest.core.runtime.ExecutionsKt$wrapTestWithAssertionModeCheck$2.invoke(executions.kt)
	at io.kotest.core.test.AssertionModeKt.executeWithAssertionsCheck(AssertionMode.kt:39)
	at io.kotest.core.runtime.ExecutionsKt.wrapTestWithAssertionModeCheck(executions.kt:28)
	at io.kotest.core.runtime.ExecutionsKt.executeWithBehaviours(executions.kt:14)
	at io.kotest.core.runtime.TestCaseExecutor$executeAndWait$2$1$1$3$1.invokeSuspend(TestCaseExecutor.kt:195)
	at io.kotest.core.runtime.TestCaseExecutor$executeAndWait$2$1$1$3$1.invoke(TestCaseExecutor.kt)
	at kotlinx.coroutines.intrinsics.UndispatchedKt.startUndispatchedOrReturn(Undispatched.kt:91)
	at kotlinx.coroutines.CoroutineScopeKt.coroutineScope(CoroutineScope.kt:189)
	at io.kotest.core.runtime.TestCaseExecutor$executeAndWait$2$1$1$3.invokeSuspend(TestCaseExecutor.kt:189)
	at io.kotest.core.runtime.TestCaseExecutor$executeAndWait$2$1$1$3.invoke(TestCaseExecutor.kt)
	at io.kotest.core.runtime.ReplayKt.replay(replay.kt:19)
	at io.kotest.core.runtime.TestCaseExecutor$executeAndWait$2$1$1.invokeSuspend(TestCaseExecutor.kt:184)
	at io.kotest.core.runtime.TestCaseExecutor$executeAndWait$2$1$1.invoke(TestCaseExecutor.kt)
	at kotlinx.coroutines.intrinsics.UndispatchedKt.startUndispatchedOrReturnIgnoreTimeout(Undispatched.kt:102)
	at kotlinx.coroutines.TimeoutKt.setupTimeout(Timeout.kt:111)
	at kotlinx.coroutines.TimeoutKt.withTimeout(Timeout.kt:32)
	at io.kotest.core.runtime.TestCaseExecutor$executeAndWait$2$1.invokeSuspend(TestCaseExecutor.kt:183)
	at io.kotest.core.runtime.TestCaseExecutor$executeAndWait$2$1.invoke(TestCaseExecutor.kt)
	at io.kotest.core.runtime.ExecutorExecutionContext$executeWithTimeoutInterruption$$inlined$suspendCoroutine$lambda$2.invokeSuspend(ExecutorExecutionContext.kt:47)
	at ???(Coroutine boundary.?(?)
	at io.kotest.core.runtime.TestCaseExecutor$executeAndWait$2$1$1$3.invokeSuspend(TestCaseExecutor.kt:189)
	at io.kotest.core.runtime.ReplayKt.replay(replay.kt:19)
	at io.kotest.core.runtime.TestCaseExecutor$executeAndWait$2$1$1.invokeSuspend(TestCaseExecutor.kt:188)
	at io.kotest.core.runtime.TestCaseExecutor$executeAndWait$2$1.invokeSuspend(TestCaseExecutor.kt:183)
	at io.kotest.core.runtime.TestCaseExecutor.executeAndWait(TestCaseExecutor.kt:180)
	at io.kotest.core.runtime.TestCaseExecutor.invokeTestCase(TestCaseExecutor.kt:149)
	at io.kotest.core.runtime.TestCaseExecutor.executeActiveTest(TestCaseExecutor.kt:118)
	at io.kotest.core.runtime.TestCaseExecutor$intercept$2.invokeSuspend(TestCaseExecutor.kt:69)
	at io.kotest.core.runtime.TestCaseExecutor.executeIfActive(TestCaseExecutor.kt:83)
	at io.kotest.core.runtime.TestCaseExecutor.intercept(TestCaseExecutor.kt:69)
	at io.kotest.core.runtime.TestCaseExecutor.execute(TestCaseExecutor.kt:50)
	at io.kotest.core.engine.SingleInstanceSpecRunner.runTest(SingleInstanceSpecRunner.kt:61)
	at PluginTest$1$6$1.invokeSuspend(TestPlugin.kt:67)
	at io.kotest.core.spec.style.scopes.FreeScope$minus$2.invokeSuspend(FreeScope.kt:20)
	at io.kotest.core.runtime.ExecutionsKt$executeWithBehaviours$2$1.invokeSuspend(executions.kt:16)
	at io.kotest.core.runtime.ExecutionsKt.wrapTestWithGlobalAssert(executions.kt:43)
	at io.kotest.core.runtime.ExecutionsKt$executeWithBehaviours$2.invokeSuspend(executions.kt:15)
	at io.kotest.core.runtime.ExecutionsKt.wrapTestWithAssertionModeCheck(executions.kt:27)
	at io.kotest.core.runtime.TestCaseExecutor$executeAndWait$2$1$1$3$1.invokeSuspend(TestCaseExecutor.kt:195)
Caused by: java.lang.AssertionError: &quot;
&gt; Task :greet
property(java.lang.String, fixed(class java.lang.String, Hello from)) Gradle

Deprecated Gradle features were used in this build, making it incompatible with Gradle 7.0.
Use '--warning-mode all' to show the individual deprecation warnings.
See https://docs.gradle.org/6.5/userguide/command_line_interface.html#sec:command_line_warnings

BUILD SUCCESSFUL in 5s
1 actionable task: 1 executed
&quot; should include substring &quot;Hello from Gradle&quot;
	at PluginTest$1$6$1$2.invokeSuspend(TestPlugin.kt:68)
	at PluginTest$1$6$1$2.invoke(TestPlugin.kt)
	at io.kotest.core.runtime.ExecutionsKt$executeWithBehaviours$2$1.invokeSuspend(executions.kt:16)
	at io.kotest.core.runtime.ExecutionsKt$executeWithBehaviours$2$1.invoke(executions.kt)
	at io.kotest.core.runtime.ExecutionsKt.wrapTestWithGlobalAssert(executions.kt:43)
	at io.kotest.core.runtime.ExecutionsKt$executeWithBehaviours$2.invokeSuspend(executions.kt:15)
	at io.kotest.core.runtime.ExecutionsKt$executeWithBehaviours$2.invoke(executions.kt)
	at io.kotest.core.runtime.ExecutionsKt$wrapTestWithAssertionModeCheck$2.invokeSuspend(executions.kt:29)
	at io.kotest.core.runtime.ExecutionsKt$wrapTestWithAssertionModeCheck$2.invoke(executions.kt)
	at io.kotest.core.test.AssertionModeKt.executeWithAssertionsCheck(AssertionMode.kt:39)
	at io.kotest.core.runtime.ExecutionsKt.wrapTestWithAssertionModeCheck(executions.kt:28)
	at io.kotest.core.runtime.ExecutionsKt.executeWithBehaviours(executions.kt:14)
	at io.kotest.core.runtime.TestCaseExecutor$executeAndWait$2$1$1$3$1.invokeSuspend(TestCaseExecutor.kt:195)
	at io.kotest.core.runtime.TestCaseExecutor$executeAndWait$2$1$1$3$1.invoke(TestCaseExecutor.kt)
	at kotlinx.coroutines.intrinsics.UndispatchedKt.startUndispatchedOrReturn(Undispatched.kt:91)
	at kotlinx.coroutines.CoroutineScopeKt.coroutineScope(CoroutineScope.kt:189)
	at io.kotest.core.runtime.TestCaseExecutor$executeAndWait$2$1$1$3.invokeSuspend(TestCaseExecutor.kt:189)
	at io.kotest.core.runtime.TestCaseExecutor$executeAndWait$2$1$1$3.invoke(TestCaseExecutor.kt)
	at io.kotest.core.runtime.ReplayKt.replay(replay.kt:19)
	at io.kotest.core.runtime.TestCaseExecutor$executeAndWait$2$1$1.invokeSuspend(TestCaseExecutor.kt:184)
	at io.kotest.core.runtime.TestCaseExecutor$executeAndWait$2$1$1.invoke(TestCaseExecutor.kt)
	at kotlinx.coroutines.intrinsics.UndispatchedKt.startUndispatchedOrReturnIgnoreTimeout(Undispatched.kt:102)
	at kotlinx.coroutines.TimeoutKt.setupTimeout(Timeout.kt:111)
	at kotlinx.coroutines.TimeoutKt.withTimeout(Timeout.kt:32)
	at io.kotest.core.runtime.TestCaseExecutor$executeAndWait$2$1.invokeSuspend(TestCaseExecutor.kt:183)
	at io.kotest.core.runtime.TestCaseExecutor$executeAndWait$2$1.invoke(TestCaseExecutor.kt)
	at io.kotest.core.runtime.ExecutorExecutionContext$executeWithTimeoutInterruption$$inlined$suspendCoroutine$lambda$2.invokeSuspend(ExecutorExecutionContext.kt:47)
	at kotlin.coroutines.jvm.internal.BaseContinuationImpl.resumeWith(ContinuationImpl.kt:33)
	at kotlinx.coroutines.DispatchedTask.run(DispatchedTask.kt:56)
	at kotlinx.coroutines.EventLoopImplBase.processNextEvent(EventLoop.common.kt:274)
	at kotlinx.coroutines.BlockingCoroutine.joinBlocking(Builders.kt:79)
	at kotlinx.coroutines.BuildersKt__BuildersKt.runBlocking(Builders.kt:54)
	at kotlinx.coroutines.BuildersKt.runBlocking(Unknown Source)
	at kotlinx.coroutines.BuildersKt__BuildersKt.runBlocking$default(Builders.kt:36)
	at kotlinx.coroutines.BuildersKt.runBlocking$default(Unknown Source)
	at io.kotest.core.runtime.ExecutorExecutionContext.executeWithTimeoutInterruption-D5N0EJY(ExecutorExecutionContext.kt:46)
	at io.kotest.core.runtime.TestCaseExecutor$executeAndWait$2.invokeSuspend(TestCaseExecutor.kt:182)
	at io.kotest.core.runtime.TestCaseExecutor$executeAndWait$2.invoke(TestCaseExecutor.kt)
	at kotlinx.coroutines.intrinsics.UndispatchedKt.startUndispatchedOrReturnIgnoreTimeout(Undispatched.kt:102)
	at kotlinx.coroutines.TimeoutKt.setupTimeout(Timeout.kt:111)
	at kotlinx.coroutines.TimeoutKt.withTimeout(Timeout.kt:32)
	at io.kotest.core.runtime.TestCaseExecutor.executeAndWait(TestCaseExecutor.kt:180)
	at io.kotest.core.runtime.TestCaseExecutor.invokeTestCase(TestCaseExecutor.kt:149)
	at io.kotest.core.runtime.TestCaseExecutor.executeActiveTest(TestCaseExecutor.kt:118)
	at io.kotest.core.runtime.TestCaseExecutor$intercept$2.invokeSuspend(TestCaseExecutor.kt:69)
	at io.kotest.core.runtime.TestCaseExecutor$intercept$2.invoke(TestCaseExecutor.kt)
	at io.kotest.core.runtime.TestCaseExecutor.executeIfActive(TestCaseExecutor.kt:83)
	at io.kotest.core.runtime.TestCaseExecutor.intercept(TestCaseExecutor.kt:69)
	at io.kotest.core.runtime.TestCaseExecutor.execute(TestCaseExecutor.kt:50)
	at io.kotest.core.engine.SingleInstanceSpecRunner.runTest(SingleInstanceSpecRunner.kt:61)
	at io.kotest.core.engine.SingleInstanceSpecRunner$Context.registerTestCase(SingleInstanceSpecRunner.kt:39)
	at io.kotest.core.runtime.TestCaseExecutor$executeAndWait$2$1$1$3$1$contextp$1.registerTestCase(TestCaseExecutor.kt:192)
	at io.kotest.core.test.TestContext.registerTestCase(TestContext.kt:41)
	at io.kotest.core.spec.style.scopes.ContainerScope$DefaultImpls.addTest(ContainerScope.kt:50)
	at io.kotest.core.spec.style.scopes.FreeScope.addTest(FreeScope.kt:10)
	at io.kotest.core.spec.style.scopes.ContainerScope$DefaultImpls.addTest(ContainerScope.kt:39)
	at io.kotest.core.spec.style.scopes.FreeScope.addTest(FreeScope.kt:10)
	at io.kotest.core.spec.style.scopes.FreeScope.invoke(FreeScope.kt:31)
	at PluginTest$1$6$1.invokeSuspend(TestPlugin.kt:67)
	at PluginTest$1$6$1.invoke(TestPlugin.kt)
	at io.kotest.core.spec.style.scopes.FreeScope$minus$2.invokeSuspend(FreeScope.kt:20)
	at io.kotest.core.spec.style.scopes.FreeScope$minus$2.invoke(FreeScope.kt)
	at io.kotest.core.runtime.ExecutionsKt$executeWithBehaviours$2$1.invokeSuspend(executions.kt:16)
	at io.kotest.core.runtime.ExecutionsKt$executeWithBehaviours$2$1.invoke(executions.kt)
	at io.kotest.core.runtime.ExecutionsKt.wrapTestWithGlobalAssert(executions.kt:43)
	at io.kotest.core.runtime.ExecutionsKt$executeWithBehaviours$2.invokeSuspend(executions.kt:15)
	at io.kotest.core.runtime.ExecutionsKt$executeWithBehaviours$2.invoke(executions.kt)
	at io.kotest.core.runtime.ExecutionsKt.wrapTestWithAssertionModeCheck(executions.kt:27)
	at io.kotest.core.runtime.ExecutionsKt.executeWithBehaviours(executions.kt:14)
	at io.kotest.core.runtime.TestCaseExecutor$executeAndWait$2$1$1$3$1.invokeSuspend(TestCaseExecutor.kt:195)
	at io.kotest.core.runtime.TestCaseExecutor$executeAndWait$2$1$1$3$1.invoke(TestCaseExecutor.kt)
	at kotlinx.coroutines.intrinsics.UndispatchedKt.startUndispatchedOrReturn(Undispatched.kt:91)
	at kotlinx.coroutines.CoroutineScopeKt.coroutineScope(CoroutineScope.kt:189)
	at io.kotest.core.runtime.TestCaseExecutor$executeAndWait$2$1$1$3.invokeSuspend(TestCaseExecutor.kt:189)
	at io.kotest.core.runtime.TestCaseExecutor$executeAndWait$2$1$1$3.invoke(TestCaseExecutor.kt)
	at io.kotest.core.runtime.ReplayKt.replay(replay.kt:19)
	at io.kotest.core.runtime.TestCaseExecutor$executeAndWait$2$1$1.invokeSuspend(TestCaseExecutor.kt:184)
	at io.kotest.core.runtime.TestCaseExecutor$executeAndWait$2$1$1.invoke(TestCaseExecutor.kt)
	at kotlinx.coroutines.intrinsics.UndispatchedKt.startUndispatchedOrReturnIgnoreTimeout(Undispatched.kt:102)
	at kotlinx.coroutines.TimeoutKt.setupTimeout(Timeout.kt:111)
	at kotlinx.coroutines.TimeoutKt.withTimeout(Timeout.kt:32)
	at io.kotest.core.runtime.TestCaseExecutor$executeAndWait$2$1.invokeSuspend(TestCaseExecutor.kt:183)
	at io.kotest.core.runtime.TestCaseExecutor$executeAndWait$2$1.invoke(TestCaseExecutor.kt)
	at io.kotest.core.runtime.ExecutorExecutionContext$executeWithTimeoutInterruption$$inlined$suspendCoroutine$lambda$2.invokeSuspend(ExecutorExecutionContext.kt:47)
	at kotlin.coroutines.jvm.internal.BaseContinuationImpl.resumeWith(ContinuationImpl.kt:33)
	at kotlinx.coroutines.DispatchedTask.run(DispatchedTask.kt:56)
	at kotlinx.coroutines.EventLoopImplBase.processNextEvent(EventLoop.common.kt:274)
	at kotlinx.coroutines.BlockingCoroutine.joinBlocking(Builders.kt:79)
	at kotlinx.coroutines.BuildersKt__BuildersKt.runBlocking(Builders.kt:54)
	at kotlinx.coroutines.BuildersKt.runBlocking(Unknown Source)
	at kotlinx.coroutines.BuildersKt__BuildersKt.runBlocking$default(Builders.kt:36)
	at kotlinx.coroutines.BuildersKt.runBlocking$default(Unknown Source)
	at io.kotest.core.runtime.ExecutorExecutionContext.executeWithTimeoutInterruption-D5N0EJY(ExecutorExecutionContext.kt:46)
	at io.kotest.core.runtime.TestCaseExecutor$executeAndWait$2.invokeSuspend(TestCaseExecutor.kt:182)
	at io.kotest.core.runtime.TestCaseExecutor$executeAndWait$2.invoke(TestCaseExecutor.kt)
	at kotlinx.coroutines.intrinsics.UndispatchedKt.startUndispatchedOrReturnIgnoreTimeout(Undispatched.kt:102)
	at kotlinx.coroutines.TimeoutKt.setupTimeout(Timeout.kt:111)
	at kotlinx.coroutines.TimeoutKt.withTimeout(Timeout.kt:32)
	at io.kotest.core.runtime.TestCaseExecutor.executeAndWait(TestCaseExecutor.kt:180)
	at io.kotest.core.runtime.TestCaseExecutor.invokeTestCase(TestCaseExecutor.kt:149)
	at io.kotest.core.runtime.TestCaseExecutor.executeActiveTest(TestCaseExecutor.kt:118)
	at io.kotest.core.runtime.TestCaseExecutor$intercept$2.invokeSuspend(TestCaseExecutor.kt:69)
	at io.kotest.core.runtime.TestCaseExecutor$intercept$2.invoke(TestCaseExecutor.kt)
	at io.kotest.core.runtime.TestCaseExecutor.executeIfActive(TestCaseExecutor.kt:83)
	at io.kotest.core.runtime.TestCaseExecutor.intercept(TestCaseExecutor.kt:69)
	at io.kotest.core.runtime.TestCaseExecutor.execute(TestCaseExecutor.kt:50)
	at io.kotest.core.engine.SingleInstanceSpecRunner.runTest(SingleInstanceSpecRunner.kt:61)
	at io.kotest.core.engine.SingleInstanceSpecRunner$Context.registerTestCase(SingleInstanceSpecRunner.kt:39)
	at io.kotest.core.runtime.TestCaseExecutor$executeAndWait$2$1$1$3$1$contextp$1.registerTestCase(TestCaseExecutor.kt:192)
	at io.kotest.core.test.TestContext.registerTestCase(TestContext.kt:41)
	at io.kotest.core.spec.style.scopes.ContainerScope$DefaultImpls.addTest(ContainerScope.kt:50)
	at io.kotest.core.spec.style.scopes.FreeScope.addTest(FreeScope.kt:10)
	at io.kotest.core.spec.style.scopes.ContainerScope$DefaultImpls.addContainerTest(ContainerScope.kt:35)
	at io.kotest.core.spec.style.scopes.FreeScope.addContainerTest(FreeScope.kt:10)
	at io.kotest.core.spec.style.scopes.FreeScope.minus(FreeScope.kt:19)
	at PluginTest$1$6.invokeSuspend(TestPlugin.kt:56)
	at PluginTest$1$6.invoke(TestPlugin.kt)
	at io.kotest.core.spec.style.scopes.FreeSpecScope$minus$1.invokeSuspend(FreeSpecScope.kt:17)
	at io.kotest.core.spec.style.scopes.FreeSpecScope$minus$1.invoke(FreeSpecScope.kt)
	at io.kotest.core.runtime.ExecutionsKt$executeWithBehaviours$2$1.invokeSuspend(executions.kt:16)
	at io.kotest.core.runtime.ExecutionsKt$executeWithBehaviours$2$1.invoke(executions.kt)
	at io.kotest.core.runtime.ExecutionsKt.wrapTestWithGlobalAssert(executions.kt:43)
	at io.kotest.core.runtime.ExecutionsKt$executeWithBehaviours$2.invokeSuspend(executions.kt:15)
	at io.kotest.core.runtime.ExecutionsKt$executeWithBehaviours$2.invoke(executions.kt)
	at io.kotest.core.runtime.ExecutionsKt.wrapTestWithAssertionModeCheck(executions.kt:27)
	at io.kotest.core.runtime.ExecutionsKt.executeWithBehaviours(executions.kt:14)
	at io.kotest.core.runtime.TestCaseExecutor$executeAndWait$2$1$1$3$1.invokeSuspend(TestCaseExecutor.kt:195)
	at io.kotest.core.runtime.TestCaseExecutor$executeAndWait$2$1$1$3$1.invoke(TestCaseExecutor.kt)
	at kotlinx.coroutines.intrinsics.UndispatchedKt.startUndispatchedOrReturn(Undispatched.kt:91)
	at kotlinx.coroutines.CoroutineScopeKt.coroutineScope(CoroutineScope.kt:189)
	at io.kotest.core.runtime.TestCaseExecutor$executeAndWait$2$1$1$3.invokeSuspend(TestCaseExecutor.kt:189)
	at io.kotest.core.runtime.TestCaseExecutor$executeAndWait$2$1$1$3.invoke(TestCaseExecutor.kt)
	at io.kotest.core.runtime.ReplayKt.replay(replay.kt:19)
	at io.kotest.core.runtime.TestCaseExecutor$executeAndWait$2$1$1.invokeSuspend(TestCaseExecutor.kt:184)
	at io.kotest.core.runtime.TestCaseExecutor$executeAndWait$2$1$1.invoke(TestCaseExecutor.kt)
	at kotlinx.coroutines.intrinsics.UndispatchedKt.startUndispatchedOrReturnIgnoreTimeout(Undispatched.kt:102)
	at kotlinx.coroutines.TimeoutKt.setupTimeout(Timeout.kt:111)
	at kotlinx.coroutines.TimeoutKt.withTimeout(Timeout.kt:32)
	at io.kotest.core.runtime.TestCaseExecutor$executeAndWait$2$1.invokeSuspend(TestCaseExecutor.kt:183)
	at io.kotest.core.runtime.TestCaseExecutor$executeAndWait$2$1.invoke(TestCaseExecutor.kt)
	at io.kotest.core.runtime.ExecutorExecutionContext$executeWithTimeoutInterruption$$inlined$suspendCoroutine$lambda$2.invokeSuspend(ExecutorExecutionContext.kt:47)
	at kotlin.coroutines.jvm.internal.BaseContinuationImpl.resumeWith(ContinuationImpl.kt:33)
	at kotlinx.coroutines.DispatchedTask.run(DispatchedTask.kt:56)
	at kotlinx.coroutines.EventLoopImplBase.processNextEvent(EventLoop.common.kt:274)
	at kotlinx.coroutines.BlockingCoroutine.joinBlocking(Builders.kt:79)
	at kotlinx.coroutines.BuildersKt__BuildersKt.runBlocking(Builders.kt:54)
	at kotlinx.coroutines.BuildersKt.runBlocking(Unknown Source)
	at kotlinx.coroutines.BuildersKt__BuildersKt.runBlocking$default(Builders.kt:36)
	at kotlinx.coroutines.BuildersKt.runBlocking$default(Unknown Source)
	at io.kotest.core.runtime.ExecutorExecutionContext.executeWithTimeoutInterruption-D5N0EJY(ExecutorExecutionContext.kt:46)
	at io.kotest.core.runtime.TestCaseExecutor$executeAndWait$2.invokeSuspend(TestCaseExecutor.kt:182)
	at io.kotest.core.runtime.TestCaseExecutor$executeAndWait$2.invoke(TestCaseExecutor.kt)
	at kotlinx.coroutines.intrinsics.UndispatchedKt.startUndispatchedOrReturnIgnoreTimeout(Undispatched.kt:102)
	at kotlinx.coroutines.TimeoutKt.setupTimeout(Timeout.kt:111)
	at kotlinx.coroutines.TimeoutKt.withTimeout(Timeout.kt:32)
	at io.kotest.core.runtime.TestCaseExecutor.executeAndWait(TestCaseExecutor.kt:180)
	at io.kotest.core.runtime.TestCaseExecutor.invokeTestCase(TestCaseExecutor.kt:149)
	at io.kotest.core.runtime.TestCaseExecutor.executeActiveTest(TestCaseExecutor.kt:118)
	at io.kotest.core.runtime.TestCaseExecutor$intercept$2.invokeSuspend(TestCaseExecutor.kt:69)
	at io.kotest.core.runtime.TestCaseExecutor$intercept$2.invoke(TestCaseExecutor.kt)
	at io.kotest.core.runtime.TestCaseExecutor.executeIfActive(TestCaseExecutor.kt:83)
	at io.kotest.core.runtime.TestCaseExecutor.intercept(TestCaseExecutor.kt:69)
	at io.kotest.core.runtime.TestCaseExecutor.execute(TestCaseExecutor.kt:50)
	at io.kotest.core.engine.SingleInstanceSpecRunner.runTest(SingleInstanceSpecRunner.kt:61)
	at io.kotest.core.engine.SingleInstanceSpecRunner$execute$2$invokeSuspend$$inlined$invoke$lambda$1.invokeSuspend(SingleInstanceSpecRunner.kt:71)
	at io.kotest.core.engine.SingleInstanceSpecRunner$execute$2$invokeSuspend$$inlined$invoke$lambda$1.invoke(SingleInstanceSpecRunner.kt)
	at io.kotest.core.engine.SpecRunner$runParallel$$inlined$map$lambda$2$1.invokeSuspend(SpecRunner.kt:78)
	at kotlin.coroutines.jvm.internal.BaseContinuationImpl.resumeWith(ContinuationImpl.kt:33)
	at kotlinx.coroutines.DispatchedTask.run(DispatchedTask.kt:56)
	at kotlinx.coroutines.EventLoopImplBase.processNextEvent(EventLoop.common.kt:274)
	at kotlinx.coroutines.BlockingCoroutine.joinBlocking(Builders.kt:79)
	at kotlinx.coroutines.BuildersKt__BuildersKt.runBlocking(Builders.kt:54)
	at kotlinx.coroutines.BuildersKt.runBlocking(Unknown Source)
	at kotlinx.coroutines.BuildersKt__BuildersKt.runBlocking$default(Builders.kt:36)
	at kotlinx.coroutines.BuildersKt.runBlocking$default(Unknown Source)
	at io.kotest.core.engine.SpecRunner$runParallel$$inlined$map$lambda$2.run(SpecRunner.kt:77)
	at java.base/java.util.concurrent.Executors$RunnableAdapter.call(Executors.java:515)
	at java.base/java.util.concurrent.FutureTask.run(FutureTask.java:264)
	at java.base/java.util.concurrent.ThreadPoolExecutor.runWorker(ThreadPoolExecutor.java:1128)
	at java.base/java.util.concurrent.ThreadPoolExecutor$Worker.run(ThreadPoolExecutor.java:628)
	at java.base/java.lang.Thread.run(Thread.java:830)
</pre>
</span>
</div>
<div class="test">
<a name="print an hello message"></a>
<h3 class="failures">print an hello message</h3>
<span class="code">
<pre>java.lang.AssertionError: &quot;
&gt; Task :greet
property(java.lang.String, fixed(class java.lang.String, Ciao da)) Gradle

Deprecated Gradle features were used in this build, making it incompatible with Gradle 7.0.
Use '--warning-mode all' to show the individual deprecation warnings.
See https://docs.gradle.org/6.5/userguide/command_line_interface.html#sec:command_line_warnings

BUILD SUCCESSFUL in 650ms
1 actionable task: 1 executed
&quot; should include substring &quot;Ciao da Gradle&quot;
	at PluginTest$1$6$2$2.invokeSuspend(TestPlugin.kt:86)
	at PluginTest$1$6$2$2.invoke(TestPlugin.kt)
	at io.kotest.core.runtime.ExecutionsKt$executeWithBehaviours$2$1.invokeSuspend(executions.kt:16)
	at io.kotest.core.runtime.ExecutionsKt$executeWithBehaviours$2$1.invoke(executions.kt)
	at io.kotest.core.runtime.ExecutionsKt.wrapTestWithGlobalAssert(executions.kt:43)
	at io.kotest.core.runtime.ExecutionsKt$executeWithBehaviours$2.invokeSuspend(executions.kt:15)
	at io.kotest.core.runtime.ExecutionsKt$executeWithBehaviours$2.invoke(executions.kt)
	at io.kotest.core.runtime.ExecutionsKt$wrapTestWithAssertionModeCheck$2.invokeSuspend(executions.kt:29)
	at io.kotest.core.runtime.ExecutionsKt$wrapTestWithAssertionModeCheck$2.invoke(executions.kt)
	at io.kotest.core.test.AssertionModeKt.executeWithAssertionsCheck(AssertionMode.kt:39)
	at io.kotest.core.runtime.ExecutionsKt.wrapTestWithAssertionModeCheck(executions.kt:28)
	at io.kotest.core.runtime.ExecutionsKt.executeWithBehaviours(executions.kt:14)
	at io.kotest.core.runtime.TestCaseExecutor$executeAndWait$2$1$1$3$1.invokeSuspend(TestCaseExecutor.kt:195)
	at io.kotest.core.runtime.TestCaseExecutor$executeAndWait$2$1$1$3$1.invoke(TestCaseExecutor.kt)
	at kotlinx.coroutines.intrinsics.UndispatchedKt.startUndispatchedOrReturn(Undispatched.kt:91)
	at kotlinx.coroutines.CoroutineScopeKt.coroutineScope(CoroutineScope.kt:189)
	at io.kotest.core.runtime.TestCaseExecutor$executeAndWait$2$1$1$3.invokeSuspend(TestCaseExecutor.kt:189)
	at io.kotest.core.runtime.TestCaseExecutor$executeAndWait$2$1$1$3.invoke(TestCaseExecutor.kt)
	at io.kotest.core.runtime.ReplayKt.replay(replay.kt:19)
	at io.kotest.core.runtime.TestCaseExecutor$executeAndWait$2$1$1.invokeSuspend(TestCaseExecutor.kt:184)
	at io.kotest.core.runtime.TestCaseExecutor$executeAndWait$2$1$1.invoke(TestCaseExecutor.kt)
	at kotlinx.coroutines.intrinsics.UndispatchedKt.startUndispatchedOrReturnIgnoreTimeout(Undispatched.kt:102)
	at kotlinx.coroutines.TimeoutKt.setupTimeout(Timeout.kt:111)
	at kotlinx.coroutines.TimeoutKt.withTimeout(Timeout.kt:32)
	at io.kotest.core.runtime.TestCaseExecutor$executeAndWait$2$1.invokeSuspend(TestCaseExecutor.kt:183)
	at io.kotest.core.runtime.TestCaseExecutor$executeAndWait$2$1.invoke(TestCaseExecutor.kt)
	at io.kotest.core.runtime.ExecutorExecutionContext$executeWithTimeoutInterruption$$inlined$suspendCoroutine$lambda$2.invokeSuspend(ExecutorExecutionContext.kt:47)
	at ???(Coroutine boundary.?(?)
	at io.kotest.core.runtime.TestCaseExecutor$executeAndWait$2$1$1$3.invokeSuspend(TestCaseExecutor.kt:189)
	at io.kotest.core.runtime.ReplayKt.replay(replay.kt:19)
	at io.kotest.core.runtime.TestCaseExecutor$executeAndWait$2$1$1.invokeSuspend(TestCaseExecutor.kt:188)
	at io.kotest.core.runtime.TestCaseExecutor$executeAndWait$2$1.invokeSuspend(TestCaseExecutor.kt:183)
	at io.kotest.core.runtime.TestCaseExecutor.executeAndWait(TestCaseExecutor.kt:180)
	at io.kotest.core.runtime.TestCaseExecutor.invokeTestCase(TestCaseExecutor.kt:149)
	at io.kotest.core.runtime.TestCaseExecutor.executeActiveTest(TestCaseExecutor.kt:118)
	at io.kotest.core.runtime.TestCaseExecutor$intercept$2.invokeSuspend(TestCaseExecutor.kt:69)
	at io.kotest.core.runtime.TestCaseExecutor.executeIfActive(TestCaseExecutor.kt:83)
	at io.kotest.core.runtime.TestCaseExecutor.intercept(TestCaseExecutor.kt:69)
	at io.kotest.core.runtime.TestCaseExecutor.execute(TestCaseExecutor.kt:50)
	at io.kotest.core.engine.SingleInstanceSpecRunner.runTest(SingleInstanceSpecRunner.kt:61)
	at PluginTest$1$6$2.invokeSuspend(TestPlugin.kt:85)
	at io.kotest.core.spec.style.scopes.FreeScope$minus$2.invokeSuspend(FreeScope.kt:20)
	at io.kotest.core.runtime.ExecutionsKt$executeWithBehaviours$2$1.invokeSuspend(executions.kt:16)
	at io.kotest.core.runtime.ExecutionsKt.wrapTestWithGlobalAssert(executions.kt:43)
	at io.kotest.core.runtime.ExecutionsKt$executeWithBehaviours$2.invokeSuspend(executions.kt:15)
	at io.kotest.core.runtime.ExecutionsKt.wrapTestWithAssertionModeCheck(executions.kt:27)
	at io.kotest.core.runtime.TestCaseExecutor$executeAndWait$2$1$1$3$1.invokeSuspend(TestCaseExecutor.kt:195)
Caused by: java.lang.AssertionError: &quot;
&gt; Task :greet
property(java.lang.String, fixed(class java.lang.String, Ciao da)) Gradle

Deprecated Gradle features were used in this build, making it incompatible with Gradle 7.0.
Use '--warning-mode all' to show the individual deprecation warnings.
See https://docs.gradle.org/6.5/userguide/command_line_interface.html#sec:command_line_warnings

BUILD SUCCESSFUL in 650ms
1 actionable task: 1 executed
&quot; should include substring &quot;Ciao da Gradle&quot;
	at PluginTest$1$6$2$2.invokeSuspend(TestPlugin.kt:86)
	at PluginTest$1$6$2$2.invoke(TestPlugin.kt)
	at io.kotest.core.runtime.ExecutionsKt$executeWithBehaviours$2$1.invokeSuspend(executions.kt:16)
	at io.kotest.core.runtime.ExecutionsKt$executeWithBehaviours$2$1.invoke(executions.kt)
	at io.kotest.core.runtime.ExecutionsKt.wrapTestWithGlobalAssert(executions.kt:43)
	at io.kotest.core.runtime.ExecutionsKt$executeWithBehaviours$2.invokeSuspend(executions.kt:15)
	at io.kotest.core.runtime.ExecutionsKt$executeWithBehaviours$2.invoke(executions.kt)
	at io.kotest.core.runtime.ExecutionsKt$wrapTestWithAssertionModeCheck$2.invokeSuspend(executions.kt:29)
	at io.kotest.core.runtime.ExecutionsKt$wrapTestWithAssertionModeCheck$2.invoke(executions.kt)
	at io.kotest.core.test.AssertionModeKt.executeWithAssertionsCheck(AssertionMode.kt:39)
	at io.kotest.core.runtime.ExecutionsKt.wrapTestWithAssertionModeCheck(executions.kt:28)
	at io.kotest.core.runtime.ExecutionsKt.executeWithBehaviours(executions.kt:14)
	at io.kotest.core.runtime.TestCaseExecutor$executeAndWait$2$1$1$3$1.invokeSuspend(TestCaseExecutor.kt:195)
	at io.kotest.core.runtime.TestCaseExecutor$executeAndWait$2$1$1$3$1.invoke(TestCaseExecutor.kt)
	at kotlinx.coroutines.intrinsics.UndispatchedKt.startUndispatchedOrReturn(Undispatched.kt:91)
	at kotlinx.coroutines.CoroutineScopeKt.coroutineScope(CoroutineScope.kt:189)
	at io.kotest.core.runtime.TestCaseExecutor$executeAndWait$2$1$1$3.invokeSuspend(TestCaseExecutor.kt:189)
	at io.kotest.core.runtime.TestCaseExecutor$executeAndWait$2$1$1$3.invoke(TestCaseExecutor.kt)
	at io.kotest.core.runtime.ReplayKt.replay(replay.kt:19)
	at io.kotest.core.runtime.TestCaseExecutor$executeAndWait$2$1$1.invokeSuspend(TestCaseExecutor.kt:184)
	at io.kotest.core.runtime.TestCaseExecutor$executeAndWait$2$1$1.invoke(TestCaseExecutor.kt)
	at kotlinx.coroutines.intrinsics.UndispatchedKt.startUndispatchedOrReturnIgnoreTimeout(Undispatched.kt:102)
	at kotlinx.coroutines.TimeoutKt.setupTimeout(Timeout.kt:111)
	at kotlinx.coroutines.TimeoutKt.withTimeout(Timeout.kt:32)
	at io.kotest.core.runtime.TestCaseExecutor$executeAndWait$2$1.invokeSuspend(TestCaseExecutor.kt:183)
	at io.kotest.core.runtime.TestCaseExecutor$executeAndWait$2$1.invoke(TestCaseExecutor.kt)
	at io.kotest.core.runtime.ExecutorExecutionContext$executeWithTimeoutInterruption$$inlined$suspendCoroutine$lambda$2.invokeSuspend(ExecutorExecutionContext.kt:47)
	at kotlin.coroutines.jvm.internal.BaseContinuationImpl.resumeWith(ContinuationImpl.kt:33)
	at kotlinx.coroutines.DispatchedTask.run(DispatchedTask.kt:56)
	at kotlinx.coroutines.EventLoopImplBase.processNextEvent(EventLoop.common.kt:274)
	at kotlinx.coroutines.BlockingCoroutine.joinBlocking(Builders.kt:79)
	at kotlinx.coroutines.BuildersKt__BuildersKt.runBlocking(Builders.kt:54)
	at kotlinx.coroutines.BuildersKt.runBlocking(Unknown Source)
	at kotlinx.coroutines.BuildersKt__BuildersKt.runBlocking$default(Builders.kt:36)
	at kotlinx.coroutines.BuildersKt.runBlocking$default(Unknown Source)
	at io.kotest.core.runtime.ExecutorExecutionContext.executeWithTimeoutInterruption-D5N0EJY(ExecutorExecutionContext.kt:46)
	at io.kotest.core.runtime.TestCaseExecutor$executeAndWait$2.invokeSuspend(TestCaseExecutor.kt:182)
	at io.kotest.core.runtime.TestCaseExecutor$executeAndWait$2.invoke(TestCaseExecutor.kt)
	at kotlinx.coroutines.intrinsics.UndispatchedKt.startUndispatchedOrReturnIgnoreTimeout(Undispatched.kt:102)
	at kotlinx.coroutines.TimeoutKt.setupTimeout(Timeout.kt:111)
	at kotlinx.coroutines.TimeoutKt.withTimeout(Timeout.kt:32)
	at io.kotest.core.runtime.TestCaseExecutor.executeAndWait(TestCaseExecutor.kt:180)
	at io.kotest.core.runtime.TestCaseExecutor.invokeTestCase(TestCaseExecutor.kt:149)
	at io.kotest.core.runtime.TestCaseExecutor.executeActiveTest(TestCaseExecutor.kt:118)
	at io.kotest.core.runtime.TestCaseExecutor$intercept$2.invokeSuspend(TestCaseExecutor.kt:69)
	at io.kotest.core.runtime.TestCaseExecutor$intercept$2.invoke(TestCaseExecutor.kt)
	at io.kotest.core.runtime.TestCaseExecutor.executeIfActive(TestCaseExecutor.kt:83)
	at io.kotest.core.runtime.TestCaseExecutor.intercept(TestCaseExecutor.kt:69)
	at io.kotest.core.runtime.TestCaseExecutor.execute(TestCaseExecutor.kt:50)
	at io.kotest.core.engine.SingleInstanceSpecRunner.runTest(SingleInstanceSpecRunner.kt:61)
	at io.kotest.core.engine.SingleInstanceSpecRunner$Context.registerTestCase(SingleInstanceSpecRunner.kt:39)
	at io.kotest.core.runtime.TestCaseExecutor$executeAndWait$2$1$1$3$1$contextp$1.registerTestCase(TestCaseExecutor.kt:192)
	at io.kotest.core.test.TestContext.registerTestCase(TestContext.kt:41)
	at io.kotest.core.spec.style.scopes.ContainerScope$DefaultImpls.addTest(ContainerScope.kt:50)
	at io.kotest.core.spec.style.scopes.FreeScope.addTest(FreeScope.kt:10)
	at io.kotest.core.spec.style.scopes.ContainerScope$DefaultImpls.addTest(ContainerScope.kt:39)
	at io.kotest.core.spec.style.scopes.FreeScope.addTest(FreeScope.kt:10)
	at io.kotest.core.spec.style.scopes.FreeScope.invoke(FreeScope.kt:31)
	at PluginTest$1$6$2.invokeSuspend(TestPlugin.kt:85)
	at PluginTest$1$6$2.invoke(TestPlugin.kt)
	at io.kotest.core.spec.style.scopes.FreeScope$minus$2.invokeSuspend(FreeScope.kt:20)
	at io.kotest.core.spec.style.scopes.FreeScope$minus$2.invoke(FreeScope.kt)
	at io.kotest.core.runtime.ExecutionsKt$executeWithBehaviours$2$1.invokeSuspend(executions.kt:16)
	at io.kotest.core.runtime.ExecutionsKt$executeWithBehaviours$2$1.invoke(executions.kt)
	at io.kotest.core.runtime.ExecutionsKt.wrapTestWithGlobalAssert(executions.kt:43)
	at io.kotest.core.runtime.ExecutionsKt$executeWithBehaviours$2.invokeSuspend(executions.kt:15)
	at io.kotest.core.runtime.ExecutionsKt$executeWithBehaviours$2.invoke(executions.kt)
	at io.kotest.core.runtime.ExecutionsKt.wrapTestWithAssertionModeCheck(executions.kt:27)
	at io.kotest.core.runtime.ExecutionsKt.executeWithBehaviours(executions.kt:14)
	at io.kotest.core.runtime.TestCaseExecutor$executeAndWait$2$1$1$3$1.invokeSuspend(TestCaseExecutor.kt:195)
	at io.kotest.core.runtime.TestCaseExecutor$executeAndWait$2$1$1$3$1.invoke(TestCaseExecutor.kt)
	at kotlinx.coroutines.intrinsics.UndispatchedKt.startUndispatchedOrReturn(Undispatched.kt:91)
	at kotlinx.coroutines.CoroutineScopeKt.coroutineScope(CoroutineScope.kt:189)
	at io.kotest.core.runtime.TestCaseExecutor$executeAndWait$2$1$1$3.invokeSuspend(TestCaseExecutor.kt:189)
	at io.kotest.core.runtime.TestCaseExecutor$executeAndWait$2$1$1$3.invoke(TestCaseExecutor.kt)
	at io.kotest.core.runtime.ReplayKt.replay(replay.kt:19)
	at io.kotest.core.runtime.TestCaseExecutor$executeAndWait$2$1$1.invokeSuspend(TestCaseExecutor.kt:184)
	at io.kotest.core.runtime.TestCaseExecutor$executeAndWait$2$1$1.invoke(TestCaseExecutor.kt)
	at kotlinx.coroutines.intrinsics.UndispatchedKt.startUndispatchedOrReturnIgnoreTimeout(Undispatched.kt:102)
	at kotlinx.coroutines.TimeoutKt.setupTimeout(Timeout.kt:111)
	at kotlinx.coroutines.TimeoutKt.withTimeout(Timeout.kt:32)
	at io.kotest.core.runtime.TestCaseExecutor$executeAndWait$2$1.invokeSuspend(TestCaseExecutor.kt:183)
	at io.kotest.core.runtime.TestCaseExecutor$executeAndWait$2$1.invoke(TestCaseExecutor.kt)
	at io.kotest.core.runtime.ExecutorExecutionContext$executeWithTimeoutInterruption$$inlined$suspendCoroutine$lambda$2.invokeSuspend(ExecutorExecutionContext.kt:47)
	at kotlin.coroutines.jvm.internal.BaseContinuationImpl.resumeWith(ContinuationImpl.kt:33)
	at kotlinx.coroutines.DispatchedTask.run(DispatchedTask.kt:56)
	at kotlinx.coroutines.EventLoopImplBase.processNextEvent(EventLoop.common.kt:274)
	at kotlinx.coroutines.BlockingCoroutine.joinBlocking(Builders.kt:79)
	at kotlinx.coroutines.BuildersKt__BuildersKt.runBlocking(Builders.kt:54)
	at kotlinx.coroutines.BuildersKt.runBlocking(Unknown Source)
	at kotlinx.coroutines.BuildersKt__BuildersKt.runBlocking$default(Builders.kt:36)
	at kotlinx.coroutines.BuildersKt.runBlocking$default(Unknown Source)
	at io.kotest.core.runtime.ExecutorExecutionContext.executeWithTimeoutInterruption-D5N0EJY(ExecutorExecutionContext.kt:46)
	at io.kotest.core.runtime.TestCaseExecutor$executeAndWait$2.invokeSuspend(TestCaseExecutor.kt:182)
	at io.kotest.core.runtime.TestCaseExecutor$executeAndWait$2.invoke(TestCaseExecutor.kt)
	at kotlinx.coroutines.intrinsics.UndispatchedKt.startUndispatchedOrReturnIgnoreTimeout(Undispatched.kt:102)
	at kotlinx.coroutines.TimeoutKt.setupTimeout(Timeout.kt:111)
	at kotlinx.coroutines.TimeoutKt.withTimeout(Timeout.kt:32)
	at io.kotest.core.runtime.TestCaseExecutor.executeAndWait(TestCaseExecutor.kt:180)
	at io.kotest.core.runtime.TestCaseExecutor.invokeTestCase(TestCaseExecutor.kt:149)
	at io.kotest.core.runtime.TestCaseExecutor.executeActiveTest(TestCaseExecutor.kt:118)
	at io.kotest.core.runtime.TestCaseExecutor$intercept$2.invokeSuspend(TestCaseExecutor.kt:69)
	at io.kotest.core.runtime.TestCaseExecutor$intercept$2.invoke(TestCaseExecutor.kt)
	at io.kotest.core.runtime.TestCaseExecutor.executeIfActive(TestCaseExecutor.kt:83)
	at io.kotest.core.runtime.TestCaseExecutor.intercept(TestCaseExecutor.kt:69)
	at io.kotest.core.runtime.TestCaseExecutor.execute(TestCaseExecutor.kt:50)
	at io.kotest.core.engine.SingleInstanceSpecRunner.runTest(SingleInstanceSpecRunner.kt:61)
	at io.kotest.core.engine.SingleInstanceSpecRunner$Context.registerTestCase(SingleInstanceSpecRunner.kt:39)
	at io.kotest.core.runtime.TestCaseExecutor$executeAndWait$2$1$1$3$1$contextp$1.registerTestCase(TestCaseExecutor.kt:192)
	at io.kotest.core.test.TestContext.registerTestCase(TestContext.kt:41)
	at io.kotest.core.spec.style.scopes.ContainerScope$DefaultImpls.addTest(ContainerScope.kt:50)
	at io.kotest.core.spec.style.scopes.FreeScope.addTest(FreeScope.kt:10)
	at io.kotest.core.spec.style.scopes.ContainerScope$DefaultImpls.addContainerTest(ContainerScope.kt:35)
	at io.kotest.core.spec.style.scopes.FreeScope.addContainerTest(FreeScope.kt:10)
	at io.kotest.core.spec.style.scopes.FreeScope.minus(FreeScope.kt:19)
	at PluginTest$1$6.invokeSuspend(TestPlugin.kt:71)
	at PluginTest$1$6.invoke(TestPlugin.kt)
	at io.kotest.core.spec.style.scopes.FreeSpecScope$minus$1.invokeSuspend(FreeSpecScope.kt:17)
	at io.kotest.core.spec.style.scopes.FreeSpecScope$minus$1.invoke(FreeSpecScope.kt)
	at io.kotest.core.runtime.ExecutionsKt$executeWithBehaviours$2$1.invokeSuspend(executions.kt:16)
	at io.kotest.core.runtime.ExecutionsKt$executeWithBehaviours$2$1.invoke(executions.kt)
	at io.kotest.core.runtime.ExecutionsKt.wrapTestWithGlobalAssert(executions.kt:43)
	at io.kotest.core.runtime.ExecutionsKt$executeWithBehaviours$2.invokeSuspend(executions.kt:15)
	at io.kotest.core.runtime.ExecutionsKt$executeWithBehaviours$2.invoke(executions.kt)
	at io.kotest.core.runtime.ExecutionsKt.wrapTestWithAssertionModeCheck(executions.kt:27)
	at io.kotest.core.runtime.ExecutionsKt.executeWithBehaviours(executions.kt:14)
	at io.kotest.core.runtime.TestCaseExecutor$executeAndWait$2$1$1$3$1.invokeSuspend(TestCaseExecutor.kt:195)
	at io.kotest.core.runtime.TestCaseExecutor$executeAndWait$2$1$1$3$1.invoke(TestCaseExecutor.kt)
	at kotlinx.coroutines.intrinsics.UndispatchedKt.startUndispatchedOrReturn(Undispatched.kt:91)
	at kotlinx.coroutines.CoroutineScopeKt.coroutineScope(CoroutineScope.kt:189)
	at io.kotest.core.runtime.TestCaseExecutor$executeAndWait$2$1$1$3.invokeSuspend(TestCaseExecutor.kt:189)
	at io.kotest.core.runtime.TestCaseExecutor$executeAndWait$2$1$1$3.invoke(TestCaseExecutor.kt)
	at io.kotest.core.runtime.ReplayKt.replay(replay.kt:19)
	at io.kotest.core.runtime.TestCaseExecutor$executeAndWait$2$1$1.invokeSuspend(TestCaseExecutor.kt:184)
	at io.kotest.core.runtime.TestCaseExecutor$executeAndWait$2$1$1.invoke(TestCaseExecutor.kt)
	at kotlinx.coroutines.intrinsics.UndispatchedKt.startUndispatchedOrReturnIgnoreTimeout(Undispatched.kt:102)
	at kotlinx.coroutines.TimeoutKt.setupTimeout(Timeout.kt:111)
	at kotlinx.coroutines.TimeoutKt.withTimeout(Timeout.kt:32)
	at io.kotest.core.runtime.TestCaseExecutor$executeAndWait$2$1.invokeSuspend(TestCaseExecutor.kt:183)
	at io.kotest.core.runtime.TestCaseExecutor$executeAndWait$2$1.invoke(TestCaseExecutor.kt)
	at io.kotest.core.runtime.ExecutorExecutionContext$executeWithTimeoutInterruption$$inlined$suspendCoroutine$lambda$2.invokeSuspend(ExecutorExecutionContext.kt:47)
	at kotlin.coroutines.jvm.internal.BaseContinuationImpl.resumeWith(ContinuationImpl.kt:33)
	at kotlinx.coroutines.DispatchedTask.run(DispatchedTask.kt:56)
	at kotlinx.coroutines.EventLoopImplBase.processNextEvent(EventLoop.common.kt:274)
	at kotlinx.coroutines.BlockingCoroutine.joinBlocking(Builders.kt:79)
	at kotlinx.coroutines.BuildersKt__BuildersKt.runBlocking(Builders.kt:54)
	at kotlinx.coroutines.BuildersKt.runBlocking(Unknown Source)
	at kotlinx.coroutines.BuildersKt__BuildersKt.runBlocking$default(Builders.kt:36)
	at kotlinx.coroutines.BuildersKt.runBlocking$default(Unknown Source)
	at io.kotest.core.runtime.ExecutorExecutionContext.executeWithTimeoutInterruption-D5N0EJY(ExecutorExecutionContext.kt:46)
	at io.kotest.core.runtime.TestCaseExecutor$executeAndWait$2.invokeSuspend(TestCaseExecutor.kt:182)
	at io.kotest.core.runtime.TestCaseExecutor$executeAndWait$2.invoke(TestCaseExecutor.kt)
	at kotlinx.coroutines.intrinsics.UndispatchedKt.startUndispatchedOrReturnIgnoreTimeout(Undispatched.kt:102)
	at kotlinx.coroutines.TimeoutKt.setupTimeout(Timeout.kt:111)
	at kotlinx.coroutines.TimeoutKt.withTimeout(Timeout.kt:32)
	at io.kotest.core.runtime.TestCaseExecutor.executeAndWait(TestCaseExecutor.kt:180)
	at io.kotest.core.runtime.TestCaseExecutor.invokeTestCase(TestCaseExecutor.kt:149)
	at io.kotest.core.runtime.TestCaseExecutor.executeActiveTest(TestCaseExecutor.kt:118)
	at io.kotest.core.runtime.TestCaseExecutor$intercept$2.invokeSuspend(TestCaseExecutor.kt:69)
	at io.kotest.core.runtime.TestCaseExecutor$intercept$2.invoke(TestCaseExecutor.kt)
	at io.kotest.core.runtime.TestCaseExecutor.executeIfActive(TestCaseExecutor.kt:83)
	at io.kotest.core.runtime.TestCaseExecutor.intercept(TestCaseExecutor.kt:69)
	at io.kotest.core.runtime.TestCaseExecutor.execute(TestCaseExecutor.kt:50)
	at io.kotest.core.engine.SingleInstanceSpecRunner.runTest(SingleInstanceSpecRunner.kt:61)
	at io.kotest.core.engine.SingleInstanceSpecRunner$execute$2$invokeSuspend$$inlined$invoke$lambda$1.invokeSuspend(SingleInstanceSpecRunner.kt:71)
	at io.kotest.core.engine.SingleInstanceSpecRunner$execute$2$invokeSuspend$$inlined$invoke$lambda$1.invoke(SingleInstanceSpecRunner.kt)
	at io.kotest.core.engine.SpecRunner$runParallel$$inlined$map$lambda$2$1.invokeSuspend(SpecRunner.kt:78)
	at kotlin.coroutines.jvm.internal.BaseContinuationImpl.resumeWith(ContinuationImpl.kt:33)
	at kotlinx.coroutines.DispatchedTask.run(DispatchedTask.kt:56)
	at kotlinx.coroutines.EventLoopImplBase.processNextEvent(EventLoop.common.kt:274)
	at kotlinx.coroutines.BlockingCoroutine.joinBlocking(Builders.kt:79)
	at kotlinx.coroutines.BuildersKt__BuildersKt.runBlocking(Builders.kt:54)
	at kotlinx.coroutines.BuildersKt.runBlocking(Unknown Source)
	at kotlinx.coroutines.BuildersKt__BuildersKt.runBlocking$default(Builders.kt:36)
	at kotlinx.coroutines.BuildersKt.runBlocking$default(Unknown Source)
	at io.kotest.core.engine.SpecRunner$runParallel$$inlined$map$lambda$2.run(SpecRunner.kt:77)
	at java.base/java.util.concurrent.Executors$RunnableAdapter.call(Executors.java:515)
	at java.base/java.util.concurrent.FutureTask.run(FutureTask.java:264)
	at java.base/java.util.concurrent.ThreadPoolExecutor.runWorker(ThreadPoolExecutor.java:1128)
	at java.base/java.util.concurrent.ThreadPoolExecutor$Worker.run(ThreadPoolExecutor.java:628)
	at java.base/java.lang.Thread.run(Thread.java:830)
</pre>
</span>
</div>
<div class="test">
<a name="running the plugin with"></a>
<h3 class="failures">running the plugin with</h3>
<span class="code">
<pre>java.lang.AssertionError: &quot;
&gt; Task :greet
property(java.lang.String, fixed(class java.lang.String, Ciao da)) Gradle

Deprecated Gradle features were used in this build, making it incompatible with Gradle 7.0.
Use '--warning-mode all' to show the individual deprecation warnings.
See https://docs.gradle.org/6.5/userguide/command_line_interface.html#sec:command_line_warnings

BUILD SUCCESSFUL in 650ms
1 actionable task: 1 executed
&quot; should include substring &quot;Ciao da Gradle&quot;
	at PluginTest$1$6$2$2.invokeSuspend(TestPlugin.kt:86)
	at PluginTest$1$6$2$2.invoke(TestPlugin.kt)
	at io.kotest.core.runtime.ExecutionsKt$executeWithBehaviours$2$1.invokeSuspend(executions.kt:16)
	at io.kotest.core.runtime.ExecutionsKt$executeWithBehaviours$2$1.invoke(executions.kt)
	at io.kotest.core.runtime.ExecutionsKt.wrapTestWithGlobalAssert(executions.kt:43)
	at io.kotest.core.runtime.ExecutionsKt$executeWithBehaviours$2.invokeSuspend(executions.kt:15)
	at io.kotest.core.runtime.ExecutionsKt$executeWithBehaviours$2.invoke(executions.kt)
	at io.kotest.core.runtime.ExecutionsKt$wrapTestWithAssertionModeCheck$2.invokeSuspend(executions.kt:29)
	at io.kotest.core.runtime.ExecutionsKt$wrapTestWithAssertionModeCheck$2.invoke(executions.kt)
	at io.kotest.core.test.AssertionModeKt.executeWithAssertionsCheck(AssertionMode.kt:39)
	at io.kotest.core.runtime.ExecutionsKt.wrapTestWithAssertionModeCheck(executions.kt:28)
	at io.kotest.core.runtime.ExecutionsKt.executeWithBehaviours(executions.kt:14)
	at io.kotest.core.runtime.TestCaseExecutor$executeAndWait$2$1$1$3$1.invokeSuspend(TestCaseExecutor.kt:195)
	at io.kotest.core.runtime.TestCaseExecutor$executeAndWait$2$1$1$3$1.invoke(TestCaseExecutor.kt)
	at kotlinx.coroutines.intrinsics.UndispatchedKt.startUndispatchedOrReturn(Undispatched.kt:91)
	at kotlinx.coroutines.CoroutineScopeKt.coroutineScope(CoroutineScope.kt:189)
	at io.kotest.core.runtime.TestCaseExecutor$executeAndWait$2$1$1$3.invokeSuspend(TestCaseExecutor.kt:189)
	at io.kotest.core.runtime.TestCaseExecutor$executeAndWait$2$1$1$3.invoke(TestCaseExecutor.kt)
	at io.kotest.core.runtime.ReplayKt.replay(replay.kt:19)
	at io.kotest.core.runtime.TestCaseExecutor$executeAndWait$2$1$1.invokeSuspend(TestCaseExecutor.kt:184)
	at io.kotest.core.runtime.TestCaseExecutor$executeAndWait$2$1$1.invoke(TestCaseExecutor.kt)
	at kotlinx.coroutines.intrinsics.UndispatchedKt.startUndispatchedOrReturnIgnoreTimeout(Undispatched.kt:102)
	at kotlinx.coroutines.TimeoutKt.setupTimeout(Timeout.kt:111)
	at kotlinx.coroutines.TimeoutKt.withTimeout(Timeout.kt:32)
	at io.kotest.core.runtime.TestCaseExecutor$executeAndWait$2$1.invokeSuspend(TestCaseExecutor.kt:183)
	at io.kotest.core.runtime.TestCaseExecutor$executeAndWait$2$1.invoke(TestCaseExecutor.kt)
	at io.kotest.core.runtime.ExecutorExecutionContext$executeWithTimeoutInterruption$$inlined$suspendCoroutine$lambda$2.invokeSuspend(ExecutorExecutionContext.kt:47)
	at ???(Coroutine boundary.?(?)
	at io.kotest.core.runtime.TestCaseExecutor$executeAndWait$2$1$1$3.invokeSuspend(TestCaseExecutor.kt:189)
	at io.kotest.core.runtime.ReplayKt.replay(replay.kt:19)
	at io.kotest.core.runtime.TestCaseExecutor$executeAndWait$2$1$1.invokeSuspend(TestCaseExecutor.kt:188)
	at io.kotest.core.runtime.TestCaseExecutor$executeAndWait$2$1.invokeSuspend(TestCaseExecutor.kt:183)
	at io.kotest.core.runtime.TestCaseExecutor.executeAndWait(TestCaseExecutor.kt:180)
	at io.kotest.core.runtime.TestCaseExecutor.invokeTestCase(TestCaseExecutor.kt:149)
	at io.kotest.core.runtime.TestCaseExecutor.executeActiveTest(TestCaseExecutor.kt:118)
	at io.kotest.core.runtime.TestCaseExecutor$intercept$2.invokeSuspend(TestCaseExecutor.kt:69)
	at io.kotest.core.runtime.TestCaseExecutor.executeIfActive(TestCaseExecutor.kt:83)
	at io.kotest.core.runtime.TestCaseExecutor.intercept(TestCaseExecutor.kt:69)
	at io.kotest.core.runtime.TestCaseExecutor.execute(TestCaseExecutor.kt:50)
	at io.kotest.core.engine.SingleInstanceSpecRunner.runTest(SingleInstanceSpecRunner.kt:61)
	at PluginTest$1$6$2.invokeSuspend(TestPlugin.kt:85)
	at io.kotest.core.spec.style.scopes.FreeScope$minus$2.invokeSuspend(FreeScope.kt:20)
	at io.kotest.core.runtime.ExecutionsKt$executeWithBehaviours$2$1.invokeSuspend(executions.kt:16)
	at io.kotest.core.runtime.ExecutionsKt.wrapTestWithGlobalAssert(executions.kt:43)
	at io.kotest.core.runtime.ExecutionsKt$executeWithBehaviours$2.invokeSuspend(executions.kt:15)
	at io.kotest.core.runtime.ExecutionsKt.wrapTestWithAssertionModeCheck(executions.kt:27)
	at io.kotest.core.runtime.TestCaseExecutor$executeAndWait$2$1$1$3$1.invokeSuspend(TestCaseExecutor.kt:195)
Caused by: java.lang.AssertionError: &quot;
&gt; Task :greet
property(java.lang.String, fixed(class java.lang.String, Ciao da)) Gradle

Deprecated Gradle features were used in this build, making it incompatible with Gradle 7.0.
Use '--warning-mode all' to show the individual deprecation warnings.
See https://docs.gradle.org/6.5/userguide/command_line_interface.html#sec:command_line_warnings

BUILD SUCCESSFUL in 650ms
1 actionable task: 1 executed
&quot; should include substring &quot;Ciao da Gradle&quot;
	at PluginTest$1$6$2$2.invokeSuspend(TestPlugin.kt:86)
	at PluginTest$1$6$2$2.invoke(TestPlugin.kt)
	at io.kotest.core.runtime.ExecutionsKt$executeWithBehaviours$2$1.invokeSuspend(executions.kt:16)
	at io.kotest.core.runtime.ExecutionsKt$executeWithBehaviours$2$1.invoke(executions.kt)
	at io.kotest.core.runtime.ExecutionsKt.wrapTestWithGlobalAssert(executions.kt:43)
	at io.kotest.core.runtime.ExecutionsKt$executeWithBehaviours$2.invokeSuspend(executions.kt:15)
	at io.kotest.core.runtime.ExecutionsKt$executeWithBehaviours$2.invoke(executions.kt)
	at io.kotest.core.runtime.ExecutionsKt$wrapTestWithAssertionModeCheck$2.invokeSuspend(executions.kt:29)
	at io.kotest.core.runtime.ExecutionsKt$wrapTestWithAssertionModeCheck$2.invoke(executions.kt)
	at io.kotest.core.test.AssertionModeKt.executeWithAssertionsCheck(AssertionMode.kt:39)
	at io.kotest.core.runtime.ExecutionsKt.wrapTestWithAssertionModeCheck(executions.kt:28)
	at io.kotest.core.runtime.ExecutionsKt.executeWithBehaviours(executions.kt:14)
	at io.kotest.core.runtime.TestCaseExecutor$executeAndWait$2$1$1$3$1.invokeSuspend(TestCaseExecutor.kt:195)
	at io.kotest.core.runtime.TestCaseExecutor$executeAndWait$2$1$1$3$1.invoke(TestCaseExecutor.kt)
	at kotlinx.coroutines.intrinsics.UndispatchedKt.startUndispatchedOrReturn(Undispatched.kt:91)
	at kotlinx.coroutines.CoroutineScopeKt.coroutineScope(CoroutineScope.kt:189)
	at io.kotest.core.runtime.TestCaseExecutor$executeAndWait$2$1$1$3.invokeSuspend(TestCaseExecutor.kt:189)
	at io.kotest.core.runtime.TestCaseExecutor$executeAndWait$2$1$1$3.invoke(TestCaseExecutor.kt)
	at io.kotest.core.runtime.ReplayKt.replay(replay.kt:19)
	at io.kotest.core.runtime.TestCaseExecutor$executeAndWait$2$1$1.invokeSuspend(TestCaseExecutor.kt:184)
	at io.kotest.core.runtime.TestCaseExecutor$executeAndWait$2$1$1.invoke(TestCaseExecutor.kt)
	at kotlinx.coroutines.intrinsics.UndispatchedKt.startUndispatchedOrReturnIgnoreTimeout(Undispatched.kt:102)
	at kotlinx.coroutines.TimeoutKt.setupTimeout(Timeout.kt:111)
	at kotlinx.coroutines.TimeoutKt.withTimeout(Timeout.kt:32)
	at io.kotest.core.runtime.TestCaseExecutor$executeAndWait$2$1.invokeSuspend(TestCaseExecutor.kt:183)
	at io.kotest.core.runtime.TestCaseExecutor$executeAndWait$2$1.invoke(TestCaseExecutor.kt)
	at io.kotest.core.runtime.ExecutorExecutionContext$executeWithTimeoutInterruption$$inlined$suspendCoroutine$lambda$2.invokeSuspend(ExecutorExecutionContext.kt:47)
	at kotlin.coroutines.jvm.internal.BaseContinuationImpl.resumeWith(ContinuationImpl.kt:33)
	at kotlinx.coroutines.DispatchedTask.run(DispatchedTask.kt:56)
	at kotlinx.coroutines.EventLoopImplBase.processNextEvent(EventLoop.common.kt:274)
	at kotlinx.coroutines.BlockingCoroutine.joinBlocking(Builders.kt:79)
	at kotlinx.coroutines.BuildersKt__BuildersKt.runBlocking(Builders.kt:54)
	at kotlinx.coroutines.BuildersKt.runBlocking(Unknown Source)
	at kotlinx.coroutines.BuildersKt__BuildersKt.runBlocking$default(Builders.kt:36)
	at kotlinx.coroutines.BuildersKt.runBlocking$default(Unknown Source)
	at io.kotest.core.runtime.ExecutorExecutionContext.executeWithTimeoutInterruption-D5N0EJY(ExecutorExecutionContext.kt:46)
	at io.kotest.core.runtime.TestCaseExecutor$executeAndWait$2.invokeSuspend(TestCaseExecutor.kt:182)
	at io.kotest.core.runtime.TestCaseExecutor$executeAndWait$2.invoke(TestCaseExecutor.kt)
	at kotlinx.coroutines.intrinsics.UndispatchedKt.startUndispatchedOrReturnIgnoreTimeout(Undispatched.kt:102)
	at kotlinx.coroutines.TimeoutKt.setupTimeout(Timeout.kt:111)
	at kotlinx.coroutines.TimeoutKt.withTimeout(Timeout.kt:32)
	at io.kotest.core.runtime.TestCaseExecutor.executeAndWait(TestCaseExecutor.kt:180)
	at io.kotest.core.runtime.TestCaseExecutor.invokeTestCase(TestCaseExecutor.kt:149)
	at io.kotest.core.runtime.TestCaseExecutor.executeActiveTest(TestCaseExecutor.kt:118)
	at io.kotest.core.runtime.TestCaseExecutor$intercept$2.invokeSuspend(TestCaseExecutor.kt:69)
	at io.kotest.core.runtime.TestCaseExecutor$intercept$2.invoke(TestCaseExecutor.kt)
	at io.kotest.core.runtime.TestCaseExecutor.executeIfActive(TestCaseExecutor.kt:83)
	at io.kotest.core.runtime.TestCaseExecutor.intercept(TestCaseExecutor.kt:69)
	at io.kotest.core.runtime.TestCaseExecutor.execute(TestCaseExecutor.kt:50)
	at io.kotest.core.engine.SingleInstanceSpecRunner.runTest(SingleInstanceSpecRunner.kt:61)
	at io.kotest.core.engine.SingleInstanceSpecRunner$Context.registerTestCase(SingleInstanceSpecRunner.kt:39)
	at io.kotest.core.runtime.TestCaseExecutor$executeAndWait$2$1$1$3$1$contextp$1.registerTestCase(TestCaseExecutor.kt:192)
	at io.kotest.core.test.TestContext.registerTestCase(TestContext.kt:41)
	at io.kotest.core.spec.style.scopes.ContainerScope$DefaultImpls.addTest(ContainerScope.kt:50)
	at io.kotest.core.spec.style.scopes.FreeScope.addTest(FreeScope.kt:10)
	at io.kotest.core.spec.style.scopes.ContainerScope$DefaultImpls.addTest(ContainerScope.kt:39)
	at io.kotest.core.spec.style.scopes.FreeScope.addTest(FreeScope.kt:10)
	at io.kotest.core.spec.style.scopes.FreeScope.invoke(FreeScope.kt:31)
	at PluginTest$1$6$2.invokeSuspend(TestPlugin.kt:85)
	at PluginTest$1$6$2.invoke(TestPlugin.kt)
	at io.kotest.core.spec.style.scopes.FreeScope$minus$2.invokeSuspend(FreeScope.kt:20)
	at io.kotest.core.spec.style.scopes.FreeScope$minus$2.invoke(FreeScope.kt)
	at io.kotest.core.runtime.ExecutionsKt$executeWithBehaviours$2$1.invokeSuspend(executions.kt:16)
	at io.kotest.core.runtime.ExecutionsKt$executeWithBehaviours$2$1.invoke(executions.kt)
	at io.kotest.core.runtime.ExecutionsKt.wrapTestWithGlobalAssert(executions.kt:43)
	at io.kotest.core.runtime.ExecutionsKt$executeWithBehaviours$2.invokeSuspend(executions.kt:15)
	at io.kotest.core.runtime.ExecutionsKt$executeWithBehaviours$2.invoke(executions.kt)
	at io.kotest.core.runtime.ExecutionsKt.wrapTestWithAssertionModeCheck(executions.kt:27)
	at io.kotest.core.runtime.ExecutionsKt.executeWithBehaviours(executions.kt:14)
	at io.kotest.core.runtime.TestCaseExecutor$executeAndWait$2$1$1$3$1.invokeSuspend(TestCaseExecutor.kt:195)
	at io.kotest.core.runtime.TestCaseExecutor$executeAndWait$2$1$1$3$1.invoke(TestCaseExecutor.kt)
	at kotlinx.coroutines.intrinsics.UndispatchedKt.startUndispatchedOrReturn(Undispatched.kt:91)
	at kotlinx.coroutines.CoroutineScopeKt.coroutineScope(CoroutineScope.kt:189)
	at io.kotest.core.runtime.TestCaseExecutor$executeAndWait$2$1$1$3.invokeSuspend(TestCaseExecutor.kt:189)
	at io.kotest.core.runtime.TestCaseExecutor$executeAndWait$2$1$1$3.invoke(TestCaseExecutor.kt)
	at io.kotest.core.runtime.ReplayKt.replay(replay.kt:19)
	at io.kotest.core.runtime.TestCaseExecutor$executeAndWait$2$1$1.invokeSuspend(TestCaseExecutor.kt:184)
	at io.kotest.core.runtime.TestCaseExecutor$executeAndWait$2$1$1.invoke(TestCaseExecutor.kt)
	at kotlinx.coroutines.intrinsics.UndispatchedKt.startUndispatchedOrReturnIgnoreTimeout(Undispatched.kt:102)
	at kotlinx.coroutines.TimeoutKt.setupTimeout(Timeout.kt:111)
	at kotlinx.coroutines.TimeoutKt.withTimeout(Timeout.kt:32)
	at io.kotest.core.runtime.TestCaseExecutor$executeAndWait$2$1.invokeSuspend(TestCaseExecutor.kt:183)
	at io.kotest.core.runtime.TestCaseExecutor$executeAndWait$2$1.invoke(TestCaseExecutor.kt)
	at io.kotest.core.runtime.ExecutorExecutionContext$executeWithTimeoutInterruption$$inlined$suspendCoroutine$lambda$2.invokeSuspend(ExecutorExecutionContext.kt:47)
	at kotlin.coroutines.jvm.internal.BaseContinuationImpl.resumeWith(ContinuationImpl.kt:33)
	at kotlinx.coroutines.DispatchedTask.run(DispatchedTask.kt:56)
	at kotlinx.coroutines.EventLoopImplBase.processNextEvent(EventLoop.common.kt:274)
	at kotlinx.coroutines.BlockingCoroutine.joinBlocking(Builders.kt:79)
	at kotlinx.coroutines.BuildersKt__BuildersKt.runBlocking(Builders.kt:54)
	at kotlinx.coroutines.BuildersKt.runBlocking(Unknown Source)
	at kotlinx.coroutines.BuildersKt__BuildersKt.runBlocking$default(Builders.kt:36)
	at kotlinx.coroutines.BuildersKt.runBlocking$default(Unknown Source)
	at io.kotest.core.runtime.ExecutorExecutionContext.executeWithTimeoutInterruption-D5N0EJY(ExecutorExecutionContext.kt:46)
	at io.kotest.core.runtime.TestCaseExecutor$executeAndWait$2.invokeSuspend(TestCaseExecutor.kt:182)
	at io.kotest.core.runtime.TestCaseExecutor$executeAndWait$2.invoke(TestCaseExecutor.kt)
	at kotlinx.coroutines.intrinsics.UndispatchedKt.startUndispatchedOrReturnIgnoreTimeout(Undispatched.kt:102)
	at kotlinx.coroutines.TimeoutKt.setupTimeout(Timeout.kt:111)
	at kotlinx.coroutines.TimeoutKt.withTimeout(Timeout.kt:32)
	at io.kotest.core.runtime.TestCaseExecutor.executeAndWait(TestCaseExecutor.kt:180)
	at io.kotest.core.runtime.TestCaseExecutor.invokeTestCase(TestCaseExecutor.kt:149)
	at io.kotest.core.runtime.TestCaseExecutor.executeActiveTest(TestCaseExecutor.kt:118)
	at io.kotest.core.runtime.TestCaseExecutor$intercept$2.invokeSuspend(TestCaseExecutor.kt:69)
	at io.kotest.core.runtime.TestCaseExecutor$intercept$2.invoke(TestCaseExecutor.kt)
	at io.kotest.core.runtime.TestCaseExecutor.executeIfActive(TestCaseExecutor.kt:83)
	at io.kotest.core.runtime.TestCaseExecutor.intercept(TestCaseExecutor.kt:69)
	at io.kotest.core.runtime.TestCaseExecutor.execute(TestCaseExecutor.kt:50)
	at io.kotest.core.engine.SingleInstanceSpecRunner.runTest(SingleInstanceSpecRunner.kt:61)
	at io.kotest.core.engine.SingleInstanceSpecRunner$Context.registerTestCase(SingleInstanceSpecRunner.kt:39)
	at io.kotest.core.runtime.TestCaseExecutor$executeAndWait$2$1$1$3$1$contextp$1.registerTestCase(TestCaseExecutor.kt:192)
	at io.kotest.core.test.TestContext.registerTestCase(TestContext.kt:41)
	at io.kotest.core.spec.style.scopes.ContainerScope$DefaultImpls.addTest(ContainerScope.kt:50)
	at io.kotest.core.spec.style.scopes.FreeScope.addTest(FreeScope.kt:10)
	at io.kotest.core.spec.style.scopes.ContainerScope$DefaultImpls.addContainerTest(ContainerScope.kt:35)
	at io.kotest.core.spec.style.scopes.FreeScope.addContainerTest(FreeScope.kt:10)
	at io.kotest.core.spec.style.scopes.FreeScope.minus(FreeScope.kt:19)
	at PluginTest$1$6.invokeSuspend(TestPlugin.kt:71)
	at PluginTest$1$6.invoke(TestPlugin.kt)
	at io.kotest.core.spec.style.scopes.FreeSpecScope$minus$1.invokeSuspend(FreeSpecScope.kt:17)
	at io.kotest.core.spec.style.scopes.FreeSpecScope$minus$1.invoke(FreeSpecScope.kt)
	at io.kotest.core.runtime.ExecutionsKt$executeWithBehaviours$2$1.invokeSuspend(executions.kt:16)
	at io.kotest.core.runtime.ExecutionsKt$executeWithBehaviours$2$1.invoke(executions.kt)
	at io.kotest.core.runtime.ExecutionsKt.wrapTestWithGlobalAssert(executions.kt:43)
	at io.kotest.core.runtime.ExecutionsKt$executeWithBehaviours$2.invokeSuspend(executions.kt:15)
	at io.kotest.core.runtime.ExecutionsKt$executeWithBehaviours$2.invoke(executions.kt)
	at io.kotest.core.runtime.ExecutionsKt.wrapTestWithAssertionModeCheck(executions.kt:27)
	at io.kotest.core.runtime.ExecutionsKt.executeWithBehaviours(executions.kt:14)
	at io.kotest.core.runtime.TestCaseExecutor$executeAndWait$2$1$1$3$1.invokeSuspend(TestCaseExecutor.kt:195)
	at io.kotest.core.runtime.TestCaseExecutor$executeAndWait$2$1$1$3$1.invoke(TestCaseExecutor.kt)
	at kotlinx.coroutines.intrinsics.UndispatchedKt.startUndispatchedOrReturn(Undispatched.kt:91)
	at kotlinx.coroutines.CoroutineScopeKt.coroutineScope(CoroutineScope.kt:189)
	at io.kotest.core.runtime.TestCaseExecutor$executeAndWait$2$1$1$3.invokeSuspend(TestCaseExecutor.kt:189)
	at io.kotest.core.runtime.TestCaseExecutor$executeAndWait$2$1$1$3.invoke(TestCaseExecutor.kt)
	at io.kotest.core.runtime.ReplayKt.replay(replay.kt:19)
	at io.kotest.core.runtime.TestCaseExecutor$executeAndWait$2$1$1.invokeSuspend(TestCaseExecutor.kt:184)
	at io.kotest.core.runtime.TestCaseExecutor$executeAndWait$2$1$1.invoke(TestCaseExecutor.kt)
	at kotlinx.coroutines.intrinsics.UndispatchedKt.startUndispatchedOrReturnIgnoreTimeout(Undispatched.kt:102)
	at kotlinx.coroutines.TimeoutKt.setupTimeout(Timeout.kt:111)
	at kotlinx.coroutines.TimeoutKt.withTimeout(Timeout.kt:32)
	at io.kotest.core.runtime.TestCaseExecutor$executeAndWait$2$1.invokeSuspend(TestCaseExecutor.kt:183)
	at io.kotest.core.runtime.TestCaseExecutor$executeAndWait$2$1.invoke(TestCaseExecutor.kt)
	at io.kotest.core.runtime.ExecutorExecutionContext$executeWithTimeoutInterruption$$inlined$suspendCoroutine$lambda$2.invokeSuspend(ExecutorExecutionContext.kt:47)
	at kotlin.coroutines.jvm.internal.BaseContinuationImpl.resumeWith(ContinuationImpl.kt:33)
	at kotlinx.coroutines.DispatchedTask.run(DispatchedTask.kt:56)
	at kotlinx.coroutines.EventLoopImplBase.processNextEvent(EventLoop.common.kt:274)
	at kotlinx.coroutines.BlockingCoroutine.joinBlocking(Builders.kt:79)
	at kotlinx.coroutines.BuildersKt__BuildersKt.runBlocking(Builders.kt:54)
	at kotlinx.coroutines.BuildersKt.runBlocking(Unknown Source)
	at kotlinx.coroutines.BuildersKt__BuildersKt.runBlocking$default(Builders.kt:36)
	at kotlinx.coroutines.BuildersKt.runBlocking$default(Unknown Source)
	at io.kotest.core.runtime.ExecutorExecutionContext.executeWithTimeoutInterruption-D5N0EJY(ExecutorExecutionContext.kt:46)
	at io.kotest.core.runtime.TestCaseExecutor$executeAndWait$2.invokeSuspend(TestCaseExecutor.kt:182)
	at io.kotest.core.runtime.TestCaseExecutor$executeAndWait$2.invoke(TestCaseExecutor.kt)
	at kotlinx.coroutines.intrinsics.UndispatchedKt.startUndispatchedOrReturnIgnoreTimeout(Undispatched.kt:102)
	at kotlinx.coroutines.TimeoutKt.setupTimeout(Timeout.kt:111)
	at kotlinx.coroutines.TimeoutKt.withTimeout(Timeout.kt:32)
	at io.kotest.core.runtime.TestCaseExecutor.executeAndWait(TestCaseExecutor.kt:180)
	at io.kotest.core.runtime.TestCaseExecutor.invokeTestCase(TestCaseExecutor.kt:149)
	at io.kotest.core.runtime.TestCaseExecutor.executeActiveTest(TestCaseExecutor.kt:118)
	at io.kotest.core.runtime.TestCaseExecutor$intercept$2.invokeSuspend(TestCaseExecutor.kt:69)
	at io.kotest.core.runtime.TestCaseExecutor$intercept$2.invoke(TestCaseExecutor.kt)
	at io.kotest.core.runtime.TestCaseExecutor.executeIfActive(TestCaseExecutor.kt:83)
	at io.kotest.core.runtime.TestCaseExecutor.intercept(TestCaseExecutor.kt:69)
	at io.kotest.core.runtime.TestCaseExecutor.execute(TestCaseExecutor.kt:50)
	at io.kotest.core.engine.SingleInstanceSpecRunner.runTest(SingleInstanceSpecRunner.kt:61)
	at io.kotest.core.engine.SingleInstanceSpecRunner$execute$2$invokeSuspend$$inlined$invoke$lambda$1.invokeSuspend(SingleInstanceSpecRunner.kt:71)
	at io.kotest.core.engine.SingleInstanceSpecRunner$execute$2$invokeSuspend$$inlined$invoke$lambda$1.invoke(SingleInstanceSpecRunner.kt)
	at io.kotest.core.engine.SpecRunner$runParallel$$inlined$map$lambda$2$1.invokeSuspend(SpecRunner.kt:78)
	at kotlin.coroutines.jvm.internal.BaseContinuationImpl.resumeWith(ContinuationImpl.kt:33)
	at kotlinx.coroutines.DispatchedTask.run(DispatchedTask.kt:56)
	at kotlinx.coroutines.EventLoopImplBase.processNextEvent(EventLoop.common.kt:274)
	at kotlinx.coroutines.BlockingCoroutine.joinBlocking(Builders.kt:79)
	at kotlinx.coroutines.BuildersKt__BuildersKt.runBlocking(Builders.kt:54)
	at kotlinx.coroutines.BuildersKt.runBlocking(Unknown Source)
	at kotlinx.coroutines.BuildersKt__BuildersKt.runBlocking$default(Builders.kt:36)
	at kotlinx.coroutines.BuildersKt.runBlocking$default(Unknown Source)
	at io.kotest.core.engine.SpecRunner$runParallel$$inlined$map$lambda$2.run(SpecRunner.kt:77)
	at java.base/java.util.concurrent.Executors$RunnableAdapter.call(Executors.java:515)
	at java.base/java.util.concurrent.FutureTask.run(FutureTask.java:264)
	at java.base/java.util.concurrent.ThreadPoolExecutor.runWorker(ThreadPoolExecutor.java:1128)
	at java.base/java.util.concurrent.ThreadPoolExecutor$Worker.run(ThreadPoolExecutor.java:628)
	at java.base/java.lang.Thread.run(Thread.java:830)
</pre>
</span>
</div>
</div>
<div id="tab1" class="tab">
<h2>Tests</h2>
<table>
<thead>
<tr>
<th>Test</th>
<th>Duration</th>
<th>Result</th>
</tr>
</thead>
<tr>
<td class="failures">a message in Italian</td>
<td class="failures">0.720s</td>
<td class="failures">failed</td>
</tr>
<tr>
<td class="failures">default configuration should</td>
<td class="failures">6.689s</td>
<td class="failures">failed</td>
</tr>
<tr>
<td class="failures">executionError</td>
<td class="failures">0s</td>
<td class="failures">failed</td>
</tr>
<tr>
<td class="failures">print an hello message</td>
<td class="failures">0.027s</td>
<td class="failures">failed</td>
</tr>
<tr>
<td class="failures">print an hello message</td>
<td class="failures">0.003s</td>
<td class="failures">failed</td>
</tr>
<tr>
<td class="success">run the greet task</td>
<td class="success">0.039s</td>
<td class="success">passed</td>
</tr>
<tr>
<td class="success">run the greet task</td>
<td class="success">0.002s</td>
<td class="success">passed</td>
</tr>
<tr>
<td class="failures">running the plugin with</td>
<td class="failures">7.463s</td>
<td class="failures">failed</td>
</tr>
</table>
</div>
</div>
<div id="footer">
<p>
<div>
<label class="hidden" id="label-for-line-wrapping-toggle" for="line-wrapping-toggle">Wrap lines
<input id="line-wrapping-toggle" type="checkbox" autocomplete="off"/>
</label>
</div>Generated by 
<a href="http://www.gradle.org">Gradle 6.5</a> at 16 ott 2020, 15:05:40</p>
</div>
</div>
</body>
</html>
